<?xml version="1.0" encoding="UTF-8"?>
<!-- Generated by org.testng.reporters.JUnitXMLReporter -->
<testsuite hostname="asplapggnr1" name="Test" tests="2" failures="1" timestamp="21 Feb 2017 08:44:45 GMT" time="0.402" errors="0">
  <testcase name="Test01" time="0.361" classname="testScript.DemoTestClass"/>
  <testcase name="Test02" time="0.006" classname="testScript.DemoTestClass">
    <failure type="java.lang.AssertionError" message="Test case has been failed check log for details!!">
      <![CDATA[java.lang.AssertionError: Test case has been failed check log for details!!
	at utils.Log.fail(Log.java:551)
	at testScript.DemoTestClass.Test02(DemoTestClass.java:32)
... Removed 25 stack frames]]>
    </failure>
  </testcase> <!-- Test02 -->
</testsuite> <!-- Test -->
