<?xml version="1.0" encoding="UTF-8"?>
<!-- Generated by org.testng.reporters.JUnitXMLReporter -->
<testsuite hostname="asplapggnr1" name="Flight Pricing" tests="1" failures="1" timestamp="30 Mar 2017 13:19:34 GMT" time="38.677" errors="0">
  <testcase name="TC_Yatra_Flight_087" time="34.222" classname="com.Yatra.TestScript.Flights.FlightPricing">
    <failure type="org.openqa.selenium.WebDriverException" message="unknown error: Element &amp;lt;p class=&amp;quot;new-blue-button fr book-button js-bookNow relative tc&amp;quot; ng-show=&amp;quot;flt.totalFare&amp;gt;0 &amp;amp;amp;&amp;amp;amp; !queryProp.rescId&amp;quot; analytics=&amp;quot;Flight Option|Book Now&amp;quot; yatratrackable=&amp;quot;Flights|Search|Book Type|Book Now&amp;quot; ng-click=&amp;quot;makePricing({seg:flt.pricingId, from:&amp;apos;&amp;apos;, ttype:queryProp.type},$event,flt);&amp;quot;&amp;gt;...&amp;lt;/p&amp;gt; is not clickable at point (1193, 27). Other element would receive the click: &amp;lt;iframe name=&amp;quot;notification-frame-~197148a1b&amp;quot; id=&amp;quot;webklipper-publisher-widget-container-notification-frame&amp;quot; frameborder=&amp;quot;0&amp;quot; marginheight=&amp;quot;0&amp;quot; marginwidth=&amp;quot;0&amp;quot; data-notification-layout-id=&amp;quot;1af576bb&amp;quot; data-notification-layout-name=&amp;quot;header-desktop&amp;quot; style=&amp;quot;display: block; z-index: 16776272; visibility: visible; height: 35px; width: 100%; overflow: hidden; margin-top: 0px; left: auto; right: 0px; position: fixed; top: 0px;&amp;quot;&amp;gt;&amp;lt;/iframe&amp;gt;
  (Session info: chrome=57.0.2987.133)
  (Driver info: chromedriver=2.28.455520 (cc17746adff54984afff480136733114c6b3704b),platform=Windows NT 6.1.7601 SP1 x86_64) (WARNING: The server did not provide any stacktrace information)
Command duration or timeout: 75 milliseconds
Build info: version: &amp;apos;2.53.1&amp;apos;, revision: &amp;apos;a36b8b1&amp;apos;, time: &amp;apos;2016-06-30 17:37:03&amp;apos;
System info: host: &amp;apos;asplapggnr1&amp;apos;, ip: &amp;apos;192.168.30.18&amp;apos;, os.name: &amp;apos;Windows 7&amp;apos;, os.arch: &amp;apos;amd64&amp;apos;, os.version: &amp;apos;6.1&amp;apos;, java.version: &amp;apos;1.8.0_60&amp;apos;
Driver info: org.openqa.selenium.chrome.ChromeDriver
Capabilities [{applicationCacheEnabled=false, rotatable=false, mobileEmulationEnabled=false, networkConnectionEnabled=false, chrome={chromedriverVersion=2.28.455520 (cc17746adff54984afff480136733114c6b3704b), userDataDir=C:\Users\HARVEE~1.YAT\AppData\Local\Temp\scoped_dir7124_24717}, takesHeapSnapshot=true, pageLoadStrategy=normal, databaseEnabled=false, handlesAlerts=true, hasTouchScreen=false, version=57.0.2987.133, platform=XP, browserConnectionEnabled=false, nativeEvents=true, acceptSslCerts=true, locationContextEnabled=true, webStorageEnabled=true, browserName=chrome, takesScreenshot=true, javascriptEnabled=true, cssSelectorsEnabled=true, unexpectedAlertBehaviour=}]
Session ID: 57483e4c3cd79026597652312643399f
Command duration or timeout: 485 milliseconds
Build info: version: &amp;apos;2.53.1&amp;apos;, revision: &amp;apos;a36b8b1cd5757287168e54b817830adce9b0158d&amp;apos;, time: &amp;apos;2016-06-30 19:26:09&amp;apos;
System info: host: &amp;apos;asplapggnr1&amp;apos;, ip: &amp;apos;192.168.30.18&amp;apos;, os.name: &amp;apos;Windows 7&amp;apos;, os.arch: &amp;apos;amd64&amp;apos;, os.version: &amp;apos;6.1&amp;apos;, java.version: &amp;apos;1.8.0_60&amp;apos;
Driver info: org.openqa.selenium.remote.RemoteWebDriver
Capabilities [{applicationCacheEnabled=false, rotatable=false, mobileEmulationEnabled=false, networkConnectionEnabled=false, chrome={chromedriverVersion=2.28.455520 (cc17746adff54984afff480136733114c6b3704b), userDataDir=C:\Users\HARVEE~1.YAT\AppData\Local\Temp\scoped_dir7124_24717}, takesHeapSnapshot=true, pageLoadStrategy=normal, databaseEnabled=false, handlesAlerts=true, hasTouchScreen=false, version=57.0.2987.133, platform=XP, browserConnectionEnabled=false, nativeEvents=true, acceptSslCerts=true, webdriver.remote.sessionid=32df696f-3038-4fc3-848b-05a796608e29, locationContextEnabled=true, webStorageEnabled=true, browserName=chrome, takesScreenshot=true, javascriptEnabled=true, cssSelectorsEnabled=true, unexpectedAlertBehaviour=}]
Session ID: 32df696f-3038-4fc3-848b-05a796608e29">
      <![CDATA[org.openqa.selenium.WebDriverException: unknown error: Element <p class="new-blue-button fr book-button js-bookNow relative tc" ng-show="flt.totalFare>0 &amp;&amp; !queryProp.rescId" analytics="Flight Option|Book Now" yatratrackable="Flights|Search|Book Type|Book Now" ng-click="makePricing({seg:flt.pricingId, from:'', ttype:queryProp.type},$event,flt);">...</p> is not clickable at point (1193, 27). Other element would receive the click: <iframe name="notification-frame-~197148a1b" id="webklipper-publisher-widget-container-notification-frame" frameborder="0" marginheight="0" marginwidth="0" data-notification-layout-id="1af576bb" data-notification-layout-name="header-desktop" style="display: block; z-index: 16776272; visibility: visible; height: 35px; width: 100%; overflow: hidden; margin-top: 0px; left: auto; right: 0px; position: fixed; top: 0px;"></iframe>
  (Session info: chrome=57.0.2987.133)
  (Driver info: chromedriver=2.28.455520 (cc17746adff54984afff480136733114c6b3704b),platform=Windows NT 6.1.7601 SP1 x86_64) (WARNING: The server did not provide any stacktrace information)
Command duration or timeout: 75 milliseconds
Build info: version: '2.53.1', revision: 'a36b8b1', time: '2016-06-30 17:37:03'
System info: host: 'asplapggnr1', ip: '192.168.30.18', os.name: 'Windows 7', os.arch: 'amd64', os.version: '6.1', java.version: '1.8.0_60'
Driver info: org.openqa.selenium.chrome.ChromeDriver
Capabilities [{applicationCacheEnabled=false, rotatable=false, mobileEmulationEnabled=false, networkConnectionEnabled=false, chrome={chromedriverVersion=2.28.455520 (cc17746adff54984afff480136733114c6b3704b), userDataDir=C:\Users\HARVEE~1.YAT\AppData\Local\Temp\scoped_dir7124_24717}, takesHeapSnapshot=true, pageLoadStrategy=normal, databaseEnabled=false, handlesAlerts=true, hasTouchScreen=false, version=57.0.2987.133, platform=XP, browserConnectionEnabled=false, nativeEvents=true, acceptSslCerts=true, locationContextEnabled=true, webStorageEnabled=true, browserName=chrome, takesScreenshot=true, javascriptEnabled=true, cssSelectorsEnabled=true, unexpectedAlertBehaviour=}]
Session ID: 57483e4c3cd79026597652312643399f
Command duration or timeout: 485 milliseconds
Build info: version: '2.53.1', revision: 'a36b8b1cd5757287168e54b817830adce9b0158d', time: '2016-06-30 19:26:09'
System info: host: 'asplapggnr1', ip: '192.168.30.18', os.name: 'Windows 7', os.arch: 'amd64', os.version: '6.1', java.version: '1.8.0_60'
Driver info: org.openqa.selenium.remote.RemoteWebDriver
Capabilities [{applicationCacheEnabled=false, rotatable=false, mobileEmulationEnabled=false, networkConnectionEnabled=false, chrome={chromedriverVersion=2.28.455520 (cc17746adff54984afff480136733114c6b3704b), userDataDir=C:\Users\HARVEE~1.YAT\AppData\Local\Temp\scoped_dir7124_24717}, takesHeapSnapshot=true, pageLoadStrategy=normal, databaseEnabled=false, handlesAlerts=true, hasTouchScreen=false, version=57.0.2987.133, platform=XP, browserConnectionEnabled=false, nativeEvents=true, acceptSslCerts=true, webdriver.remote.sessionid=32df696f-3038-4fc3-848b-05a796608e29, locationContextEnabled=true, webStorageEnabled=true, browserName=chrome, takesScreenshot=true, javascriptEnabled=true, cssSelectorsEnabled=true, unexpectedAlertBehaviour=}]
Session ID: 32df696f-3038-4fc3-848b-05a796608e29
	at org.openqa.selenium.remote.ErrorHandler.createThrowable(ErrorHandler.java:206)
	at org.openqa.selenium.remote.ErrorHandler.throwIfResponseFailed(ErrorHandler.java:158)
	at org.openqa.selenium.remote.RemoteWebDriver.execute(RemoteWebDriver.java:678)
	at org.openqa.selenium.remote.RemoteWebElement.execute(RemoteWebElement.java:327)
	at org.openqa.selenium.remote.RemoteWebElement.click(RemoteWebElement.java:85)
	at com.Yatra.Utils.BrowserActions.clickOnElement(BrowserActions.java:154)
	at com.Yatra.Pages.SearchResult.clickOnBookNowInOneWay(SearchResult.java:292)
	at com.Yatra.TestScript.Flights.FlightPricing.TC_Yatra_Flight_087(FlightPricing.java:90)
Caused by: org.openqa.selenium.remote.ScreenshotException: Screen shot has been taken
Build info: version: '2.53.1', revision: 'a36b8b1cd5757287168e54b817830adce9b0158d', time: '2016-06-30 19:26:09'
System info: host: 'asplapggnr1', ip: '192.168.30.18', os.name: 'Windows 7', os.arch: 'amd64', os.version: '6.1', java.version: '1.8.0_60'
Driver info: driver.version: RemoteWebDriver
	at org.openqa.selenium.remote.ErrorHandler.throwIfResponseFailed(ErrorHandler.java:138)
	... 33 more
Caused by: org.openqa.selenium.WebDriverException: unknown error: Element <p class="new-blue-button fr book-button js-bookNow relative tc" ng-show="flt.totalFare>0 &amp;&amp; !queryProp.rescId" analytics="Flight Option|Book Now" yatratrackable="Flights|Search|Book Type|Book Now" ng-click="makePricing({seg:flt.pricingId, from:'', ttype:queryProp.type},$event,flt);">...</p> is not clickable at point (1193, 27). Other element would receive the click: <iframe name="notification-frame-~197148a1b" id="webklipper-publisher-widget-container-notification-frame" frameborder="0" marginheight="0" marginwidth="0" data-notification-layout-id="1af576bb" data-notification-layout-name="header-desktop" style="display: block; z-index: 16776272; visibility: visible; height: 35px; width: 100%; overflow: hidden; margin-top: 0px; left: auto; right: 0px; position: fixed; top: 0px;"></iframe>
  (Session info: chrome=57.0.2987.133)
  (Driver info: chromedriver=2.28.455520 (cc17746adff54984afff480136733114c6b3704b),platform=Windows NT 6.1.7601 SP1 x86_64) (WARNING: The server did not provide any stacktrace information)
Command duration or timeout: 75 milliseconds
Build info: version: '2.53.1', revision: 'a36b8b1', time: '2016-06-30 17:37:03'
System info: host: 'asplapggnr1', ip: '192.168.30.18', os.name: 'Windows 7', os.arch: 'amd64', os.version: '6.1', java.version: '1.8.0_60'
Driver info: org.openqa.selenium.chrome.ChromeDriver
Capabilities [{applicationCacheEnabled=false, rotatable=false, mobileEmulationEnabled=false, networkConnectionEnabled=false, chrome={chromedriverVersion=2.28.455520 (cc17746adff54984afff480136733114c6b3704b), userDataDir=C:\Users\HARVEE~1.YAT\AppData\Local\Temp\scoped_dir7124_24717}, takesHeapSnapshot=true, pageLoadStrategy=normal, databaseEnabled=false, handlesAlerts=true, hasTouchScreen=false, version=57.0.2987.133, platform=XP, browserConnectionEnabled=false, nativeEvents=true, acceptSslCerts=true, locationContextEnabled=true, webStorageEnabled=true, browserName=chrome, takesScreenshot=true, javascriptEnabled=true, cssSelectorsEnabled=true, unexpectedAlertBehaviour=}]
Session ID: 57483e4c3cd79026597652312643399f
Build info: version: '2.53.1', revision: 'a36b8b1cd5757287168e54b817830adce9b0158d', time: '2016-06-30 19:26:09'
System info: host: 'asplapggnr1', ip: '192.168.30.18', os.name: 'Windows 7', os.arch: 'amd64', os.version: '6.1', java.version: '1.8.0_60'
Driver info: driver.version: RemoteWebDriver
	at org.openqa.selenium.remote.ErrorHandler.createThrowable(ErrorHandler.java:206)
	at org.openqa.selenium.remote.ErrorHandler.throwIfResponseFailed(ErrorHandler.java:158)
	at org.openqa.selenium.remote.RemoteWebDriver.execute(RemoteWebDriver.java:678)
	at org.openqa.selenium.remote.RemoteWebElement.execute(RemoteWebElement.java:327)
	at org.openqa.selenium.remote.RemoteWebElement.click(RemoteWebElement.java:85)
	at org.openqa.selenium.support.events.EventFiringWebDriver$EventFiringWebElement$1.invoke(EventFiringWebDriver.java:335)
	at com.sun.proxy.$Proxy3.click(Unknown Source)
	at org.openqa.selenium.support.events.EventFiringWebDriver$EventFiringWebElement.click(EventFiringWebDriver.java:348)
	at org.openqa.selenium.remote.server.KnownElements$1.invoke(KnownElements.java:64)
	at com.sun.proxy.$Proxy4.click(Unknown Source)
	at org.openqa.selenium.remote.server.handler.ClickElement.call(ClickElement.java:30)
	at org.openqa.selenium.remote.server.handler.ClickElement.call(ClickElement.java:1)
	at java.util.concurrent.FutureTask.run(Unknown Source)
	at org.openqa.selenium.remote.server.DefaultSession$1.run(DefaultSession.java:176)
	at java.util.concurrent.ThreadPoolExecutor.runWorker(Unknown Source)
	at java.util.concurrent.ThreadPoolExecutor$Worker.run(Unknown Source)
	at java.lang.Thread.run(Unknown Source)
... Removed 41 stack frames]]>
    </failure>
  </testcase> <!-- TC_Yatra_Flight_087 -->
</testsuite> <!-- Flight Pricing -->
