<!DOCTYPE html PUBLIC "-//W3C//DTD XHTML 1.1//EN" "http://www.w3.org/TR/xhtml11/DTD/xhtml11.dtd">
<html xmlns="http://www.w3.org/1999/xhtml"><head><meta http-equiv="Content-Type" content="text/html;charset=UTF-8" /><script type="text/javascript" src="https://ajax.googleapis.com/ajax/libs/jquery/1.10.2/jquery.min.js">
</script>
<script type="text/javascript" src="https://www.gstatic.com/charts/loader.js"></script>
    <script type="text/javascript">
      google.charts.load('current', {'packages':['corechart']});
      google.charts.setOnLoadCallback(drawChart);
      function drawChart() {
        $(document).ready(function(){
        
        //To getting the pass, fail and skip count from suite summary table
        var passcount=parseInt($("table[id='suitesummary']").find("tr:nth-last-of-type(1) .num:nth-child(2)").text().trim().replace(",",""));
        var skipcount=parseInt($("table[id='suitesummary']").find("tr:nth-last-of-type(1) .num:nth-child(3)").text().trim().replace(",",""));
        var failcount=parseInt($("table[id='suitesummary']").find("tr:nth-last-of-type(1) .num:nth-child(4)").text().trim().replace(",",""));
        
        var data = google.visualization.arrayToDataTable([
          ['Status', 'Count'],
          ['Pass', passcount],
          ['Fail', failcount],
          ['Skip', skipcount]
        ]);

        var options = {
          title: 'Test Result Status',
          width: 400,
          height: 300,        
          colors: ['green', 'red', 'dodgerblue'],
          fontSize: 15,
          fontName: 'Verdana',               
          backgroundColor: { fill:'transparent' },
          chartArea: {'width': '75%', 'height': '75%'}    
        };
        var chart = new google.visualization.PieChart(document.getElementById('chart_div'));
        //To draw the pie chart with data and options
        chart.draw(data, options);
        });
      }
    </script>

<script type="text/javascript">

    function hideTestDetails() {
    
         $("tr[class^='skip'] a:not(:visible),tr[class^='pass'] a:not(:visible),tr[class^='failed'] a:not(:visible)").each(function() {
                $($(this).get(0).getAttribute("href")).hide();
                $($(this).get(0).getAttribute("href")).next().hide();
                $($(this).get(0).getAttribute("href")).next().next().hide();
             });
             
    }
    
    function showTestDetails() {
    
         $("tr[class^='skip'] a:visible,tr[class^='pass'] a:visible,tr[class^='failed'] a:visible").each(function() {
                    $($(this).get(0).getAttribute("href")).show();
                    $($(this).get(0).getAttribute("href")).next().show();
                    $($(this).get(0).getAttribute("href")).next().next().show();
             });
    }
    $(document).ready(function(){
    
        //Change Titles for Suite & Summary Table headers
        $("table[id='suitesummary']").find("th").eq(4).text("Total Duration");
        $("table[id='summary']").find("thead th").eq(0).text("Test Suites");
        $("table[id='summary']").find("thead th").eq(1).text("Test Cases");
        $("table[id='summary']").find("thead th").eq(3).text("Duration");
        $("table[id='suitesummary']").find("tr td:nth-last-of-type(1),th:nth-last-of-type(1)").hide();
        $("table[id='suitesummary']").find("tr td:nth-last-of-type(2),th:nth-last-of-type(2):eq(0)").hide();
    
        $("<th>Pass/Fail</th>").insertBefore($("table[id='summary']").find("th:nth-last-of-type(2)"))  
        $("<th>Bug ID</th>").insertAfter($("table[id='summary']").find("th:nth-of-type(5)")) 
        $("<th>Comments</th>").insertAfter($("table[id='summary']").find("th:nth-of-type(6)"))         
            
              
        $("table[id='summary']").find("tr[class^='pass'] td:nth-last-of-type(2)").each(function() {
        
            if ($(this).get(0).getAttribute("rowSpan") != null)
                $("<td valign=center align=center bgcolor=#009400 rowSpan=" + $(this).get(0).getAttribute("rowSpan") + "><font color='white'>Pass</font></td>").insertBefore($(this));
            else
                $("<td valign=center align=center bgcolor=#009400><font color='white'>Pass</font></td>").insertBefore($(this));
        });
        
        $("table[id='summary']").find("tr[class^='fail'] td:nth-last-of-type(2)").each(function() {
        
            if ($(this).get(0).getAttribute("rowSpan") != null)
                $("<td valign=center align=center bgcolor=#F00000 rowSpan=" + $(this).get(0).getAttribute("rowSpan") + "><font color='white'>Fail</font></td>").insertBefore($(this))
            else
                $("<td valign=center align=center bgcolor=#F00000><font color='white'>Fail</font></td>").insertBefore($(this));
        });

        $("table[id='summary']").find("tr[class^='skip'] td:nth-last-of-type(2)").each(function() {
        
            if ($(this).get(0).getAttribute("rowSpan") != null)
                $("<td valign=center align=center bgcolor=#0080FF rowSpan=" + $(this).get(0).getAttribute("rowSpan") + "><font color='white'>Skip</font></td>").insertBefore($(this))
            else
                $("<td valign=center align=center bgcolor=#0080FF><font color='white'>Skip</font></td>").insertBefore($(this));
        });

        $('a').css('textDecoration','none') //hide hyperlinks underline
        $("body>table:nth-of-type(2) th[colspan]").hide() //Hide site table row headers pass, fail , skip
    
        //Test Start
        $($("table[id='summary']").find("tr[class]")).find("td:last").prev().each(function() {
           var time = new Date($(this).text()/1);
           time = (time.getHours()<10?"0"+time.getHours():time.getHours()) + ":" + (time.getMinutes()<10?"0"+time.getMinutes():time.getMinutes()) + ":" + (time.getSeconds()<10?"0"+time.getSeconds():time.getSeconds());
            $(this).text(time);
         });

        
        //Test Run Duration
        $("table[id='summary']").find("tr[class]").each(function() {
            if ($(this).find("td").length >=3) {
                var milliseconds = $(this).find("td:last").text()/1;
                var seconds = Math.round(milliseconds/1000)%60;
                var minutes = Math.floor(milliseconds/(1000*60))%60;
                var hours = Math.floor(milliseconds/(1000*60*60));
                var time = (hours<10 ? "0"+hours : hours) + ":" + (minutes<10 ? "0"+minutes : minutes) + ":" + (seconds<10 ? "0"+seconds : seconds) ;
                $($(this).find("td:last").get(0)).text(time);
            }
        });
    
        //Test Suite Run Duration - Top Table
        $($("table[id='suitesummary']").find("tr")).find("td:nth-of-type(5)").each(function() {
            var milliseconds = $(this).text().replace(/,/g, "")/1;
            var seconds = Math.round(milliseconds/1000)%60;
            var minutes = Math.floor(milliseconds/(1000*60))%60;
            var hours = Math.floor(milliseconds/(1000*60*60));
            var time = (hours<10 ? "0"+hours : hours) + ":" + (minutes<10 ? "0"+minutes : minutes) + ":" + (seconds<10 ? "0"+seconds : seconds) ;
            $(this).text(time);
        });
        
        //Test Suite Total Duration
        var milliseconds = $("table[id='suitesummary']").get(0).getAttribute("duration")/1;
        var seconds = Math.round(milliseconds/1000)%60;
        var minutes = Math.floor(milliseconds/(1000*60))%60;
        var hours = Math.floor(milliseconds/(1000*60*60));
        var time = (hours<10 ? "0"+hours : hours) + ":" + (minutes<10 ? "0"+minutes : minutes) + ":" + (seconds<10 ? "0"+seconds : seconds) ;
        $("table[id='suitesummary']").find("th:last").prev().text(time);
    
        var header = "<hr size=3 noshade><h2 align=center>" + $("table:eq(0) tr:nth-of-type(2) th:first").text() + "</h2><hr size=3 noshade><br>"
        $(header).insertBefore($("table").get(0));
        $("<h3>Result Summary:</h3>").insertBefore($("table").get(0)); 
        $("table[id='suitesummary']").find("tr:first").before('<tr><th colspan=5>Suite Summary</th></tr>');      
        $("table[id='summary']").find("tr:first").before('<tr><th colspan=7>Test Case Summary</th></tr>');          
        $("<div id='chart_div' style='float: right;margin-right: 120px;margin-bottom: 10px;'></div>").insertBefore($("h3").get(0));      });
     
        
    /*
     * Displays only the test case summary of clicked suite
     */
    $(document).ready(function(){
          
        $("a[href^='#t']").parent().click(function(){
            
            $("tbody[id^='t']").hide();
            var tgtTable = $($($(this).get(0)).children("a").get(0).getAttribute("href"));
            $(tgtTable).show();
            $(tgtTable).find("tr").each(function() {
                $(this).show();
            });
            hideTestDetails();
            showTestDetails();
             
        });
    
        //Preventing click of suite hyper link so function to hide other suite summary is not called
        $("a[href^='#t']").click(function(e){
              e.stopPropagation();
         });
    
    });
    
    /*
     * Double click shows all test cases summary
     */
     
     $(document).ready(function(){
         
         $("table[id='suitesummary']").dblclick(function(){
            
            $("tbody[id^='t']").show();
            $("tr[class^='failed']").show();
            $("tr[class^='skip']").show();
            $("tr[class^='pass']").show();
         
            hideTestDetails();
            showTestDetails();

        });
        
    });
        
     $(document).ready(function(){
         
         $("table:eq(0) tr:last th:first").click(function(){
             $("table[id='suitesummary']").trigger("dblclick");

        });
        
    });    
        
    /*
     * Shows test events on key press of ctrl+alt+e
     */
    window.addEventListener("keyup", checkKeyUp, true);
    window.addEventListener("keydown", checkKeyDown, true);
    var keys = [];
    function checkKeyDown(e) {
        keys[e.keyCode] = true;
        if(keys[17] && keys[18] && keys[69]) {
            $("div[class='test-event']").fadeToggle(500);
        }
    }
    function checkKeyUp(e) {
         keys[e.keyCode] = false;
    }
    
    // Mapping bug id
    $(document).ready(function(){   
    
      $("table[id='summary']").find("thead th").eq(4).text("Start Time");
     
      $("table[id='summary']").find("tr td>a[style]").each(function(index) { 
          if($(this).text().includes("BUGID:") && $(this).text().includes("COMMENTS:")){    
             var bugid = $(this).text().split("BUGID:")[1].split("COMMENTS:")[0].trim()
             var comments = $(this).text().split("COMMENTS:")[1].trim()
             var afterdescription = $(this).text().replace("BUGID:","").replace(bugid,"").replace("COMMENTS:","").replace(comments,"").trim()
             this.text = afterdescription;
             $("<td class='bugid' width='50' valign='center' align='center'><a href='https://demandware.atlassian.net/browse/" +bugid+ "' target='_blank'>"+bugid+"</a></td>").insertAfter($(this).parent().parent().find("td:last"));
             $("<td class='comments' width='750' valign='left' align='left'>"+comments+"</td>").insertAfter($(this).parent().parent().find("td:last"));
          }else if($(this).text().includes("BUGID:")){    
             var bugid = $(this).text().split("BUGID:")[1].trim()
             var afterdescription = $(this).text().replace("BUGID:","").replace(bugid,"").trim()
             this.text = afterdescription;
             $("<td class='bugid' width='50' valign='center' align='center'><a href='https://demandware.atlassian.net/browse/" +bugid+ "' target='_blank'>"+bugid+"</a></td>").insertAfter($(this).parent().parent().find("td:last"));
              $("<td class='comments' width='750' valign='left' align='left'></td>").insertAfter($(this).parent().parent().find("td:last"));
          }else if($(this).text().includes("COMMENTS:")){             
             var comments = $(this).text().split("COMMENTS:")[1].trim()
             var afterdescription = $(this).text().replace("COMMENTS:","").replace(comments,"").trim()
             this.text = afterdescription;
             $("<td class='bugid' width='50' valign='center' align='center'></td>").insertAfter($(this).parent().parent().find("td:last"));   
             $("<td class='comments' width='750' valign='left' align='left'>"+comments+"</td>").insertAfter($(this).parent().parent().find("td:last"));
          }else{
             $("<td class='bugid' width='50' valign='center' align='center'></td>").insertAfter($(this).parent().parent().find("td:last"));
             $("<td class='comments' width='750' valign='left' align='left'></td>").insertAfter($(this).parent().parent().find("td:last"));
             }
      });
     
       //  function isEmpty(val){
       //     return (val === undefined || val == null || val.length <= 0) ? true : false;
       // }       
     });
     
     // updating test suites name
      $(document).ready(function(){
         $( "#summary>tbody[id]>tr>td[rowspan]:nth-child(1)" ).each(function(index) {
           var str = $(this).text();
           var testsuite = str.substring(str.lastIndexOf(".") + 1, str.length);           
           $(this).text(testsuite);
        });        
      });
      
      
      // Removing bug id and comment test in the test title
      $(document).ready(function(){       
       $(".test-title>strong>font").each(function(index) { 
          if($(this).text().includes("BUGID:")){
           var newtesttitle = $(this).text().split("BUGID:")[0].trim()
           $(this).text(newtesttitle);
          }
         });          
      });
      
      /*
     * Display only pass/skip/fail cases
     */
    $(document).ready(function(){
        
        $("td[class^='num'],th[class^='num']").click(function(){
            
            var col = $(this).index();
            var row = $(this).closest("tr");
            $($(row).find("td,th").get(0)).trigger("click");
            
            if (col == 1) {
                $("tr[class^='failed']").hide();
                $("tr[class^='skip']").hide();
                $("tr[class^='pass']").show();
            }
        
            if (col == 2) {
                $("tr[class^='failed']").hide();
                $("tr[class^='pass']").hide();
                $("tr[class^='skip']").show();
            }
        
            if (col == 3) {
                $("tr[class^='skip']").hide();
                $("tr[class^='pass']").hide();
                $("tr[class^='failed']").show();
            }
        
            hideTestDetails();
            showTestDetails();
        });
    });
      
</script><title>TestNG Report</title><style type="text/css">
    table {margin-bottom:15px; margin-left:10px; border-collapse:separate;empty-cells:show; border: 2px solid #000000;border-spacing: 1px;}
    body>table:nth-of-type(1) {width: 30%}
    body>table:nth-of-type(2) {width: 75%}
    th {border:1px solid #000000; padding:.75em .5em;  box-shadow: inset 0 1px 0 #999;} 
    td {border:1px solid #000000; padding:.35em .5em; }
    th {border-bottom: 1px solid; border-top: 1px solid; border-color: #474646; border-bottom-color: #474646; box-shadow: inset 0 1px 0 #999; }
    tbody {border-bottom: 1px solid; border-top: 1px solid;}
    body {font-family: Verdana, Geneva, sans-serif; font-size: 80%; font-weight: 500;  }
    .num {text-align: center}    
    .attn {color: #F00000}  
    #summary td a {color: #000000}  
    th {background-color: #BBBBBB; color: black; text-align:center }      
    div[class='test-event'] {display:none;}
    table[class='result'] {font-family: monospace; font-size: 100%;}
    .stacktrace {white-space: pre-wrap;}    
    td[class='bugid'] {width: 8%}
    td[class='comments'] {width: 20%}
</style></head><body>	<table id='suitesummary' title="Filters results based on cell clicked/Shows all result on double-click" duration="268">		<tr>			<th>Test			</th>			<th># Passed			</th>			<th># Skipped			</th>			<th># Failed			</th>			<th>Time (ms)			</th>			<th>Included Groups			</th>			<th>Excluded Groups			</th>		</tr>		<tr>			<th colspan="7"> Yatra Web Automation Test			</th>		</tr>		<tr>			<td><a href="#t0">Flight Pricing</a>			</td><td class="num">0			</td><td class="num attn">13			</td><td class="num">0			</td><td class="num">1,113			</td>			<td>			</td>			<td>			</td>		</tr>	</table>	<table id='summary'>				<thead>		<tr>			<th>Class			</th>			<th>Method			</th>			<th>Start			</th>			<th>Time (ms)			</th>		</tr>	</thead>	<tbody>		<tr>			<th colspan="4"> Yatra Web Automation Test			</th>		</tr>	</tbody><tbody id="t0">		<tr>			<th colspan="4">Flight Pricing &#8212; skipped			</th>		</tr>		<tr class="skippedeven"><td rowspan="13">com.Yatra.TestScript.Flights.FlightPricing			</td>			<td><a href="#m0">TC_Yatra_Flight_087: Check to price calculation for DOM flight-one way</a>			</td><td rowspan="1">1490877830827			</td><td rowspan="1">0			</td>		</tr>		<tr class="skippedeven">			<td><a href="#m1">TC_Yatra_Flight_088: Check to price calculation for DOM flight-round trip</a>			</td><td rowspan="1">1490877830868			</td><td rowspan="1">0			</td>		</tr>		<tr class="skippedeven">			<td><a href="#m2">TC_Yatra_Flight_089: Insurance added on pax page </a>			</td><td rowspan="1">1490877830902			</td><td rowspan="1">0			</td>		</tr>		<tr class="skippedeven">			<td><a href="#m3">TC_Yatra_Flight_090: Insurance verification on pax page removed</a>			</td><td rowspan="1">1490877830922			</td><td rowspan="1">0			</td>		</tr>		<tr class="skippedeven">			<td><a href="#m4">TC_Yatra_Flight_091: eCash redemption on payswift page</a>			</td><td rowspan="1">1490877830944			</td><td rowspan="1">0			</td>		</tr>		<tr class="skippedeven">			<td><a href="#m5">TC_Yatra_Flight_092: eCash redemption on payswift page</a>			</td><td rowspan="1">1490877830974			</td><td rowspan="1">0			</td>		</tr>		<tr class="skippedeven">			<td><a href="#m6">TC_Yatra_Flight_096: Check to price calculation for DOM flight-multicity</a>			</td><td rowspan="1">1490877830992			</td><td rowspan="1">0			</td>		</tr>		<tr class="skippedeven">			<td><a href="#m7">TC_Yatra_Flight_106: Change flight link verification on Review page - DOM</a>			</td><td rowspan="1">1490877831012			</td><td rowspan="1">0			</td>		</tr>		<tr class="skippedeven">			<td><a href="#m8">TC_Yatra_Flight_107: Change flight link verification on Review page - INTL</a>			</td><td rowspan="1">1490877831031			</td><td rowspan="1">0			</td>		</tr>		<tr class="skippedeven">			<td><a href="#m9">TC_Yatra_Flight_108: Applying promo code on review page- Promo dropdown Validation</a>			</td><td rowspan="1">1490877831046			</td><td rowspan="1">0			</td>		</tr>		<tr class="skippedeven">			<td><a href="#m10">TC_Yatra_Flight_109: Applying promo code on review page- Promo Coupon Selection</a>			</td><td rowspan="1">1490877831061			</td><td rowspan="1">0			</td>		</tr>		<tr class="skippedeven">			<td><a href="#m11">TC_Yatra_Flight_110: Applying promo code on review page- Have a Promo Code Validation</a>			</td><td rowspan="1">1490877831078			</td><td rowspan="1">0			</td>		</tr>		<tr class="skippedeven">			<td><a href="#m12">TC_Yatra_Flight_111: Applying promo code on review page-  Have a Promo Code submission</a>			</td><td rowspan="1">1490877831095			</td><td rowspan="1">0			</td>		</tr>	</tbody>	</table>		<h2>Flight Pricing</h2><h3 id="m0">com.Yatra.TestScript.Flights.FlightPricing#TC_Yatra_Flight_087</h3>	<table class="result">		<tr class="param">			<th>Parameter #1			</th>		</tr>		<tr class="param stripe">			<td>{Origin=DEL, ReturnDate=, Destination=MAA, Description=Check to price calculation for DOM flight-one way, PromoCode=NA, PassengerInfo=1_0_0, Infant=, Mobile=, EmailAddress=vandna.yatra@gmail.com, TestID=TC_Yatra_Flight_087, Insurance=No, RunMode=Yes, browser=chrome_windows, TripType=ONEWAY, Origin_Multicity=, Adult=, Class=Economy, DepartureDate=2, Domain=DOM, Child=, Destination_Multicity=, testCaseId=TC_Yatra_Flight_087, Password=password1}			</td>		</tr>		<tr>			<th>Messages			</th>		</tr>		<tr>			<td><div class=messages><div class=test-event> <font color=maroon> <small> &emsp; &emsp;--- 30 Mar 18:13:50 199 - TestCaseID:: TC_Yatra_Flight_087</small> </font> </div></div>			</td>		</tr>		<tr>			<th>Exception			</th>		</tr>		<tr>			<td><div class=stacktrace>org.testng.SkipException: Node is not started or down.
	at com.Yatra.Utils.WebDriverFactory.get(WebDriverFactory.java:430)
	at com.Yatra.Utils.WebDriverFactory.get(WebDriverFactory.java:226)
	at com.Yatra.TestScript.Flights.FlightPricing.TC_Yatra_Flight_087(FlightPricing.java:64)
	at sun.reflect.NativeMethodAccessorImpl.invoke0(Native Method)
	at sun.reflect.NativeMethodAccessorImpl.invoke(NativeMethodAccessorImpl.java:62)
	at sun.reflect.DelegatingMethodAccessorImpl.invoke(DelegatingMethodAccessorImpl.java:43)
	at java.lang.reflect.Method.invoke(Method.java:497)
	at org.testng.internal.MethodInvocationHelper.invokeMethod(MethodInvocationHelper.java:85)
	at org.testng.internal.Invoker.invokeMethod(Invoker.java:639)
	at org.testng.internal.Invoker.invokeTestMethod(Invoker.java:816)
	at org.testng.internal.Invoker.invokeTestMethods(Invoker.java:1124)
	at org.testng.internal.TestMethodWorker.invokeTestMethods(TestMethodWorker.java:125)
	at org.testng.internal.TestMethodWorker.run(TestMethodWorker.java:108)
	at org.testng.TestRunner.privateRun(TestRunner.java:774)
	at org.testng.TestRunner.run(TestRunner.java:624)
	at org.testng.SuiteRunner.runTest(SuiteRunner.java:359)
	at org.testng.SuiteRunner.runSequentially(SuiteRunner.java:354)
	at org.testng.SuiteRunner.privateRun(SuiteRunner.java:312)
	at org.testng.SuiteRunner.run(SuiteRunner.java:261)
	at org.testng.SuiteRunnerWorker.runSuite(SuiteRunnerWorker.java:52)
	at org.testng.SuiteRunnerWorker.run(SuiteRunnerWorker.java:86)
	at org.testng.TestNG.runSuitesSequentially(TestNG.java:1191)
	at org.testng.TestNG.runSuitesLocally(TestNG.java:1116)
	at org.testng.TestNG.run(TestNG.java:1024)
	at org.testng.remote.RemoteTestNG.run(RemoteTestNG.java:112)
	at org.testng.remote.RemoteTestNG.initAndRun(RemoteTestNG.java:205)
	at org.testng.remote.RemoteTestNG.main(RemoteTestNG.java:176)
</div>			</td>		</tr>	</table><p class=totop><a href=#summary>back to summary</a></p><h3 id=m1>com.Yatra.TestScript.Flights.FlightPricing#TC_Yatra_Flight_088</h3>	<table class=result>		<tr class=param>			<th>Parameter #1			</th>		</tr>		<tr class=param stripe>			<td>{Origin=DEL, ReturnDate=8, Destination=BLR, Description=Check to price calculation for DOM flight-roundtrip, PromoCode=NA, PassengerInfo=1_0_0, Infant=, Mobile=, EmailAddress=vandna.yatra@gmail.com, TestID=TC_Yatra_Flight_088, Insurance=No, RunMode=Yes, browser=chrome_windows, TripType=ROUNDTRIP, Origin_Multicity=, Adult=, Class=Business, DepartureDate=5, Domain=DOM, Child=, Destination_Multicity=, testCaseId=TC_Yatra_Flight_088, Password=password1}			</td>		</tr>		<tr>			<th>Messages			</th>		</tr>		<tr>			<td><div class=messages><div class=test-event> <font color=maroon> <small> &emsp; &emsp;--- 30 Mar 18:13:50 847 - TestCaseID:: TC_Yatra_Flight_088</small> </font> </div></div>			</td>		</tr>		<tr>			<th>Exception			</th>		</tr>		<tr>			<td><div class=stacktrace>org.testng.SkipException: Node is not started or down.
	at com.Yatra.Utils.WebDriverFactory.get(WebDriverFactory.java:430)
	at com.Yatra.Utils.WebDriverFactory.get(WebDriverFactory.java:226)
	at com.Yatra.TestScript.Flights.FlightPricing.TC_Yatra_Flight_088(FlightPricing.java:122)
	at sun.reflect.NativeMethodAccessorImpl.invoke0(Native Method)
	at sun.reflect.NativeMethodAccessorImpl.invoke(NativeMethodAccessorImpl.java:62)
	at sun.reflect.DelegatingMethodAccessorImpl.invoke(DelegatingMethodAccessorImpl.java:43)
	at java.lang.reflect.Method.invoke(Method.java:497)
	at org.testng.internal.MethodInvocationHelper.invokeMethod(MethodInvocationHelper.java:85)
	at org.testng.internal.Invoker.invokeMethod(Invoker.java:639)
	at org.testng.internal.Invoker.invokeTestMethod(Invoker.java:816)
	at org.testng.internal.Invoker.invokeTestMethods(Invoker.java:1124)
	at org.testng.internal.TestMethodWorker.invokeTestMethods(TestMethodWorker.java:125)
	at org.testng.internal.TestMethodWorker.run(TestMethodWorker.java:108)
	at org.testng.TestRunner.privateRun(TestRunner.java:774)
	at org.testng.TestRunner.run(TestRunner.java:624)
	at org.testng.SuiteRunner.runTest(SuiteRunner.java:359)
	at org.testng.SuiteRunner.runSequentially(SuiteRunner.java:354)
	at org.testng.SuiteRunner.privateRun(SuiteRunner.java:312)
	at org.testng.SuiteRunner.run(SuiteRunner.java:261)
	at org.testng.SuiteRunnerWorker.runSuite(SuiteRunnerWorker.java:52)
	at org.testng.SuiteRunnerWorker.run(SuiteRunnerWorker.java:86)
	at org.testng.TestNG.runSuitesSequentially(TestNG.java:1191)
	at org.testng.TestNG.runSuitesLocally(TestNG.java:1116)
	at org.testng.TestNG.run(TestNG.java:1024)
	at org.testng.remote.RemoteTestNG.run(RemoteTestNG.java:112)
	at org.testng.remote.RemoteTestNG.initAndRun(RemoteTestNG.java:205)
	at org.testng.remote.RemoteTestNG.main(RemoteTestNG.java:176)
</div>			</td>		</tr>	</table><p class=totop><a href=#summary>back to summary</a></p><h3 id=m2>com.Yatra.TestScript.Flights.FlightPricing#TC_Yatra_Flight_089</h3>	<table class=result>		<tr class=param>			<th>Parameter #1			</th>		</tr>		<tr class=param stripe>			<td>{Origin=DEL, ReturnDate=, Destination=CJB, Description=Insurance?added?on?pax?page, PromoCode=NA, PassengerInfo=1_0_0, Infant=, Mobile=, EmailAddress=vandna.yatra@gmail.com, TestID=TC_Yatra_Flight_089, Insurance=No, RunMode=Yes, browser=chrome_windows, TripType=ONEWAY, Origin_Multicity=, Adult=, Class=Economy, DepartureDate=4, Domain=DOM, Child=, Destination_Multicity=, testCaseId=TC_Yatra_Flight_089, Password=password1}			</td>		</tr>		<tr>			<th>Messages			</th>		</tr>		<tr>			<td><div class=messages><div class=test-event> <font color=maroon> <small> &emsp; &emsp;--- 30 Mar 18:13:50 890 - TestCaseID:: TC_Yatra_Flight_089</small> </font> </div></div>			</td>		</tr>		<tr>			<th>Exception			</th>		</tr>		<tr>			<td><div class=stacktrace>org.testng.SkipException: Node is not started or down.
	at com.Yatra.Utils.WebDriverFactory.get(WebDriverFactory.java:430)
	at com.Yatra.Utils.WebDriverFactory.get(WebDriverFactory.java:226)
	at com.Yatra.TestScript.Flights.FlightPricing.TC_Yatra_Flight_089(FlightPricing.java:188)
	at sun.reflect.NativeMethodAccessorImpl.invoke0(Native Method)
	at sun.reflect.NativeMethodAccessorImpl.invoke(NativeMethodAccessorImpl.java:62)
	at sun.reflect.DelegatingMethodAccessorImpl.invoke(DelegatingMethodAccessorImpl.java:43)
	at java.lang.reflect.Method.invoke(Method.java:497)
	at org.testng.internal.MethodInvocationHelper.invokeMethod(MethodInvocationHelper.java:85)
	at org.testng.internal.Invoker.invokeMethod(Invoker.java:639)
	at org.testng.internal.Invoker.invokeTestMethod(Invoker.java:816)
	at org.testng.internal.Invoker.invokeTestMethods(Invoker.java:1124)
	at org.testng.internal.TestMethodWorker.invokeTestMethods(TestMethodWorker.java:125)
	at org.testng.internal.TestMethodWorker.run(TestMethodWorker.java:108)
	at org.testng.TestRunner.privateRun(TestRunner.java:774)
	at org.testng.TestRunner.run(TestRunner.java:624)
	at org.testng.SuiteRunner.runTest(SuiteRunner.java:359)
	at org.testng.SuiteRunner.runSequentially(SuiteRunner.java:354)
	at org.testng.SuiteRunner.privateRun(SuiteRunner.java:312)
	at org.testng.SuiteRunner.run(SuiteRunner.java:261)
	at org.testng.SuiteRunnerWorker.runSuite(SuiteRunnerWorker.java:52)
	at org.testng.SuiteRunnerWorker.run(SuiteRunnerWorker.java:86)
	at org.testng.TestNG.runSuitesSequentially(TestNG.java:1191)
	at org.testng.TestNG.runSuitesLocally(TestNG.java:1116)
	at org.testng.TestNG.run(TestNG.java:1024)
	at org.testng.remote.RemoteTestNG.run(RemoteTestNG.java:112)
	at org.testng.remote.RemoteTestNG.initAndRun(RemoteTestNG.java:205)
	at org.testng.remote.RemoteTestNG.main(RemoteTestNG.java:176)
</div>			</td>		</tr>	</table><p class=totop><a href=#summary>back to summary</a></p><h3 id=m3>com.Yatra.TestScript.Flights.FlightPricing#TC_Yatra_Flight_090</h3>	<table class=result>		<tr class=param>			<th>Parameter #1			</th>		</tr>		<tr class=param stripe>			<td>{Origin=DEL, ReturnDate=, Destination=CJB, Description=Insurance?verification?on?pax?page removed, PromoCode=NA, PassengerInfo=1_0_0, Infant=, Mobile=, EmailAddress=vandna.yatra@gmail.com, TestID=TC_Yatra_Flight_090, Insurance=No, RunMode=Yes, browser=chrome_windows, TripType=ONEWAY, Origin_Multicity=, Adult=, Class=Economy, DepartureDate=3, Domain=DOM, Child=, Destination_Multicity=, testCaseId=TC_Yatra_Flight_090, Password=password1}			</td>		</tr>		<tr>			<th>Messages			</th>		</tr>		<tr>			<td><div class=messages><div class=test-event> <font color=maroon> <small> &emsp; &emsp;--- 30 Mar 18:13:50 909 - TestCaseID:: TC_Yatra_Flight_090</small> </font> </div></div>			</td>		</tr>		<tr>			<th>Exception			</th>		</tr>		<tr>			<td><div class=stacktrace>org.testng.SkipException: Node is not started or down.
	at com.Yatra.Utils.WebDriverFactory.get(WebDriverFactory.java:430)
	at com.Yatra.Utils.WebDriverFactory.get(WebDriverFactory.java:226)
	at com.Yatra.TestScript.Flights.FlightPricing.TC_Yatra_Flight_090(FlightPricing.java:259)
	at sun.reflect.NativeMethodAccessorImpl.invoke0(Native Method)
	at sun.reflect.NativeMethodAccessorImpl.invoke(NativeMethodAccessorImpl.java:62)
	at sun.reflect.DelegatingMethodAccessorImpl.invoke(DelegatingMethodAccessorImpl.java:43)
	at java.lang.reflect.Method.invoke(Method.java:497)
	at org.testng.internal.MethodInvocationHelper.invokeMethod(MethodInvocationHelper.java:85)
	at org.testng.internal.Invoker.invokeMethod(Invoker.java:639)
	at org.testng.internal.Invoker.invokeTestMethod(Invoker.java:816)
	at org.testng.internal.Invoker.invokeTestMethods(Invoker.java:1124)
	at org.testng.internal.TestMethodWorker.invokeTestMethods(TestMethodWorker.java:125)
	at org.testng.internal.TestMethodWorker.run(TestMethodWorker.java:108)
	at org.testng.TestRunner.privateRun(TestRunner.java:774)
	at org.testng.TestRunner.run(TestRunner.java:624)
	at org.testng.SuiteRunner.runTest(SuiteRunner.java:359)
	at org.testng.SuiteRunner.runSequentially(SuiteRunner.java:354)
	at org.testng.SuiteRunner.privateRun(SuiteRunner.java:312)
	at org.testng.SuiteRunner.run(SuiteRunner.java:261)
	at org.testng.SuiteRunnerWorker.runSuite(SuiteRunnerWorker.java:52)
	at org.testng.SuiteRunnerWorker.run(SuiteRunnerWorker.java:86)
	at org.testng.TestNG.runSuitesSequentially(TestNG.java:1191)
	at org.testng.TestNG.runSuitesLocally(TestNG.java:1116)
	at org.testng.TestNG.run(TestNG.java:1024)
	at org.testng.remote.RemoteTestNG.run(RemoteTestNG.java:112)
	at org.testng.remote.RemoteTestNG.initAndRun(RemoteTestNG.java:205)
	at org.testng.remote.RemoteTestNG.main(RemoteTestNG.java:176)
</div>			</td>		</tr>	</table><p class=totop><a href=#summary>back to summary</a></p><h3 id=m4>com.Yatra.TestScript.Flights.FlightPricing#TC_Yatra_Flight_091</h3>	<table class=result>		<tr class=param>			<th>Parameter #1			</th>		</tr>		<tr class=param stripe>			<td>{Origin=DEL, ReturnDate=, Destination=CJB, Description=eCash redemption?on?payswift?page, PromoCode=NA, PassengerInfo=1_1_0, Infant=-1,-2, Mobile=, EmailAddress=vandna.yatra@gmail.com, TestID=TC_Yatra_Flight_091, Insurance=No, RunMode=Yes, browser=chrome_windows, TripType=ONEWAY, Origin_Multicity=, Adult=-40,-25, Class=Economy, DepartureDate=5, Domain=DOM, Child=-14,-12, Destination_Multicity=, testCaseId=TC_Yatra_Flight_091, Password=password1}			</td>		</tr>		<tr>			<th>Messages			</th>		</tr>		<tr>			<td><div class=messages><div class=test-event> <font color=maroon> <small> &emsp; &emsp;--- 30 Mar 18:13:50 930 - TestCaseID:: TC_Yatra_Flight_091</small> </font> </div></div>			</td>		</tr>		<tr>			<th>Exception			</th>		</tr>		<tr>			<td><div class=stacktrace>org.testng.SkipException: Node is not started or down.
	at com.Yatra.Utils.WebDriverFactory.get(WebDriverFactory.java:430)
	at com.Yatra.Utils.WebDriverFactory.get(WebDriverFactory.java:226)
	at com.Yatra.TestScript.Flights.FlightPricing.TC_Yatra_Flight_091(FlightPricing.java:749)
	at sun.reflect.NativeMethodAccessorImpl.invoke0(Native Method)
	at sun.reflect.NativeMethodAccessorImpl.invoke(NativeMethodAccessorImpl.java:62)
	at sun.reflect.DelegatingMethodAccessorImpl.invoke(DelegatingMethodAccessorImpl.java:43)
	at java.lang.reflect.Method.invoke(Method.java:497)
	at org.testng.internal.MethodInvocationHelper.invokeMethod(MethodInvocationHelper.java:85)
	at org.testng.internal.Invoker.invokeMethod(Invoker.java:639)
	at org.testng.internal.Invoker.invokeTestMethod(Invoker.java:816)
	at org.testng.internal.Invoker.invokeTestMethods(Invoker.java:1124)
	at org.testng.internal.TestMethodWorker.invokeTestMethods(TestMethodWorker.java:125)
	at org.testng.internal.TestMethodWorker.run(TestMethodWorker.java:108)
	at org.testng.TestRunner.privateRun(TestRunner.java:774)
	at org.testng.TestRunner.run(TestRunner.java:624)
	at org.testng.SuiteRunner.runTest(SuiteRunner.java:359)
	at org.testng.SuiteRunner.runSequentially(SuiteRunner.java:354)
	at org.testng.SuiteRunner.privateRun(SuiteRunner.java:312)
	at org.testng.SuiteRunner.run(SuiteRunner.java:261)
	at org.testng.SuiteRunnerWorker.runSuite(SuiteRunnerWorker.java:52)
	at org.testng.SuiteRunnerWorker.run(SuiteRunnerWorker.java:86)
	at org.testng.TestNG.runSuitesSequentially(TestNG.java:1191)
	at org.testng.TestNG.runSuitesLocally(TestNG.java:1116)
	at org.testng.TestNG.run(TestNG.java:1024)
	at org.testng.remote.RemoteTestNG.run(RemoteTestNG.java:112)
	at org.testng.remote.RemoteTestNG.initAndRun(RemoteTestNG.java:205)
	at org.testng.remote.RemoteTestNG.main(RemoteTestNG.java:176)
</div>			</td>		</tr>	</table><p class=totop><a href=#summary>back to summary</a></p><h3 id=m5>com.Yatra.TestScript.Flights.FlightPricing#TC_Yatra_Flight_092</h3>	<table class=result>		<tr class=param>			<th>Parameter #1			</th>		</tr>		<tr class=param stripe>			<td>{Origin=DEL, ReturnDate=, Destination=CJB, Description=eCash redemption?on?payswift?page, PromoCode=NA, PassengerInfo=1_1_0, Infant=-1,-2, Mobile=, EmailAddress=vandna.yatra@gmail.com, TestID=TC_Yatra_Flight_092, Insurance=No, RunMode=Yes, browser=chrome_windows, TripType=ONEWAY, Origin_Multicity=, Adult=-40,-25, Class=Economy, DepartureDate=5, Domain=DOM, Child=-14,-12, Destination_Multicity=, testCaseId=TC_Yatra_Flight_092, Password=password1}			</td>		</tr>		<tr>			<th>Messages			</th>		</tr>		<tr>			<td><div class=messages><div class=test-event> <font color=maroon> <small> &emsp; &emsp;--- 30 Mar 18:13:50 959 - TestCaseID:: TC_Yatra_Flight_092</small> </font> </div></div>			</td>		</tr>		<tr>			<th>Exception			</th>		</tr>		<tr>			<td><div class=stacktrace>org.testng.SkipException: Node is not started or down.
	at com.Yatra.Utils.WebDriverFactory.get(WebDriverFactory.java:430)
	at com.Yatra.Utils.WebDriverFactory.get(WebDriverFactory.java:226)
	at com.Yatra.TestScript.Flights.FlightPricing.TC_Yatra_Flight_092(FlightPricing.java:840)
	at sun.reflect.NativeMethodAccessorImpl.invoke0(Native Method)
	at sun.reflect.NativeMethodAccessorImpl.invoke(NativeMethodAccessorImpl.java:62)
	at sun.reflect.DelegatingMethodAccessorImpl.invoke(DelegatingMethodAccessorImpl.java:43)
	at java.lang.reflect.Method.invoke(Method.java:497)
	at org.testng.internal.MethodInvocationHelper.invokeMethod(MethodInvocationHelper.java:85)
	at org.testng.internal.Invoker.invokeMethod(Invoker.java:639)
	at org.testng.internal.Invoker.invokeTestMethod(Invoker.java:816)
	at org.testng.internal.Invoker.invokeTestMethods(Invoker.java:1124)
	at org.testng.internal.TestMethodWorker.invokeTestMethods(TestMethodWorker.java:125)
	at org.testng.internal.TestMethodWorker.run(TestMethodWorker.java:108)
	at org.testng.TestRunner.privateRun(TestRunner.java:774)
	at org.testng.TestRunner.run(TestRunner.java:624)
	at org.testng.SuiteRunner.runTest(SuiteRunner.java:359)
	at org.testng.SuiteRunner.runSequentially(SuiteRunner.java:354)
	at org.testng.SuiteRunner.privateRun(SuiteRunner.java:312)
	at org.testng.SuiteRunner.run(SuiteRunner.java:261)
	at org.testng.SuiteRunnerWorker.runSuite(SuiteRunnerWorker.java:52)
	at org.testng.SuiteRunnerWorker.run(SuiteRunnerWorker.java:86)
	at org.testng.TestNG.runSuitesSequentially(TestNG.java:1191)
	at org.testng.TestNG.runSuitesLocally(TestNG.java:1116)
	at org.testng.TestNG.run(TestNG.java:1024)
	at org.testng.remote.RemoteTestNG.run(RemoteTestNG.java:112)
	at org.testng.remote.RemoteTestNG.initAndRun(RemoteTestNG.java:205)
	at org.testng.remote.RemoteTestNG.main(RemoteTestNG.java:176)
</div>			</td>		</tr>	</table><p class=totop><a href=#summary>back to summary</a></p><h3 id=m6>com.Yatra.TestScript.Flights.FlightPricing#TC_Yatra_Flight_096</h3>	<table class=result>		<tr class=param>			<th>Parameter #1			</th>		</tr>		<tr class=param stripe>			<td>{Origin=DEL, ReturnDate=4, Destination=BLR, Description=Check to price calculation for DOM flight-Multicity, PromoCode=NA, PassengerInfo=1_0_0, Infant=, Mobile=, EmailAddress=vandna.yatra@gmail.com, TestID=TC_Yatra_Flight_096, Insurance=No, RunMode=Yes, browser=chrome_windows, TripType=MULTICITY, Origin_Multicity=BLR, Adult=, Class=Economy, DepartureDate=2, Domain=DOM, Child=, Destination_Multicity=MAA, testCaseId=TC_Yatra_Flight_096, Password=password1}			</td>		</tr>		<tr>			<th>Messages			</th>		</tr>		<tr>			<td><div class=messages><div class=test-event> <font color=maroon> <small> &emsp; &emsp;--- 30 Mar 18:13:50 982 - TestCaseID:: TC_Yatra_Flight_096</small> </font> </div></div>			</td>		</tr>		<tr>			<th>Exception			</th>		</tr>		<tr>			<td><div class=stacktrace>org.testng.SkipException: Node is not started or down.
	at com.Yatra.Utils.WebDriverFactory.get(WebDriverFactory.java:430)
	at com.Yatra.Utils.WebDriverFactory.get(WebDriverFactory.java:226)
	at com.Yatra.TestScript.Flights.FlightPricing.TC_Yatra_Flight_096(FlightPricing.java:657)
	at sun.reflect.NativeMethodAccessorImpl.invoke0(Native Method)
	at sun.reflect.NativeMethodAccessorImpl.invoke(NativeMethodAccessorImpl.java:62)
	at sun.reflect.DelegatingMethodAccessorImpl.invoke(DelegatingMethodAccessorImpl.java:43)
	at java.lang.reflect.Method.invoke(Method.java:497)
	at org.testng.internal.MethodInvocationHelper.invokeMethod(MethodInvocationHelper.java:85)
	at org.testng.internal.Invoker.invokeMethod(Invoker.java:639)
	at org.testng.internal.Invoker.invokeTestMethod(Invoker.java:816)
	at org.testng.internal.Invoker.invokeTestMethods(Invoker.java:1124)
	at org.testng.internal.TestMethodWorker.invokeTestMethods(TestMethodWorker.java:125)
	at org.testng.internal.TestMethodWorker.run(TestMethodWorker.java:108)
	at org.testng.TestRunner.privateRun(TestRunner.java:774)
	at org.testng.TestRunner.run(TestRunner.java:624)
	at org.testng.SuiteRunner.runTest(SuiteRunner.java:359)
	at org.testng.SuiteRunner.runSequentially(SuiteRunner.java:354)
	at org.testng.SuiteRunner.privateRun(SuiteRunner.java:312)
	at org.testng.SuiteRunner.run(SuiteRunner.java:261)
	at org.testng.SuiteRunnerWorker.runSuite(SuiteRunnerWorker.java:52)
	at org.testng.SuiteRunnerWorker.run(SuiteRunnerWorker.java:86)
	at org.testng.TestNG.runSuitesSequentially(TestNG.java:1191)
	at org.testng.TestNG.runSuitesLocally(TestNG.java:1116)
	at org.testng.TestNG.run(TestNG.java:1024)
	at org.testng.remote.RemoteTestNG.run(RemoteTestNG.java:112)
	at org.testng.remote.RemoteTestNG.initAndRun(RemoteTestNG.java:205)
	at org.testng.remote.RemoteTestNG.main(RemoteTestNG.java:176)
</div>			</td>		</tr>	</table><p class=totop><a href=#summary>back to summary</a></p><h3 id=m7>com.Yatra.TestScript.Flights.FlightPricing#TC_Yatra_Flight_106</h3>	<table class=result>		<tr class=param>			<th>Parameter #1			</th>		</tr>		<tr class=param stripe>			<td>{Origin=DEL, ReturnDate=, Destination=CJB, Description=Change flight link verification on Review page - DOM, PromoCode=NA, PassengerInfo=1_0_0, Infant=, Mobile=, EmailAddress=vandna.yatra@gmail.com, TestID=TC_Yatra_Flight_106, Insurance=No, RunMode=Yes, browser=chrome_windows, TripType=ONEWAY, Origin_Multicity=, Adult=, Class=Economy, DepartureDate=5, Domain=DOM, Child=, Destination_Multicity=, testCaseId=TC_Yatra_Flight_106, Password=password1}			</td>		</tr>		<tr>			<th>Messages			</th>		</tr>		<tr>			<td><div class=messages><div class=test-event> <font color=maroon> <small> &emsp; &emsp;--- 30 Mar 18:13:50 999 - TestCaseID:: TC_Yatra_Flight_106</small> </font> </div></div>			</td>		</tr>		<tr>			<th>Exception			</th>		</tr>		<tr>			<td><div class=stacktrace>org.testng.SkipException: Node is not started or down.
	at com.Yatra.Utils.WebDriverFactory.get(WebDriverFactory.java:430)
	at com.Yatra.Utils.WebDriverFactory.get(WebDriverFactory.java:226)
	at com.Yatra.TestScript.Flights.FlightPricing.TC_Yatra_Flight_106(FlightPricing.java:340)
	at sun.reflect.NativeMethodAccessorImpl.invoke0(Native Method)
	at sun.reflect.NativeMethodAccessorImpl.invoke(NativeMethodAccessorImpl.java:62)
	at sun.reflect.DelegatingMethodAccessorImpl.invoke(DelegatingMethodAccessorImpl.java:43)
	at java.lang.reflect.Method.invoke(Method.java:497)
	at org.testng.internal.MethodInvocationHelper.invokeMethod(MethodInvocationHelper.java:85)
	at org.testng.internal.Invoker.invokeMethod(Invoker.java:639)
	at org.testng.internal.Invoker.invokeTestMethod(Invoker.java:816)
	at org.testng.internal.Invoker.invokeTestMethods(Invoker.java:1124)
	at org.testng.internal.TestMethodWorker.invokeTestMethods(TestMethodWorker.java:125)
	at org.testng.internal.TestMethodWorker.run(TestMethodWorker.java:108)
	at org.testng.TestRunner.privateRun(TestRunner.java:774)
	at org.testng.TestRunner.run(TestRunner.java:624)
	at org.testng.SuiteRunner.runTest(SuiteRunner.java:359)
	at org.testng.SuiteRunner.runSequentially(SuiteRunner.java:354)
	at org.testng.SuiteRunner.privateRun(SuiteRunner.java:312)
	at org.testng.SuiteRunner.run(SuiteRunner.java:261)
	at org.testng.SuiteRunnerWorker.runSuite(SuiteRunnerWorker.java:52)
	at org.testng.SuiteRunnerWorker.run(SuiteRunnerWorker.java:86)
	at org.testng.TestNG.runSuitesSequentially(TestNG.java:1191)
	at org.testng.TestNG.runSuitesLocally(TestNG.java:1116)
	at org.testng.TestNG.run(TestNG.java:1024)
	at org.testng.remote.RemoteTestNG.run(RemoteTestNG.java:112)
	at org.testng.remote.RemoteTestNG.initAndRun(RemoteTestNG.java:205)
	at org.testng.remote.RemoteTestNG.main(RemoteTestNG.java:176)
</div>			</td>		</tr>	</table><p class=totop><a href=#summary>back to summary</a></p><h3 id=m8>com.Yatra.TestScript.Flights.FlightPricing#TC_Yatra_Flight_107</h3>	<table class=result>		<tr class=param>			<th>Parameter #1			</th>		</tr>		<tr class=param stripe>			<td>{Origin=DEL, ReturnDate=, Destination=LON, Description=Change flight link verification on Review page - INTL, PromoCode=NA, PassengerInfo=1_0_0, Infant=, Mobile=, EmailAddress=vandna.yatra@gmail.com, TestID=TC_Yatra_Flight_107, Insurance=No, RunMode=Yes, browser=chrome_windows, TripType=ONEWAY, Origin_Multicity=, Adult=, Class=Economy, DepartureDate=5, Domain=INT, Child=, Destination_Multicity=, testCaseId=TC_Yatra_Flight_107, Password=password1}			</td>		</tr>		<tr>			<th>Messages			</th>		</tr>		<tr>			<td><div class=messages><div class=test-event> <font color=maroon> <small> &emsp; &emsp;--- 30 Mar 18:13:51 020 - TestCaseID:: TC_Yatra_Flight_107</small> </font> </div></div>			</td>		</tr>		<tr>			<th>Exception			</th>		</tr>		<tr>			<td><div class=stacktrace>org.testng.SkipException: Node is not started or down.
	at com.Yatra.Utils.WebDriverFactory.get(WebDriverFactory.java:430)
	at com.Yatra.Utils.WebDriverFactory.get(WebDriverFactory.java:226)
	at com.Yatra.TestScript.Flights.FlightPricing.TC_Yatra_Flight_107(FlightPricing.java:391)
	at sun.reflect.NativeMethodAccessorImpl.invoke0(Native Method)
	at sun.reflect.NativeMethodAccessorImpl.invoke(NativeMethodAccessorImpl.java:62)
	at sun.reflect.DelegatingMethodAccessorImpl.invoke(DelegatingMethodAccessorImpl.java:43)
	at java.lang.reflect.Method.invoke(Method.java:497)
	at org.testng.internal.MethodInvocationHelper.invokeMethod(MethodInvocationHelper.java:85)
	at org.testng.internal.Invoker.invokeMethod(Invoker.java:639)
	at org.testng.internal.Invoker.invokeTestMethod(Invoker.java:816)
	at org.testng.internal.Invoker.invokeTestMethods(Invoker.java:1124)
	at org.testng.internal.TestMethodWorker.invokeTestMethods(TestMethodWorker.java:125)
	at org.testng.internal.TestMethodWorker.run(TestMethodWorker.java:108)
	at org.testng.TestRunner.privateRun(TestRunner.java:774)
	at org.testng.TestRunner.run(TestRunner.java:624)
	at org.testng.SuiteRunner.runTest(SuiteRunner.java:359)
	at org.testng.SuiteRunner.runSequentially(SuiteRunner.java:354)
	at org.testng.SuiteRunner.privateRun(SuiteRunner.java:312)
	at org.testng.SuiteRunner.run(SuiteRunner.java:261)
	at org.testng.SuiteRunnerWorker.runSuite(SuiteRunnerWorker.java:52)
	at org.testng.SuiteRunnerWorker.run(SuiteRunnerWorker.java:86)
	at org.testng.TestNG.runSuitesSequentially(TestNG.java:1191)
	at org.testng.TestNG.runSuitesLocally(TestNG.java:1116)
	at org.testng.TestNG.run(TestNG.java:1024)
	at org.testng.remote.RemoteTestNG.run(RemoteTestNG.java:112)
	at org.testng.remote.RemoteTestNG.initAndRun(RemoteTestNG.java:205)
	at org.testng.remote.RemoteTestNG.main(RemoteTestNG.java:176)
</div>			</td>		</tr>	</table><p class=totop><a href=#summary>back to summary</a></p><h3 id=m9>com.Yatra.TestScript.Flights.FlightPricing#TC_Yatra_Flight_108</h3>	<table class=result>		<tr class=param>			<th>Parameter #1			</th>		</tr>		<tr class=param stripe>			<td>{Origin=DEL, ReturnDate=, Destination=LON, Description=Applying promo code on review page- Promo dropdown Validation, PromoCode=NA, PassengerInfo=1_0_0, Infant=, Mobile=, EmailAddress=vandna.yatra@gmail.com, TestID=TC_Yatra_Flight_108, Insurance=No, RunMode=Yes, browser=chrome_windows, TripType=ONEWAY, Origin_Multicity=, Adult=, Class=Economy, DepartureDate=5, Domain=DOM, Child=, Destination_Multicity=, testCaseId=TC_Yatra_Flight_108, Password=password1}			</td>		</tr>		<tr>			<th>Messages			</th>		</tr>		<tr>			<td><div class=messages><div class=test-event> <font color=maroon> <small> &emsp; &emsp;--- 30 Mar 18:13:51 036 - TestCaseID:: TC_Yatra_Flight_108</small> </font> </div></div>			</td>		</tr>		<tr>			<th>Exception			</th>		</tr>		<tr>			<td><div class=stacktrace>org.testng.SkipException: Node is not started or down.
	at com.Yatra.Utils.WebDriverFactory.get(WebDriverFactory.java:430)
	at com.Yatra.Utils.WebDriverFactory.get(WebDriverFactory.java:226)
	at com.Yatra.TestScript.Flights.FlightPricing.TC_Yatra_Flight_108(FlightPricing.java:443)
	at sun.reflect.NativeMethodAccessorImpl.invoke0(Native Method)
	at sun.reflect.NativeMethodAccessorImpl.invoke(NativeMethodAccessorImpl.java:62)
	at sun.reflect.DelegatingMethodAccessorImpl.invoke(DelegatingMethodAccessorImpl.java:43)
	at java.lang.reflect.Method.invoke(Method.java:497)
	at org.testng.internal.MethodInvocationHelper.invokeMethod(MethodInvocationHelper.java:85)
	at org.testng.internal.Invoker.invokeMethod(Invoker.java:639)
	at org.testng.internal.Invoker.invokeTestMethod(Invoker.java:816)
	at org.testng.internal.Invoker.invokeTestMethods(Invoker.java:1124)
	at org.testng.internal.TestMethodWorker.invokeTestMethods(TestMethodWorker.java:125)
	at org.testng.internal.TestMethodWorker.run(TestMethodWorker.java:108)
	at org.testng.TestRunner.privateRun(TestRunner.java:774)
	at org.testng.TestRunner.run(TestRunner.java:624)
	at org.testng.SuiteRunner.runTest(SuiteRunner.java:359)
	at org.testng.SuiteRunner.runSequentially(SuiteRunner.java:354)
	at org.testng.SuiteRunner.privateRun(SuiteRunner.java:312)
	at org.testng.SuiteRunner.run(SuiteRunner.java:261)
	at org.testng.SuiteRunnerWorker.runSuite(SuiteRunnerWorker.java:52)
	at org.testng.SuiteRunnerWorker.run(SuiteRunnerWorker.java:86)
	at org.testng.TestNG.runSuitesSequentially(TestNG.java:1191)
	at org.testng.TestNG.runSuitesLocally(TestNG.java:1116)
	at org.testng.TestNG.run(TestNG.java:1024)
	at org.testng.remote.RemoteTestNG.run(RemoteTestNG.java:112)
	at org.testng.remote.RemoteTestNG.initAndRun(RemoteTestNG.java:205)
	at org.testng.remote.RemoteTestNG.main(RemoteTestNG.java:176)
</div>			</td>		</tr>	</table><p class=totop><a href=#summary>back to summary</a></p><h3 id=m10>com.Yatra.TestScript.Flights.FlightPricing#TC_Yatra_Flight_109</h3>	<table class=result>		<tr class=param>			<th>Parameter #1			</th>		</tr>		<tr class=param stripe>			<td>{Origin=DEL, ReturnDate=, Destination=LON, Description=Applying promo code on review page- Promo Coupon Selection, PromoCode=NA, PassengerInfo=1_0_0, Infant=, Mobile=, EmailAddress=vandna.yatra@gmail.com, TestID=TC_Yatra_Flight_109, Insurance=No, RunMode=Yes, browser=chrome_windows, TripType=ONEWAY, Origin_Multicity=, Adult=, Class=Economy, DepartureDate=5, Domain=INT, Child=, Destination_Multicity=, testCaseId=TC_Yatra_Flight_109, Password=password1}			</td>		</tr>		<tr>			<th>Messages			</th>		</tr>		<tr>			<td><div class=messages><div class=test-event> <font color=maroon> <small> &emsp; &emsp;--- 30 Mar 18:13:51 052 - TestCaseID:: TC_Yatra_Flight_109</small> </font> </div></div>			</td>		</tr>		<tr>			<th>Exception			</th>		</tr>		<tr>			<td><div class=stacktrace>org.testng.SkipException: Node is not started or down.
	at com.Yatra.Utils.WebDriverFactory.get(WebDriverFactory.java:430)
	at com.Yatra.Utils.WebDriverFactory.get(WebDriverFactory.java:226)
	at com.Yatra.TestScript.Flights.FlightPricing.TC_Yatra_Flight_109(FlightPricing.java:499)
	at sun.reflect.NativeMethodAccessorImpl.invoke0(Native Method)
	at sun.reflect.NativeMethodAccessorImpl.invoke(NativeMethodAccessorImpl.java:62)
	at sun.reflect.DelegatingMethodAccessorImpl.invoke(DelegatingMethodAccessorImpl.java:43)
	at java.lang.reflect.Method.invoke(Method.java:497)
	at org.testng.internal.MethodInvocationHelper.invokeMethod(MethodInvocationHelper.java:85)
	at org.testng.internal.Invoker.invokeMethod(Invoker.java:639)
	at org.testng.internal.Invoker.invokeTestMethod(Invoker.java:816)
	at org.testng.internal.Invoker.invokeTestMethods(Invoker.java:1124)
	at org.testng.internal.TestMethodWorker.invokeTestMethods(TestMethodWorker.java:125)
	at org.testng.internal.TestMethodWorker.run(TestMethodWorker.java:108)
	at org.testng.TestRunner.privateRun(TestRunner.java:774)
	at org.testng.TestRunner.run(TestRunner.java:624)
	at org.testng.SuiteRunner.runTest(SuiteRunner.java:359)
	at org.testng.SuiteRunner.runSequentially(SuiteRunner.java:354)
	at org.testng.SuiteRunner.privateRun(SuiteRunner.java:312)
	at org.testng.SuiteRunner.run(SuiteRunner.java:261)
	at org.testng.SuiteRunnerWorker.runSuite(SuiteRunnerWorker.java:52)
	at org.testng.SuiteRunnerWorker.run(SuiteRunnerWorker.java:86)
	at org.testng.TestNG.runSuitesSequentially(TestNG.java:1191)
	at org.testng.TestNG.runSuitesLocally(TestNG.java:1116)
	at org.testng.TestNG.run(TestNG.java:1024)
	at org.testng.remote.RemoteTestNG.run(RemoteTestNG.java:112)
	at org.testng.remote.RemoteTestNG.initAndRun(RemoteTestNG.java:205)
	at org.testng.remote.RemoteTestNG.main(RemoteTestNG.java:176)
</div>			</td>		</tr>	</table><p class=totop><a href=#summary>back to summary</a></p><h3 id=m11>com.Yatra.TestScript.Flights.FlightPricing#TC_Yatra_Flight_110</h3>	<table class=result>		<tr class=param>			<th>Parameter #1			</th>		</tr>		<tr class=param stripe>			<td>{Origin=DEL, ReturnDate=, Destination=LON, Description=Applying promo code on review page- Have a Promo Code link Validation, PromoCode=NA, PassengerInfo=1_0_0, Infant=, Mobile=, EmailAddress=vandna.yatra@gmail.com, TestID=TC_Yatra_Flight_110, Insurance=No, RunMode=Yes, browser=chrome_windows, TripType=ONEWAY, Origin_Multicity=, Adult=, Class=Economy, DepartureDate=5, Domain=INT, Child=, Destination_Multicity=, testCaseId=TC_Yatra_Flight_110, Password=password1}			</td>		</tr>		<tr>			<th>Messages			</th>		</tr>		<tr>			<td><div class=messages><div class=test-event> <font color=maroon> <small> &emsp; &emsp;--- 30 Mar 18:13:51 068 - TestCaseID:: TC_Yatra_Flight_110</small> </font> </div></div>			</td>		</tr>		<tr>			<th>Exception			</th>		</tr>		<tr>			<td><div class=stacktrace>org.testng.SkipException: Node is not started or down.
	at com.Yatra.Utils.WebDriverFactory.get(WebDriverFactory.java:430)
	at com.Yatra.Utils.WebDriverFactory.get(WebDriverFactory.java:226)
	at com.Yatra.TestScript.Flights.FlightPricing.TC_Yatra_Flight_110(FlightPricing.java:548)
	at sun.reflect.NativeMethodAccessorImpl.invoke0(Native Method)
	at sun.reflect.NativeMethodAccessorImpl.invoke(NativeMethodAccessorImpl.java:62)
	at sun.reflect.DelegatingMethodAccessorImpl.invoke(DelegatingMethodAccessorImpl.java:43)
	at java.lang.reflect.Method.invoke(Method.java:497)
	at org.testng.internal.MethodInvocationHelper.invokeMethod(MethodInvocationHelper.java:85)
	at org.testng.internal.Invoker.invokeMethod(Invoker.java:639)
	at org.testng.internal.Invoker.invokeTestMethod(Invoker.java:816)
	at org.testng.internal.Invoker.invokeTestMethods(Invoker.java:1124)
	at org.testng.internal.TestMethodWorker.invokeTestMethods(TestMethodWorker.java:125)
	at org.testng.internal.TestMethodWorker.run(TestMethodWorker.java:108)
	at org.testng.TestRunner.privateRun(TestRunner.java:774)
	at org.testng.TestRunner.run(TestRunner.java:624)
	at org.testng.SuiteRunner.runTest(SuiteRunner.java:359)
	at org.testng.SuiteRunner.runSequentially(SuiteRunner.java:354)
	at org.testng.SuiteRunner.privateRun(SuiteRunner.java:312)
	at org.testng.SuiteRunner.run(SuiteRunner.java:261)
	at org.testng.SuiteRunnerWorker.runSuite(SuiteRunnerWorker.java:52)
	at org.testng.SuiteRunnerWorker.run(SuiteRunnerWorker.java:86)
	at org.testng.TestNG.runSuitesSequentially(TestNG.java:1191)
	at org.testng.TestNG.runSuitesLocally(TestNG.java:1116)
	at org.testng.TestNG.run(TestNG.java:1024)
	at org.testng.remote.RemoteTestNG.run(RemoteTestNG.java:112)
	at org.testng.remote.RemoteTestNG.initAndRun(RemoteTestNG.java:205)
	at org.testng.remote.RemoteTestNG.main(RemoteTestNG.java:176)
</div>			</td>		</tr>	</table><p class=totop><a href=#summary>back to summary</a></p><h3 id=m12>com.Yatra.TestScript.Flights.FlightPricing#TC_Yatra_Flight_111</h3>	<table class=result>		<tr class=param>			<th>Parameter #1			</th>		</tr>		<tr class=param stripe>			<td>{Origin=DEL, ReturnDate=, Destination=LON, Description=Applying promo code on review page-  Have a Promo Code submission, PromoCode=NA, PassengerInfo=1_0_0, Infant=, Mobile=, EmailAddress=vandna.yatra@gmail.com, TestID=TC_Yatra_Flight_111, Insurance=No, RunMode=Yes, browser=chrome_windows, TripType=ONEWAY, Origin_Multicity=, Adult=, Class=Economy, DepartureDate=5, Domain=INT, Child=, Destination_Multicity=, testCaseId=TC_Yatra_Flight_111, Password=password1}			</td>		</tr>		<tr>			<th>Messages			</th>		</tr>		<tr>			<td><div class=messages><div class=test-event> <font color=maroon> <small> &emsp; &emsp;--- 30 Mar 18:13:51 085 - TestCaseID:: TC_Yatra_Flight_111</small> </font> </div></div>			</td>		</tr>		<tr>			<th>Exception			</th>		</tr>		<tr>			<td><div class=stacktrace>org.testng.SkipException: Node is not started or down.
	at com.Yatra.Utils.WebDriverFactory.get(WebDriverFactory.java:430)
	at com.Yatra.Utils.WebDriverFactory.get(WebDriverFactory.java:226)
	at com.Yatra.TestScript.Flights.FlightPricing.TC_Yatra_Flight_111(FlightPricing.java:601)
	at sun.reflect.NativeMethodAccessorImpl.invoke0(Native Method)
	at sun.reflect.NativeMethodAccessorImpl.invoke(NativeMethodAccessorImpl.java:62)
	at sun.reflect.DelegatingMethodAccessorImpl.invoke(DelegatingMethodAccessorImpl.java:43)
	at java.lang.reflect.Method.invoke(Method.java:497)
	at org.testng.internal.MethodInvocationHelper.invokeMethod(MethodInvocationHelper.java:85)
	at org.testng.internal.Invoker.invokeMethod(Invoker.java:639)
	at org.testng.internal.Invoker.invokeTestMethod(Invoker.java:816)
	at org.testng.internal.Invoker.invokeTestMethods(Invoker.java:1124)
	at org.testng.internal.TestMethodWorker.invokeTestMethods(TestMethodWorker.java:125)
	at org.testng.internal.TestMethodWorker.run(TestMethodWorker.java:108)
	at org.testng.TestRunner.privateRun(TestRunner.java:774)
	at org.testng.TestRunner.run(TestRunner.java:624)
	at org.testng.SuiteRunner.runTest(SuiteRunner.java:359)
	at org.testng.SuiteRunner.runSequentially(SuiteRunner.java:354)
	at org.testng.SuiteRunner.privateRun(SuiteRunner.java:312)
	at org.testng.SuiteRunner.run(SuiteRunner.java:261)
	at org.testng.SuiteRunnerWorker.runSuite(SuiteRunnerWorker.java:52)
	at org.testng.SuiteRunnerWorker.run(SuiteRunnerWorker.java:86)
	at org.testng.TestNG.runSuitesSequentially(TestNG.java:1191)
	at org.testng.TestNG.runSuitesLocally(TestNG.java:1116)
	at org.testng.TestNG.run(TestNG.java:1024)
	at org.testng.remote.RemoteTestNG.run(RemoteTestNG.java:112)
	at org.testng.remote.RemoteTestNG.initAndRun(RemoteTestNG.java:205)
	at org.testng.remote.RemoteTestNG.main(RemoteTestNG.java:176)
</div>			</td>		</tr>	</table><p class="totop"><a href="#summary">back to summary</a></p></body></html>