<?xml version="1.0" encoding="UTF-8"?>
<!-- Generated by org.testng.reporters.JUnitXMLReporter -->
<testsuite hostname="asplapggnr1" name="Flight Pricing" tests="13" failures="0" timestamp="30 Mar 2017 12:43:51 GMT" time="1.113" errors="0">
  <testcase name="TC_Yatra_Flight_087" time="0.0" classname="com.Yatra.TestScript.Flights.FlightPricing">
    <skipped/>
  </testcase> <!-- TC_Yatra_Flight_087 -->
  <testcase name="TC_Yatra_Flight_088" time="0.0" classname="com.Yatra.TestScript.Flights.FlightPricing">
    <skipped/>
  </testcase> <!-- TC_Yatra_Flight_088 -->
  <testcase name="TC_Yatra_Flight_089" time="0.0" classname="com.Yatra.TestScript.Flights.FlightPricing">
    <skipped/>
  </testcase> <!-- TC_Yatra_Flight_089 -->
  <testcase name="TC_Yatra_Flight_090" time="0.0" classname="com.Yatra.TestScript.Flights.FlightPricing">
    <skipped/>
  </testcase> <!-- TC_Yatra_Flight_090 -->
  <testcase name="TC_Yatra_Flight_091" time="0.0" classname="com.Yatra.TestScript.Flights.FlightPricing">
    <skipped/>
  </testcase> <!-- TC_Yatra_Flight_091 -->
  <testcase name="TC_Yatra_Flight_092" time="0.0" classname="com.Yatra.TestScript.Flights.FlightPricing">
    <skipped/>
  </testcase> <!-- TC_Yatra_Flight_092 -->
  <testcase name="TC_Yatra_Flight_096" time="0.0" classname="com.Yatra.TestScript.Flights.FlightPricing">
    <skipped/>
  </testcase> <!-- TC_Yatra_Flight_096 -->
  <testcase name="TC_Yatra_Flight_106" time="0.0" classname="com.Yatra.TestScript.Flights.FlightPricing">
    <skipped/>
  </testcase> <!-- TC_Yatra_Flight_106 -->
  <testcase name="TC_Yatra_Flight_107" time="0.0" classname="com.Yatra.TestScript.Flights.FlightPricing">
    <skipped/>
  </testcase> <!-- TC_Yatra_Flight_107 -->
  <testcase name="TC_Yatra_Flight_108" time="0.0" classname="com.Yatra.TestScript.Flights.FlightPricing">
    <skipped/>
  </testcase> <!-- TC_Yatra_Flight_108 -->
  <testcase name="TC_Yatra_Flight_109" time="0.0" classname="com.Yatra.TestScript.Flights.FlightPricing">
    <skipped/>
  </testcase> <!-- TC_Yatra_Flight_109 -->
  <testcase name="TC_Yatra_Flight_110" time="0.0" classname="com.Yatra.TestScript.Flights.FlightPricing">
    <skipped/>
  </testcase> <!-- TC_Yatra_Flight_110 -->
  <testcase name="TC_Yatra_Flight_111" time="0.0" classname="com.Yatra.TestScript.Flights.FlightPricing">
    <skipped/>
  </testcase> <!-- TC_Yatra_Flight_111 -->
</testsuite> <!-- Flight Pricing -->
