<html>
<head>
<title>TestNG:  Flight Pricing</title>
<link href="../testng.css" rel="stylesheet" type="text/css" />
<link href="../my-testng.css" rel="stylesheet" type="text/css" />

<style type="text/css">
.log { display: none;} 
.stack-trace { display: none;} 
</style>
<script type="text/javascript">
<!--
function flip(e) {
  current = e.style.display;
  if (current == 'block') {
    e.style.display = 'none';
    return 0;
  }
  else {
    e.style.display = 'block';
    return 1;
  }
}

function toggleBox(szDivId, elem, msg1, msg2)
{
  var res = -1;  if (document.getElementById) {
    res = flip(document.getElementById(szDivId));
  }
  else if (document.all) {
    // this is the way old msie versions work
    res = flip(document.all[szDivId]);
  }
  if(elem) {
    if(res == 0) elem.innerHTML = msg1; else elem.innerHTML = msg2;
  }

}

function toggleAllBoxes() {
  if (document.getElementsByTagName) {
    d = document.getElementsByTagName('div');
    for (i = 0; i < d.length; i++) {
      if (d[i].className == 'log') {
        flip(d[i]);
      }
    }
  }
}

// -->
</script>

</head>
<body>
<h2 align='center'>Flight Pricing</h2><table border='1' align="center">
<tr>
<td>Tests passed/Failed/Skipped:</td><td>0/0/13</td>
</tr><tr>
<td>Started on:</td><td>Thu Mar 30 18:13:49 IST 2017</td>
</tr>
<tr><td>Total time:</td><td>1 seconds (1113 ms)</td>
</tr><tr>
<td>Included groups:</td><td></td>
</tr><tr>
<td>Excluded groups:</td><td></td>
</tr>
</table><p/>
<small><i>(Hover the method name to see the test class name)</i></small><p/>
<table width='100%' border='1' class='invocation-skipped'>
<tr><td colspan='4' align='center'><b>SKIPPED TESTS</b></td></tr>
<tr><td><b>Test method</b></td>
<td width="30%"><b>Exception</b></td>
<td width="10%"><b>Time (seconds)</b></td>
<td><b>Instance</b></td>
</tr>
<tr>
<td title='com.Yatra.TestScript.Flights.FlightPricing.TC_Yatra_Flight_087()'><b>TC_Yatra_Flight_087</b><br>Test class: com.Yatra.TestScript.Flights.FlightPricing<br>Test method: Check to price calculation for DOM flight-one way<br>Parameters: {Origin=DEL, ReturnDate=, Destination=MAA, Description=Check to price calculation for DOM flight-one way, PromoCode=NA, PassengerInfo=1_0_0, Infant=, Mobile=, EmailAddress=vandna.yatra@gmail.com, TestID=TC_Yatra_Flight_087, Insurance=No, RunMode=Yes, browser=chrome_windows, TripType=ONEWAY, Origin_Multicity=, Adult=, Class=Economy, DepartureDate=2, Domain=DOM, Child=, Destination_Multicity=, testCaseId=TC_Yatra_Flight_087, Password=password1}<br/>
<a href="#Output-1578009262" onClick='toggleBox("Output-1578009262", this, "Show output", "Hide output");'>Show output</a>

<a href="#Output-1578009262" onClick="toggleAllBoxes();">Show all outputs</a>
<div class='log' id="Output-1578009262">
<div class="test-event"> <font color="maroon"> <small> &emsp; &emsp;--- 30 Mar 18:13:50 199 - TestCaseID:: TC_Yatra_Flight_087</small> </font> </div><br/>
</div>
</td>
<td><div><pre>org.testng.SkipException: Node is not started or down.
	at com.Yatra.Utils.WebDriverFactory.get(WebDriverFactory.java:430)
	at com.Yatra.Utils.WebDriverFactory.get(WebDriverFactory.java:226)
	at com.Yatra.TestScript.Flights.FlightPricing.TC_Yatra_Flight_087(FlightPricing.java:64)
	at sun.reflect.NativeMethodAccessorImpl.invoke0(Native Method)
	at sun.reflect.NativeMethodAccessorImpl.invoke(NativeMethodAccessorImpl.java:62)
	at sun.reflect.DelegatingMethodAccessorImpl.invoke(DelegatingMethodAccessorImpl.java:43)
	at java.lang.reflect.Method.invoke(Method.java:497)
	at org.testng.internal.MethodInvocationHelper.invokeMethod(MethodInvocationHelper.java:85)
	at org.testng.internal.Invoker.invokeMethod(Invoker.java:639)
	at org.testng.internal.Invoker.invokeTestMethod(Invoker.java:816)
	at org.testng.internal.Invoker.invokeTestMethods(Invoker.java:1124)
	at org.testng.internal.TestMethodWorker.invokeTestMethods(TestMethodWorker.java:125)
	at org.testng.internal.TestMethodWorker.run(TestMethodWorker.java:108)
	at org.testng.TestRunner.privateRun(TestRunner.java:774)
	at org.testng.TestRunner.run(TestRunner.java:624)
	at org.testng.SuiteRunner.runTest(SuiteRunner.java:359)
	at org.testng.SuiteRunner.runSequentially(SuiteRunner.java:354)
	at org.testng.SuiteRunner.privateRun(SuiteRunner.java:312)
	at org.testng.SuiteRunner.run(SuiteRunner.java:261)
	at org.testng.SuiteRunnerWorker.runSuite(SuiteRunnerWorker.java:52)
	at org.testng.SuiteRunnerWorker.run(SuiteRunnerWorker.java:86)
	at org.testng.TestNG.runSuitesSequentially(TestNG.java:1191)
	at org.testng.TestNG.runSuitesLocally(TestNG.java:1116)
	at org.testng.TestNG.run(TestNG.java:1024)
	at org.testng.remote.RemoteTestNG.run(RemoteTestNG.java:112)
	at org.testng.remote.RemoteTestNG.initAndRun(RemoteTestNG.java:205)
	at org.testng.remote.RemoteTestNG.main(RemoteTestNG.java:176)
</pre></div><a href='#' onClick='toggleBox("stack-trace1578009262", this, "Click to show all stack frames", "Click to hide stack frames")'>Click to show all stack frames</a>
<div class='stack-trace' id='stack-trace1578009262'><pre>org.testng.SkipException: Node is not started or down.
	at com.Yatra.Utils.WebDriverFactory.get(WebDriverFactory.java:430)
	at com.Yatra.Utils.WebDriverFactory.get(WebDriverFactory.java:226)
	at com.Yatra.TestScript.Flights.FlightPricing.TC_Yatra_Flight_087(FlightPricing.java:64)
	at sun.reflect.NativeMethodAccessorImpl.invoke0(Native Method)
	at sun.reflect.NativeMethodAccessorImpl.invoke(NativeMethodAccessorImpl.java:62)
	at sun.reflect.DelegatingMethodAccessorImpl.invoke(DelegatingMethodAccessorImpl.java:43)
	at java.lang.reflect.Method.invoke(Method.java:497)
	at org.testng.internal.MethodInvocationHelper.invokeMethod(MethodInvocationHelper.java:85)
	at org.testng.internal.Invoker.invokeMethod(Invoker.java:639)
	at org.testng.internal.Invoker.invokeTestMethod(Invoker.java:816)
	at org.testng.internal.Invoker.invokeTestMethods(Invoker.java:1124)
	at org.testng.internal.TestMethodWorker.invokeTestMethods(TestMethodWorker.java:125)
	at org.testng.internal.TestMethodWorker.run(TestMethodWorker.java:108)
	at org.testng.TestRunner.privateRun(TestRunner.java:774)
	at org.testng.TestRunner.run(TestRunner.java:624)
	at org.testng.SuiteRunner.runTest(SuiteRunner.java:359)
	at org.testng.SuiteRunner.runSequentially(SuiteRunner.java:354)
	at org.testng.SuiteRunner.privateRun(SuiteRunner.java:312)
	at org.testng.SuiteRunner.run(SuiteRunner.java:261)
	at org.testng.SuiteRunnerWorker.runSuite(SuiteRunnerWorker.java:52)
	at org.testng.SuiteRunnerWorker.run(SuiteRunnerWorker.java:86)
	at org.testng.TestNG.runSuitesSequentially(TestNG.java:1191)
	at org.testng.TestNG.runSuitesLocally(TestNG.java:1116)
	at org.testng.TestNG.run(TestNG.java:1024)
	at org.testng.remote.RemoteTestNG.run(RemoteTestNG.java:112)
	at org.testng.remote.RemoteTestNG.initAndRun(RemoteTestNG.java:205)
	at org.testng.remote.RemoteTestNG.main(RemoteTestNG.java:176)
</pre></div></td>
<td>0</td>
<td>com.Yatra.TestScript.Flights.FlightPricing@23a5fd2</td></tr>
<tr>
<td title='com.Yatra.TestScript.Flights.FlightPricing.TC_Yatra_Flight_088()'><b>TC_Yatra_Flight_088</b><br>Test class: com.Yatra.TestScript.Flights.FlightPricing<br>Test method: Check to price calculation for DOM flight-round trip<br>Parameters: {Origin=DEL, ReturnDate=8, Destination=BLR, Description=Check to price calculation for DOM flight-roundtrip, PromoCode=NA, PassengerInfo=1_0_0, Infant=, Mobile=, EmailAddress=vandna.yatra@gmail.com, TestID=TC_Yatra_Flight_088, Insurance=No, RunMode=Yes, browser=chrome_windows, TripType=ROUNDTRIP, Origin_Multicity=, Adult=, Class=Business, DepartureDate=5, Domain=DOM, Child=, Destination_Multicity=, testCaseId=TC_Yatra_Flight_088, Password=password1}<br/>
<a href="#Output-1175371136" onClick='toggleBox("Output-1175371136", this, "Show output", "Hide output");'>Show output</a>

<a href="#Output-1175371136" onClick="toggleAllBoxes();">Show all outputs</a>
<div class='log' id="Output-1175371136">
<div class="test-event"> <font color="maroon"> <small> &emsp; &emsp;--- 30 Mar 18:13:50 847 - TestCaseID:: TC_Yatra_Flight_088</small> </font> </div><br/>
</div>
</td>
<td><div><pre>org.testng.SkipException: Node is not started or down.
	at com.Yatra.Utils.WebDriverFactory.get(WebDriverFactory.java:430)
	at com.Yatra.Utils.WebDriverFactory.get(WebDriverFactory.java:226)
	at com.Yatra.TestScript.Flights.FlightPricing.TC_Yatra_Flight_088(FlightPricing.java:122)
	at sun.reflect.NativeMethodAccessorImpl.invoke0(Native Method)
	at sun.reflect.NativeMethodAccessorImpl.invoke(NativeMethodAccessorImpl.java:62)
	at sun.reflect.DelegatingMethodAccessorImpl.invoke(DelegatingMethodAccessorImpl.java:43)
	at java.lang.reflect.Method.invoke(Method.java:497)
	at org.testng.internal.MethodInvocationHelper.invokeMethod(MethodInvocationHelper.java:85)
	at org.testng.internal.Invoker.invokeMethod(Invoker.java:639)
	at org.testng.internal.Invoker.invokeTestMethod(Invoker.java:816)
	at org.testng.internal.Invoker.invokeTestMethods(Invoker.java:1124)
	at org.testng.internal.TestMethodWorker.invokeTestMethods(TestMethodWorker.java:125)
	at org.testng.internal.TestMethodWorker.run(TestMethodWorker.java:108)
	at org.testng.TestRunner.privateRun(TestRunner.java:774)
	at org.testng.TestRunner.run(TestRunner.java:624)
	at org.testng.SuiteRunner.runTest(SuiteRunner.java:359)
	at org.testng.SuiteRunner.runSequentially(SuiteRunner.java:354)
	at org.testng.SuiteRunner.privateRun(SuiteRunner.java:312)
	at org.testng.SuiteRunner.run(SuiteRunner.java:261)
	at org.testng.SuiteRunnerWorker.runSuite(SuiteRunnerWorker.java:52)
	at org.testng.SuiteRunnerWorker.run(SuiteRunnerWorker.java:86)
	at org.testng.TestNG.runSuitesSequentially(TestNG.java:1191)
	at org.testng.TestNG.runSuitesLocally(TestNG.java:1116)
	at org.testng.TestNG.run(TestNG.java:1024)
	at org.testng.remote.RemoteTestNG.run(RemoteTestNG.java:112)
	at org.testng.remote.RemoteTestNG.initAndRun(RemoteTestNG.java:205)
	at org.testng.remote.RemoteTestNG.main(RemoteTestNG.java:176)
</pre></div><a href='#' onClick='toggleBox("stack-trace1175371136", this, "Click to show all stack frames", "Click to hide stack frames")'>Click to show all stack frames</a>
<div class='stack-trace' id='stack-trace1175371136'><pre>org.testng.SkipException: Node is not started or down.
	at com.Yatra.Utils.WebDriverFactory.get(WebDriverFactory.java:430)
	at com.Yatra.Utils.WebDriverFactory.get(WebDriverFactory.java:226)
	at com.Yatra.TestScript.Flights.FlightPricing.TC_Yatra_Flight_088(FlightPricing.java:122)
	at sun.reflect.NativeMethodAccessorImpl.invoke0(Native Method)
	at sun.reflect.NativeMethodAccessorImpl.invoke(NativeMethodAccessorImpl.java:62)
	at sun.reflect.DelegatingMethodAccessorImpl.invoke(DelegatingMethodAccessorImpl.java:43)
	at java.lang.reflect.Method.invoke(Method.java:497)
	at org.testng.internal.MethodInvocationHelper.invokeMethod(MethodInvocationHelper.java:85)
	at org.testng.internal.Invoker.invokeMethod(Invoker.java:639)
	at org.testng.internal.Invoker.invokeTestMethod(Invoker.java:816)
	at org.testng.internal.Invoker.invokeTestMethods(Invoker.java:1124)
	at org.testng.internal.TestMethodWorker.invokeTestMethods(TestMethodWorker.java:125)
	at org.testng.internal.TestMethodWorker.run(TestMethodWorker.java:108)
	at org.testng.TestRunner.privateRun(TestRunner.java:774)
	at org.testng.TestRunner.run(TestRunner.java:624)
	at org.testng.SuiteRunner.runTest(SuiteRunner.java:359)
	at org.testng.SuiteRunner.runSequentially(SuiteRunner.java:354)
	at org.testng.SuiteRunner.privateRun(SuiteRunner.java:312)
	at org.testng.SuiteRunner.run(SuiteRunner.java:261)
	at org.testng.SuiteRunnerWorker.runSuite(SuiteRunnerWorker.java:52)
	at org.testng.SuiteRunnerWorker.run(SuiteRunnerWorker.java:86)
	at org.testng.TestNG.runSuitesSequentially(TestNG.java:1191)
	at org.testng.TestNG.runSuitesLocally(TestNG.java:1116)
	at org.testng.TestNG.run(TestNG.java:1024)
	at org.testng.remote.RemoteTestNG.run(RemoteTestNG.java:112)
	at org.testng.remote.RemoteTestNG.initAndRun(RemoteTestNG.java:205)
	at org.testng.remote.RemoteTestNG.main(RemoteTestNG.java:176)
</pre></div></td>
<td>0</td>
<td>com.Yatra.TestScript.Flights.FlightPricing@23a5fd2</td></tr>
<tr>
<td title='com.Yatra.TestScript.Flights.FlightPricing.TC_Yatra_Flight_089()'><b>TC_Yatra_Flight_089</b><br>Test class: com.Yatra.TestScript.Flights.FlightPricing<br>Test method: Insurance added on pax page <br>Parameters: {Origin=DEL, ReturnDate=, Destination=CJB, Description=Insurance added on pax page, PromoCode=NA, PassengerInfo=1_0_0, Infant=, Mobile=, EmailAddress=vandna.yatra@gmail.com, TestID=TC_Yatra_Flight_089, Insurance=No, RunMode=Yes, browser=chrome_windows, TripType=ONEWAY, Origin_Multicity=, Adult=, Class=Economy, DepartureDate=4, Domain=DOM, Child=, Destination_Multicity=, testCaseId=TC_Yatra_Flight_089, Password=password1}<br/>
<a href="#Output-1792227359" onClick='toggleBox("Output-1792227359", this, "Show output", "Hide output");'>Show output</a>

<a href="#Output-1792227359" onClick="toggleAllBoxes();">Show all outputs</a>
<div class='log' id="Output-1792227359">
<div class="test-event"> <font color="maroon"> <small> &emsp; &emsp;--- 30 Mar 18:13:50 890 - TestCaseID:: TC_Yatra_Flight_089</small> </font> </div><br/>
</div>
</td>
<td><div><pre>org.testng.SkipException: Node is not started or down.
	at com.Yatra.Utils.WebDriverFactory.get(WebDriverFactory.java:430)
	at com.Yatra.Utils.WebDriverFactory.get(WebDriverFactory.java:226)
	at com.Yatra.TestScript.Flights.FlightPricing.TC_Yatra_Flight_089(FlightPricing.java:188)
	at sun.reflect.NativeMethodAccessorImpl.invoke0(Native Method)
	at sun.reflect.NativeMethodAccessorImpl.invoke(NativeMethodAccessorImpl.java:62)
	at sun.reflect.DelegatingMethodAccessorImpl.invoke(DelegatingMethodAccessorImpl.java:43)
	at java.lang.reflect.Method.invoke(Method.java:497)
	at org.testng.internal.MethodInvocationHelper.invokeMethod(MethodInvocationHelper.java:85)
	at org.testng.internal.Invoker.invokeMethod(Invoker.java:639)
	at org.testng.internal.Invoker.invokeTestMethod(Invoker.java:816)
	at org.testng.internal.Invoker.invokeTestMethods(Invoker.java:1124)
	at org.testng.internal.TestMethodWorker.invokeTestMethods(TestMethodWorker.java:125)
	at org.testng.internal.TestMethodWorker.run(TestMethodWorker.java:108)
	at org.testng.TestRunner.privateRun(TestRunner.java:774)
	at org.testng.TestRunner.run(TestRunner.java:624)
	at org.testng.SuiteRunner.runTest(SuiteRunner.java:359)
	at org.testng.SuiteRunner.runSequentially(SuiteRunner.java:354)
	at org.testng.SuiteRunner.privateRun(SuiteRunner.java:312)
	at org.testng.SuiteRunner.run(SuiteRunner.java:261)
	at org.testng.SuiteRunnerWorker.runSuite(SuiteRunnerWorker.java:52)
	at org.testng.SuiteRunnerWorker.run(SuiteRunnerWorker.java:86)
	at org.testng.TestNG.runSuitesSequentially(TestNG.java:1191)
	at org.testng.TestNG.runSuitesLocally(TestNG.java:1116)
	at org.testng.TestNG.run(TestNG.java:1024)
	at org.testng.remote.RemoteTestNG.run(RemoteTestNG.java:112)
	at org.testng.remote.RemoteTestNG.initAndRun(RemoteTestNG.java:205)
	at org.testng.remote.RemoteTestNG.main(RemoteTestNG.java:176)
</pre></div><a href='#' onClick='toggleBox("stack-trace1792227359", this, "Click to show all stack frames", "Click to hide stack frames")'>Click to show all stack frames</a>
<div class='stack-trace' id='stack-trace1792227359'><pre>org.testng.SkipException: Node is not started or down.
	at com.Yatra.Utils.WebDriverFactory.get(WebDriverFactory.java:430)
	at com.Yatra.Utils.WebDriverFactory.get(WebDriverFactory.java:226)
	at com.Yatra.TestScript.Flights.FlightPricing.TC_Yatra_Flight_089(FlightPricing.java:188)
	at sun.reflect.NativeMethodAccessorImpl.invoke0(Native Method)
	at sun.reflect.NativeMethodAccessorImpl.invoke(NativeMethodAccessorImpl.java:62)
	at sun.reflect.DelegatingMethodAccessorImpl.invoke(DelegatingMethodAccessorImpl.java:43)
	at java.lang.reflect.Method.invoke(Method.java:497)
	at org.testng.internal.MethodInvocationHelper.invokeMethod(MethodInvocationHelper.java:85)
	at org.testng.internal.Invoker.invokeMethod(Invoker.java:639)
	at org.testng.internal.Invoker.invokeTestMethod(Invoker.java:816)
	at org.testng.internal.Invoker.invokeTestMethods(Invoker.java:1124)
	at org.testng.internal.TestMethodWorker.invokeTestMethods(TestMethodWorker.java:125)
	at org.testng.internal.TestMethodWorker.run(TestMethodWorker.java:108)
	at org.testng.TestRunner.privateRun(TestRunner.java:774)
	at org.testng.TestRunner.run(TestRunner.java:624)
	at org.testng.SuiteRunner.runTest(SuiteRunner.java:359)
	at org.testng.SuiteRunner.runSequentially(SuiteRunner.java:354)
	at org.testng.SuiteRunner.privateRun(SuiteRunner.java:312)
	at org.testng.SuiteRunner.run(SuiteRunner.java:261)
	at org.testng.SuiteRunnerWorker.runSuite(SuiteRunnerWorker.java:52)
	at org.testng.SuiteRunnerWorker.run(SuiteRunnerWorker.java:86)
	at org.testng.TestNG.runSuitesSequentially(TestNG.java:1191)
	at org.testng.TestNG.runSuitesLocally(TestNG.java:1116)
	at org.testng.TestNG.run(TestNG.java:1024)
	at org.testng.remote.RemoteTestNG.run(RemoteTestNG.java:112)
	at org.testng.remote.RemoteTestNG.initAndRun(RemoteTestNG.java:205)
	at org.testng.remote.RemoteTestNG.main(RemoteTestNG.java:176)
</pre></div></td>
<td>0</td>
<td>com.Yatra.TestScript.Flights.FlightPricing@23a5fd2</td></tr>
<tr>
<td title='com.Yatra.TestScript.Flights.FlightPricing.TC_Yatra_Flight_090()'><b>TC_Yatra_Flight_090</b><br>Test class: com.Yatra.TestScript.Flights.FlightPricing<br>Test method: Insurance verification on pax page removed<br>Parameters: {Origin=DEL, ReturnDate=, Destination=CJB, Description=Insurance verification on pax page removed, PromoCode=NA, PassengerInfo=1_0_0, Infant=, Mobile=, EmailAddress=vandna.yatra@gmail.com, TestID=TC_Yatra_Flight_090, Insurance=No, RunMode=Yes, browser=chrome_windows, TripType=ONEWAY, Origin_Multicity=, Adult=, Class=Economy, DepartureDate=3, Domain=DOM, Child=, Destination_Multicity=, testCaseId=TC_Yatra_Flight_090, Password=password1}<br/>
<a href="#Output-1844334363" onClick='toggleBox("Output-1844334363", this, "Show output", "Hide output");'>Show output</a>

<a href="#Output-1844334363" onClick="toggleAllBoxes();">Show all outputs</a>
<div class='log' id="Output-1844334363">
<div class="test-event"> <font color="maroon"> <small> &emsp; &emsp;--- 30 Mar 18:13:50 909 - TestCaseID:: TC_Yatra_Flight_090</small> </font> </div><br/>
</div>
</td>
<td><div><pre>org.testng.SkipException: Node is not started or down.
	at com.Yatra.Utils.WebDriverFactory.get(WebDriverFactory.java:430)
	at com.Yatra.Utils.WebDriverFactory.get(WebDriverFactory.java:226)
	at com.Yatra.TestScript.Flights.FlightPricing.TC_Yatra_Flight_090(FlightPricing.java:259)
	at sun.reflect.NativeMethodAccessorImpl.invoke0(Native Method)
	at sun.reflect.NativeMethodAccessorImpl.invoke(NativeMethodAccessorImpl.java:62)
	at sun.reflect.DelegatingMethodAccessorImpl.invoke(DelegatingMethodAccessorImpl.java:43)
	at java.lang.reflect.Method.invoke(Method.java:497)
	at org.testng.internal.MethodInvocationHelper.invokeMethod(MethodInvocationHelper.java:85)
	at org.testng.internal.Invoker.invokeMethod(Invoker.java:639)
	at org.testng.internal.Invoker.invokeTestMethod(Invoker.java:816)
	at org.testng.internal.Invoker.invokeTestMethods(Invoker.java:1124)
	at org.testng.internal.TestMethodWorker.invokeTestMethods(TestMethodWorker.java:125)
	at org.testng.internal.TestMethodWorker.run(TestMethodWorker.java:108)
	at org.testng.TestRunner.privateRun(TestRunner.java:774)
	at org.testng.TestRunner.run(TestRunner.java:624)
	at org.testng.SuiteRunner.runTest(SuiteRunner.java:359)
	at org.testng.SuiteRunner.runSequentially(SuiteRunner.java:354)
	at org.testng.SuiteRunner.privateRun(SuiteRunner.java:312)
	at org.testng.SuiteRunner.run(SuiteRunner.java:261)
	at org.testng.SuiteRunnerWorker.runSuite(SuiteRunnerWorker.java:52)
	at org.testng.SuiteRunnerWorker.run(SuiteRunnerWorker.java:86)
	at org.testng.TestNG.runSuitesSequentially(TestNG.java:1191)
	at org.testng.TestNG.runSuitesLocally(TestNG.java:1116)
	at org.testng.TestNG.run(TestNG.java:1024)
	at org.testng.remote.RemoteTestNG.run(RemoteTestNG.java:112)
	at org.testng.remote.RemoteTestNG.initAndRun(RemoteTestNG.java:205)
	at org.testng.remote.RemoteTestNG.main(RemoteTestNG.java:176)
</pre></div><a href='#' onClick='toggleBox("stack-trace1844334363", this, "Click to show all stack frames", "Click to hide stack frames")'>Click to show all stack frames</a>
<div class='stack-trace' id='stack-trace1844334363'><pre>org.testng.SkipException: Node is not started or down.
	at com.Yatra.Utils.WebDriverFactory.get(WebDriverFactory.java:430)
	at com.Yatra.Utils.WebDriverFactory.get(WebDriverFactory.java:226)
	at com.Yatra.TestScript.Flights.FlightPricing.TC_Yatra_Flight_090(FlightPricing.java:259)
	at sun.reflect.NativeMethodAccessorImpl.invoke0(Native Method)
	at sun.reflect.NativeMethodAccessorImpl.invoke(NativeMethodAccessorImpl.java:62)
	at sun.reflect.DelegatingMethodAccessorImpl.invoke(DelegatingMethodAccessorImpl.java:43)
	at java.lang.reflect.Method.invoke(Method.java:497)
	at org.testng.internal.MethodInvocationHelper.invokeMethod(MethodInvocationHelper.java:85)
	at org.testng.internal.Invoker.invokeMethod(Invoker.java:639)
	at org.testng.internal.Invoker.invokeTestMethod(Invoker.java:816)
	at org.testng.internal.Invoker.invokeTestMethods(Invoker.java:1124)
	at org.testng.internal.TestMethodWorker.invokeTestMethods(TestMethodWorker.java:125)
	at org.testng.internal.TestMethodWorker.run(TestMethodWorker.java:108)
	at org.testng.TestRunner.privateRun(TestRunner.java:774)
	at org.testng.TestRunner.run(TestRunner.java:624)
	at org.testng.SuiteRunner.runTest(SuiteRunner.java:359)
	at org.testng.SuiteRunner.runSequentially(SuiteRunner.java:354)
	at org.testng.SuiteRunner.privateRun(SuiteRunner.java:312)
	at org.testng.SuiteRunner.run(SuiteRunner.java:261)
	at org.testng.SuiteRunnerWorker.runSuite(SuiteRunnerWorker.java:52)
	at org.testng.SuiteRunnerWorker.run(SuiteRunnerWorker.java:86)
	at org.testng.TestNG.runSuitesSequentially(TestNG.java:1191)
	at org.testng.TestNG.runSuitesLocally(TestNG.java:1116)
	at org.testng.TestNG.run(TestNG.java:1024)
	at org.testng.remote.RemoteTestNG.run(RemoteTestNG.java:112)
	at org.testng.remote.RemoteTestNG.initAndRun(RemoteTestNG.java:205)
	at org.testng.remote.RemoteTestNG.main(RemoteTestNG.java:176)
</pre></div></td>
<td>0</td>
<td>com.Yatra.TestScript.Flights.FlightPricing@23a5fd2</td></tr>
<tr>
<td title='com.Yatra.TestScript.Flights.FlightPricing.TC_Yatra_Flight_091()'><b>TC_Yatra_Flight_091</b><br>Test class: com.Yatra.TestScript.Flights.FlightPricing<br>Test method: eCash redemption on payswift page<br>Parameters: {Origin=DEL, ReturnDate=, Destination=CJB, Description=eCash redemption on payswift page, PromoCode=NA, PassengerInfo=1_1_0, Infant=-1,-2, Mobile=, EmailAddress=vandna.yatra@gmail.com, TestID=TC_Yatra_Flight_091, Insurance=No, RunMode=Yes, browser=chrome_windows, TripType=ONEWAY, Origin_Multicity=, Adult=-40,-25, Class=Economy, DepartureDate=5, Domain=DOM, Child=-14,-12, Destination_Multicity=, testCaseId=TC_Yatra_Flight_091, Password=password1}<br/>
<a href="#Output-1336777650" onClick='toggleBox("Output-1336777650", this, "Show output", "Hide output");'>Show output</a>

<a href="#Output-1336777650" onClick="toggleAllBoxes();">Show all outputs</a>
<div class='log' id="Output-1336777650">
<div class="test-event"> <font color="maroon"> <small> &emsp; &emsp;--- 30 Mar 18:13:50 930 - TestCaseID:: TC_Yatra_Flight_091</small> </font> </div><br/>
</div>
</td>
<td><div><pre>org.testng.SkipException: Node is not started or down.
	at com.Yatra.Utils.WebDriverFactory.get(WebDriverFactory.java:430)
	at com.Yatra.Utils.WebDriverFactory.get(WebDriverFactory.java:226)
	at com.Yatra.TestScript.Flights.FlightPricing.TC_Yatra_Flight_091(FlightPricing.java:749)
	at sun.reflect.NativeMethodAccessorImpl.invoke0(Native Method)
	at sun.reflect.NativeMethodAccessorImpl.invoke(NativeMethodAccessorImpl.java:62)
	at sun.reflect.DelegatingMethodAccessorImpl.invoke(DelegatingMethodAccessorImpl.java:43)
	at java.lang.reflect.Method.invoke(Method.java:497)
	at org.testng.internal.MethodInvocationHelper.invokeMethod(MethodInvocationHelper.java:85)
	at org.testng.internal.Invoker.invokeMethod(Invoker.java:639)
	at org.testng.internal.Invoker.invokeTestMethod(Invoker.java:816)
	at org.testng.internal.Invoker.invokeTestMethods(Invoker.java:1124)
	at org.testng.internal.TestMethodWorker.invokeTestMethods(TestMethodWorker.java:125)
	at org.testng.internal.TestMethodWorker.run(TestMethodWorker.java:108)
	at org.testng.TestRunner.privateRun(TestRunner.java:774)
	at org.testng.TestRunner.run(TestRunner.java:624)
	at org.testng.SuiteRunner.runTest(SuiteRunner.java:359)
	at org.testng.SuiteRunner.runSequentially(SuiteRunner.java:354)
	at org.testng.SuiteRunner.privateRun(SuiteRunner.java:312)
	at org.testng.SuiteRunner.run(SuiteRunner.java:261)
	at org.testng.SuiteRunnerWorker.runSuite(SuiteRunnerWorker.java:52)
	at org.testng.SuiteRunnerWorker.run(SuiteRunnerWorker.java:86)
	at org.testng.TestNG.runSuitesSequentially(TestNG.java:1191)
	at org.testng.TestNG.runSuitesLocally(TestNG.java:1116)
	at org.testng.TestNG.run(TestNG.java:1024)
	at org.testng.remote.RemoteTestNG.run(RemoteTestNG.java:112)
	at org.testng.remote.RemoteTestNG.initAndRun(RemoteTestNG.java:205)
	at org.testng.remote.RemoteTestNG.main(RemoteTestNG.java:176)
</pre></div><a href='#' onClick='toggleBox("stack-trace1336777650", this, "Click to show all stack frames", "Click to hide stack frames")'>Click to show all stack frames</a>
<div class='stack-trace' id='stack-trace1336777650'><pre>org.testng.SkipException: Node is not started or down.
	at com.Yatra.Utils.WebDriverFactory.get(WebDriverFactory.java:430)
	at com.Yatra.Utils.WebDriverFactory.get(WebDriverFactory.java:226)
	at com.Yatra.TestScript.Flights.FlightPricing.TC_Yatra_Flight_091(FlightPricing.java:749)
	at sun.reflect.NativeMethodAccessorImpl.invoke0(Native Method)
	at sun.reflect.NativeMethodAccessorImpl.invoke(NativeMethodAccessorImpl.java:62)
	at sun.reflect.DelegatingMethodAccessorImpl.invoke(DelegatingMethodAccessorImpl.java:43)
	at java.lang.reflect.Method.invoke(Method.java:497)
	at org.testng.internal.MethodInvocationHelper.invokeMethod(MethodInvocationHelper.java:85)
	at org.testng.internal.Invoker.invokeMethod(Invoker.java:639)
	at org.testng.internal.Invoker.invokeTestMethod(Invoker.java:816)
	at org.testng.internal.Invoker.invokeTestMethods(Invoker.java:1124)
	at org.testng.internal.TestMethodWorker.invokeTestMethods(TestMethodWorker.java:125)
	at org.testng.internal.TestMethodWorker.run(TestMethodWorker.java:108)
	at org.testng.TestRunner.privateRun(TestRunner.java:774)
	at org.testng.TestRunner.run(TestRunner.java:624)
	at org.testng.SuiteRunner.runTest(SuiteRunner.java:359)
	at org.testng.SuiteRunner.runSequentially(SuiteRunner.java:354)
	at org.testng.SuiteRunner.privateRun(SuiteRunner.java:312)
	at org.testng.SuiteRunner.run(SuiteRunner.java:261)
	at org.testng.SuiteRunnerWorker.runSuite(SuiteRunnerWorker.java:52)
	at org.testng.SuiteRunnerWorker.run(SuiteRunnerWorker.java:86)
	at org.testng.TestNG.runSuitesSequentially(TestNG.java:1191)
	at org.testng.TestNG.runSuitesLocally(TestNG.java:1116)
	at org.testng.TestNG.run(TestNG.java:1024)
	at org.testng.remote.RemoteTestNG.run(RemoteTestNG.java:112)
	at org.testng.remote.RemoteTestNG.initAndRun(RemoteTestNG.java:205)
	at org.testng.remote.RemoteTestNG.main(RemoteTestNG.java:176)
</pre></div></td>
<td>0</td>
<td>com.Yatra.TestScript.Flights.FlightPricing@23a5fd2</td></tr>
<tr>
<td title='com.Yatra.TestScript.Flights.FlightPricing.TC_Yatra_Flight_092()'><b>TC_Yatra_Flight_092</b><br>Test class: com.Yatra.TestScript.Flights.FlightPricing<br>Test method: eCash redemption on payswift page<br>Parameters: {Origin=DEL, ReturnDate=, Destination=CJB, Description=eCash redemption on payswift page, PromoCode=NA, PassengerInfo=1_1_0, Infant=-1,-2, Mobile=, EmailAddress=vandna.yatra@gmail.com, TestID=TC_Yatra_Flight_092, Insurance=No, RunMode=Yes, browser=chrome_windows, TripType=ONEWAY, Origin_Multicity=, Adult=-40,-25, Class=Economy, DepartureDate=5, Domain=DOM, Child=-14,-12, Destination_Multicity=, testCaseId=TC_Yatra_Flight_092, Password=password1}<br/>
<a href="#Output-1233308726" onClick='toggleBox("Output-1233308726", this, "Show output", "Hide output");'>Show output</a>

<a href="#Output-1233308726" onClick="toggleAllBoxes();">Show all outputs</a>
<div class='log' id="Output-1233308726">
<div class="test-event"> <font color="maroon"> <small> &emsp; &emsp;--- 30 Mar 18:13:50 959 - TestCaseID:: TC_Yatra_Flight_092</small> </font> </div><br/>
</div>
</td>
<td><div><pre>org.testng.SkipException: Node is not started or down.
	at com.Yatra.Utils.WebDriverFactory.get(WebDriverFactory.java:430)
	at com.Yatra.Utils.WebDriverFactory.get(WebDriverFactory.java:226)
	at com.Yatra.TestScript.Flights.FlightPricing.TC_Yatra_Flight_092(FlightPricing.java:840)
	at sun.reflect.NativeMethodAccessorImpl.invoke0(Native Method)
	at sun.reflect.NativeMethodAccessorImpl.invoke(NativeMethodAccessorImpl.java:62)
	at sun.reflect.DelegatingMethodAccessorImpl.invoke(DelegatingMethodAccessorImpl.java:43)
	at java.lang.reflect.Method.invoke(Method.java:497)
	at org.testng.internal.MethodInvocationHelper.invokeMethod(MethodInvocationHelper.java:85)
	at org.testng.internal.Invoker.invokeMethod(Invoker.java:639)
	at org.testng.internal.Invoker.invokeTestMethod(Invoker.java:816)
	at org.testng.internal.Invoker.invokeTestMethods(Invoker.java:1124)
	at org.testng.internal.TestMethodWorker.invokeTestMethods(TestMethodWorker.java:125)
	at org.testng.internal.TestMethodWorker.run(TestMethodWorker.java:108)
	at org.testng.TestRunner.privateRun(TestRunner.java:774)
	at org.testng.TestRunner.run(TestRunner.java:624)
	at org.testng.SuiteRunner.runTest(SuiteRunner.java:359)
	at org.testng.SuiteRunner.runSequentially(SuiteRunner.java:354)
	at org.testng.SuiteRunner.privateRun(SuiteRunner.java:312)
	at org.testng.SuiteRunner.run(SuiteRunner.java:261)
	at org.testng.SuiteRunnerWorker.runSuite(SuiteRunnerWorker.java:52)
	at org.testng.SuiteRunnerWorker.run(SuiteRunnerWorker.java:86)
	at org.testng.TestNG.runSuitesSequentially(TestNG.java:1191)
	at org.testng.TestNG.runSuitesLocally(TestNG.java:1116)
	at org.testng.TestNG.run(TestNG.java:1024)
	at org.testng.remote.RemoteTestNG.run(RemoteTestNG.java:112)
	at org.testng.remote.RemoteTestNG.initAndRun(RemoteTestNG.java:205)
	at org.testng.remote.RemoteTestNG.main(RemoteTestNG.java:176)
</pre></div><a href='#' onClick='toggleBox("stack-trace1233308726", this, "Click to show all stack frames", "Click to hide stack frames")'>Click to show all stack frames</a>
<div class='stack-trace' id='stack-trace1233308726'><pre>org.testng.SkipException: Node is not started or down.
	at com.Yatra.Utils.WebDriverFactory.get(WebDriverFactory.java:430)
	at com.Yatra.Utils.WebDriverFactory.get(WebDriverFactory.java:226)
	at com.Yatra.TestScript.Flights.FlightPricing.TC_Yatra_Flight_092(FlightPricing.java:840)
	at sun.reflect.NativeMethodAccessorImpl.invoke0(Native Method)
	at sun.reflect.NativeMethodAccessorImpl.invoke(NativeMethodAccessorImpl.java:62)
	at sun.reflect.DelegatingMethodAccessorImpl.invoke(DelegatingMethodAccessorImpl.java:43)
	at java.lang.reflect.Method.invoke(Method.java:497)
	at org.testng.internal.MethodInvocationHelper.invokeMethod(MethodInvocationHelper.java:85)
	at org.testng.internal.Invoker.invokeMethod(Invoker.java:639)
	at org.testng.internal.Invoker.invokeTestMethod(Invoker.java:816)
	at org.testng.internal.Invoker.invokeTestMethods(Invoker.java:1124)
	at org.testng.internal.TestMethodWorker.invokeTestMethods(TestMethodWorker.java:125)
	at org.testng.internal.TestMethodWorker.run(TestMethodWorker.java:108)
	at org.testng.TestRunner.privateRun(TestRunner.java:774)
	at org.testng.TestRunner.run(TestRunner.java:624)
	at org.testng.SuiteRunner.runTest(SuiteRunner.java:359)
	at org.testng.SuiteRunner.runSequentially(SuiteRunner.java:354)
	at org.testng.SuiteRunner.privateRun(SuiteRunner.java:312)
	at org.testng.SuiteRunner.run(SuiteRunner.java:261)
	at org.testng.SuiteRunnerWorker.runSuite(SuiteRunnerWorker.java:52)
	at org.testng.SuiteRunnerWorker.run(SuiteRunnerWorker.java:86)
	at org.testng.TestNG.runSuitesSequentially(TestNG.java:1191)
	at org.testng.TestNG.runSuitesLocally(TestNG.java:1116)
	at org.testng.TestNG.run(TestNG.java:1024)
	at org.testng.remote.RemoteTestNG.run(RemoteTestNG.java:112)
	at org.testng.remote.RemoteTestNG.initAndRun(RemoteTestNG.java:205)
	at org.testng.remote.RemoteTestNG.main(RemoteTestNG.java:176)
</pre></div></td>
<td>0</td>
<td>com.Yatra.TestScript.Flights.FlightPricing@23a5fd2</td></tr>
<tr>
<td title='com.Yatra.TestScript.Flights.FlightPricing.TC_Yatra_Flight_096()'><b>TC_Yatra_Flight_096</b><br>Test class: com.Yatra.TestScript.Flights.FlightPricing<br>Test method: Check to price calculation for DOM flight-multicity<br>Parameters: {Origin=DEL, ReturnDate=4, Destination=BLR, Description=Check to price calculation for DOM flight-Multicity, PromoCode=NA, PassengerInfo=1_0_0, Infant=, Mobile=, EmailAddress=vandna.yatra@gmail.com, TestID=TC_Yatra_Flight_096, Insurance=No, RunMode=Yes, browser=chrome_windows, TripType=MULTICITY, Origin_Multicity=BLR, Adult=, Class=Economy, DepartureDate=2, Domain=DOM, Child=, Destination_Multicity=MAA, testCaseId=TC_Yatra_Flight_096, Password=password1}<br/>
<a href="#Output-443942537" onClick='toggleBox("Output-443942537", this, "Show output", "Hide output");'>Show output</a>

<a href="#Output-443942537" onClick="toggleAllBoxes();">Show all outputs</a>
<div class='log' id="Output-443942537">
<div class="test-event"> <font color="maroon"> <small> &emsp; &emsp;--- 30 Mar 18:13:50 982 - TestCaseID:: TC_Yatra_Flight_096</small> </font> </div><br/>
</div>
</td>
<td><div><pre>org.testng.SkipException: Node is not started or down.
	at com.Yatra.Utils.WebDriverFactory.get(WebDriverFactory.java:430)
	at com.Yatra.Utils.WebDriverFactory.get(WebDriverFactory.java:226)
	at com.Yatra.TestScript.Flights.FlightPricing.TC_Yatra_Flight_096(FlightPricing.java:657)
	at sun.reflect.NativeMethodAccessorImpl.invoke0(Native Method)
	at sun.reflect.NativeMethodAccessorImpl.invoke(NativeMethodAccessorImpl.java:62)
	at sun.reflect.DelegatingMethodAccessorImpl.invoke(DelegatingMethodAccessorImpl.java:43)
	at java.lang.reflect.Method.invoke(Method.java:497)
	at org.testng.internal.MethodInvocationHelper.invokeMethod(MethodInvocationHelper.java:85)
	at org.testng.internal.Invoker.invokeMethod(Invoker.java:639)
	at org.testng.internal.Invoker.invokeTestMethod(Invoker.java:816)
	at org.testng.internal.Invoker.invokeTestMethods(Invoker.java:1124)
	at org.testng.internal.TestMethodWorker.invokeTestMethods(TestMethodWorker.java:125)
	at org.testng.internal.TestMethodWorker.run(TestMethodWorker.java:108)
	at org.testng.TestRunner.privateRun(TestRunner.java:774)
	at org.testng.TestRunner.run(TestRunner.java:624)
	at org.testng.SuiteRunner.runTest(SuiteRunner.java:359)
	at org.testng.SuiteRunner.runSequentially(SuiteRunner.java:354)
	at org.testng.SuiteRunner.privateRun(SuiteRunner.java:312)
	at org.testng.SuiteRunner.run(SuiteRunner.java:261)
	at org.testng.SuiteRunnerWorker.runSuite(SuiteRunnerWorker.java:52)
	at org.testng.SuiteRunnerWorker.run(SuiteRunnerWorker.java:86)
	at org.testng.TestNG.runSuitesSequentially(TestNG.java:1191)
	at org.testng.TestNG.runSuitesLocally(TestNG.java:1116)
	at org.testng.TestNG.run(TestNG.java:1024)
	at org.testng.remote.RemoteTestNG.run(RemoteTestNG.java:112)
	at org.testng.remote.RemoteTestNG.initAndRun(RemoteTestNG.java:205)
	at org.testng.remote.RemoteTestNG.main(RemoteTestNG.java:176)
</pre></div><a href='#' onClick='toggleBox("stack-trace443942537", this, "Click to show all stack frames", "Click to hide stack frames")'>Click to show all stack frames</a>
<div class='stack-trace' id='stack-trace443942537'><pre>org.testng.SkipException: Node is not started or down.
	at com.Yatra.Utils.WebDriverFactory.get(WebDriverFactory.java:430)
	at com.Yatra.Utils.WebDriverFactory.get(WebDriverFactory.java:226)
	at com.Yatra.TestScript.Flights.FlightPricing.TC_Yatra_Flight_096(FlightPricing.java:657)
	at sun.reflect.NativeMethodAccessorImpl.invoke0(Native Method)
	at sun.reflect.NativeMethodAccessorImpl.invoke(NativeMethodAccessorImpl.java:62)
	at sun.reflect.DelegatingMethodAccessorImpl.invoke(DelegatingMethodAccessorImpl.java:43)
	at java.lang.reflect.Method.invoke(Method.java:497)
	at org.testng.internal.MethodInvocationHelper.invokeMethod(MethodInvocationHelper.java:85)
	at org.testng.internal.Invoker.invokeMethod(Invoker.java:639)
	at org.testng.internal.Invoker.invokeTestMethod(Invoker.java:816)
	at org.testng.internal.Invoker.invokeTestMethods(Invoker.java:1124)
	at org.testng.internal.TestMethodWorker.invokeTestMethods(TestMethodWorker.java:125)
	at org.testng.internal.TestMethodWorker.run(TestMethodWorker.java:108)
	at org.testng.TestRunner.privateRun(TestRunner.java:774)
	at org.testng.TestRunner.run(TestRunner.java:624)
	at org.testng.SuiteRunner.runTest(SuiteRunner.java:359)
	at org.testng.SuiteRunner.runSequentially(SuiteRunner.java:354)
	at org.testng.SuiteRunner.privateRun(SuiteRunner.java:312)
	at org.testng.SuiteRunner.run(SuiteRunner.java:261)
	at org.testng.SuiteRunnerWorker.runSuite(SuiteRunnerWorker.java:52)
	at org.testng.SuiteRunnerWorker.run(SuiteRunnerWorker.java:86)
	at org.testng.TestNG.runSuitesSequentially(TestNG.java:1191)
	at org.testng.TestNG.runSuitesLocally(TestNG.java:1116)
	at org.testng.TestNG.run(TestNG.java:1024)
	at org.testng.remote.RemoteTestNG.run(RemoteTestNG.java:112)
	at org.testng.remote.RemoteTestNG.initAndRun(RemoteTestNG.java:205)
	at org.testng.remote.RemoteTestNG.main(RemoteTestNG.java:176)
</pre></div></td>
<td>0</td>
<td>com.Yatra.TestScript.Flights.FlightPricing@23a5fd2</td></tr>
<tr>
<td title='com.Yatra.TestScript.Flights.FlightPricing.TC_Yatra_Flight_106()'><b>TC_Yatra_Flight_106</b><br>Test class: com.Yatra.TestScript.Flights.FlightPricing<br>Test method: Change flight link verification on Review page - DOM<br>Parameters: {Origin=DEL, ReturnDate=, Destination=CJB, Description=Change flight link verification on Review page - DOM, PromoCode=NA, PassengerInfo=1_0_0, Infant=, Mobile=, EmailAddress=vandna.yatra@gmail.com, TestID=TC_Yatra_Flight_106, Insurance=No, RunMode=Yes, browser=chrome_windows, TripType=ONEWAY, Origin_Multicity=, Adult=, Class=Economy, DepartureDate=5, Domain=DOM, Child=, Destination_Multicity=, testCaseId=TC_Yatra_Flight_106, Password=password1}<br/>
<a href="#Output-1104422581" onClick='toggleBox("Output-1104422581", this, "Show output", "Hide output");'>Show output</a>

<a href="#Output-1104422581" onClick="toggleAllBoxes();">Show all outputs</a>
<div class='log' id="Output-1104422581">
<div class="test-event"> <font color="maroon"> <small> &emsp; &emsp;--- 30 Mar 18:13:50 999 - TestCaseID:: TC_Yatra_Flight_106</small> </font> </div><br/>
</div>
</td>
<td><div><pre>org.testng.SkipException: Node is not started or down.
	at com.Yatra.Utils.WebDriverFactory.get(WebDriverFactory.java:430)
	at com.Yatra.Utils.WebDriverFactory.get(WebDriverFactory.java:226)
	at com.Yatra.TestScript.Flights.FlightPricing.TC_Yatra_Flight_106(FlightPricing.java:340)
	at sun.reflect.NativeMethodAccessorImpl.invoke0(Native Method)
	at sun.reflect.NativeMethodAccessorImpl.invoke(NativeMethodAccessorImpl.java:62)
	at sun.reflect.DelegatingMethodAccessorImpl.invoke(DelegatingMethodAccessorImpl.java:43)
	at java.lang.reflect.Method.invoke(Method.java:497)
	at org.testng.internal.MethodInvocationHelper.invokeMethod(MethodInvocationHelper.java:85)
	at org.testng.internal.Invoker.invokeMethod(Invoker.java:639)
	at org.testng.internal.Invoker.invokeTestMethod(Invoker.java:816)
	at org.testng.internal.Invoker.invokeTestMethods(Invoker.java:1124)
	at org.testng.internal.TestMethodWorker.invokeTestMethods(TestMethodWorker.java:125)
	at org.testng.internal.TestMethodWorker.run(TestMethodWorker.java:108)
	at org.testng.TestRunner.privateRun(TestRunner.java:774)
	at org.testng.TestRunner.run(TestRunner.java:624)
	at org.testng.SuiteRunner.runTest(SuiteRunner.java:359)
	at org.testng.SuiteRunner.runSequentially(SuiteRunner.java:354)
	at org.testng.SuiteRunner.privateRun(SuiteRunner.java:312)
	at org.testng.SuiteRunner.run(SuiteRunner.java:261)
	at org.testng.SuiteRunnerWorker.runSuite(SuiteRunnerWorker.java:52)
	at org.testng.SuiteRunnerWorker.run(SuiteRunnerWorker.java:86)
	at org.testng.TestNG.runSuitesSequentially(TestNG.java:1191)
	at org.testng.TestNG.runSuitesLocally(TestNG.java:1116)
	at org.testng.TestNG.run(TestNG.java:1024)
	at org.testng.remote.RemoteTestNG.run(RemoteTestNG.java:112)
	at org.testng.remote.RemoteTestNG.initAndRun(RemoteTestNG.java:205)
	at org.testng.remote.RemoteTestNG.main(RemoteTestNG.java:176)
</pre></div><a href='#' onClick='toggleBox("stack-trace1104422581", this, "Click to show all stack frames", "Click to hide stack frames")'>Click to show all stack frames</a>
<div class='stack-trace' id='stack-trace1104422581'><pre>org.testng.SkipException: Node is not started or down.
	at com.Yatra.Utils.WebDriverFactory.get(WebDriverFactory.java:430)
	at com.Yatra.Utils.WebDriverFactory.get(WebDriverFactory.java:226)
	at com.Yatra.TestScript.Flights.FlightPricing.TC_Yatra_Flight_106(FlightPricing.java:340)
	at sun.reflect.NativeMethodAccessorImpl.invoke0(Native Method)
	at sun.reflect.NativeMethodAccessorImpl.invoke(NativeMethodAccessorImpl.java:62)
	at sun.reflect.DelegatingMethodAccessorImpl.invoke(DelegatingMethodAccessorImpl.java:43)
	at java.lang.reflect.Method.invoke(Method.java:497)
	at org.testng.internal.MethodInvocationHelper.invokeMethod(MethodInvocationHelper.java:85)
	at org.testng.internal.Invoker.invokeMethod(Invoker.java:639)
	at org.testng.internal.Invoker.invokeTestMethod(Invoker.java:816)
	at org.testng.internal.Invoker.invokeTestMethods(Invoker.java:1124)
	at org.testng.internal.TestMethodWorker.invokeTestMethods(TestMethodWorker.java:125)
	at org.testng.internal.TestMethodWorker.run(TestMethodWorker.java:108)
	at org.testng.TestRunner.privateRun(TestRunner.java:774)
	at org.testng.TestRunner.run(TestRunner.java:624)
	at org.testng.SuiteRunner.runTest(SuiteRunner.java:359)
	at org.testng.SuiteRunner.runSequentially(SuiteRunner.java:354)
	at org.testng.SuiteRunner.privateRun(SuiteRunner.java:312)
	at org.testng.SuiteRunner.run(SuiteRunner.java:261)
	at org.testng.SuiteRunnerWorker.runSuite(SuiteRunnerWorker.java:52)
	at org.testng.SuiteRunnerWorker.run(SuiteRunnerWorker.java:86)
	at org.testng.TestNG.runSuitesSequentially(TestNG.java:1191)
	at org.testng.TestNG.runSuitesLocally(TestNG.java:1116)
	at org.testng.TestNG.run(TestNG.java:1024)
	at org.testng.remote.RemoteTestNG.run(RemoteTestNG.java:112)
	at org.testng.remote.RemoteTestNG.initAndRun(RemoteTestNG.java:205)
	at org.testng.remote.RemoteTestNG.main(RemoteTestNG.java:176)
</pre></div></td>
<td>0</td>
<td>com.Yatra.TestScript.Flights.FlightPricing@23a5fd2</td></tr>
<tr>
<td title='com.Yatra.TestScript.Flights.FlightPricing.TC_Yatra_Flight_107()'><b>TC_Yatra_Flight_107</b><br>Test class: com.Yatra.TestScript.Flights.FlightPricing<br>Test method: Change flight link verification on Review page - INTL<br>Parameters: {Origin=DEL, ReturnDate=, Destination=LON, Description=Change flight link verification on Review page - INTL, PromoCode=NA, PassengerInfo=1_0_0, Infant=, Mobile=, EmailAddress=vandna.yatra@gmail.com, TestID=TC_Yatra_Flight_107, Insurance=No, RunMode=Yes, browser=chrome_windows, TripType=ONEWAY, Origin_Multicity=, Adult=, Class=Economy, DepartureDate=5, Domain=INT, Child=, Destination_Multicity=, testCaseId=TC_Yatra_Flight_107, Password=password1}<br/>
<a href="#Output-608519258" onClick='toggleBox("Output-608519258", this, "Show output", "Hide output");'>Show output</a>

<a href="#Output-608519258" onClick="toggleAllBoxes();">Show all outputs</a>
<div class='log' id="Output-608519258">
<div class="test-event"> <font color="maroon"> <small> &emsp; &emsp;--- 30 Mar 18:13:51 020 - TestCaseID:: TC_Yatra_Flight_107</small> </font> </div><br/>
</div>
</td>
<td><div><pre>org.testng.SkipException: Node is not started or down.
	at com.Yatra.Utils.WebDriverFactory.get(WebDriverFactory.java:430)
	at com.Yatra.Utils.WebDriverFactory.get(WebDriverFactory.java:226)
	at com.Yatra.TestScript.Flights.FlightPricing.TC_Yatra_Flight_107(FlightPricing.java:391)
	at sun.reflect.NativeMethodAccessorImpl.invoke0(Native Method)
	at sun.reflect.NativeMethodAccessorImpl.invoke(NativeMethodAccessorImpl.java:62)
	at sun.reflect.DelegatingMethodAccessorImpl.invoke(DelegatingMethodAccessorImpl.java:43)
	at java.lang.reflect.Method.invoke(Method.java:497)
	at org.testng.internal.MethodInvocationHelper.invokeMethod(MethodInvocationHelper.java:85)
	at org.testng.internal.Invoker.invokeMethod(Invoker.java:639)
	at org.testng.internal.Invoker.invokeTestMethod(Invoker.java:816)
	at org.testng.internal.Invoker.invokeTestMethods(Invoker.java:1124)
	at org.testng.internal.TestMethodWorker.invokeTestMethods(TestMethodWorker.java:125)
	at org.testng.internal.TestMethodWorker.run(TestMethodWorker.java:108)
	at org.testng.TestRunner.privateRun(TestRunner.java:774)
	at org.testng.TestRunner.run(TestRunner.java:624)
	at org.testng.SuiteRunner.runTest(SuiteRunner.java:359)
	at org.testng.SuiteRunner.runSequentially(SuiteRunner.java:354)
	at org.testng.SuiteRunner.privateRun(SuiteRunner.java:312)
	at org.testng.SuiteRunner.run(SuiteRunner.java:261)
	at org.testng.SuiteRunnerWorker.runSuite(SuiteRunnerWorker.java:52)
	at org.testng.SuiteRunnerWorker.run(SuiteRunnerWorker.java:86)
	at org.testng.TestNG.runSuitesSequentially(TestNG.java:1191)
	at org.testng.TestNG.runSuitesLocally(TestNG.java:1116)
	at org.testng.TestNG.run(TestNG.java:1024)
	at org.testng.remote.RemoteTestNG.run(RemoteTestNG.java:112)
	at org.testng.remote.RemoteTestNG.initAndRun(RemoteTestNG.java:205)
	at org.testng.remote.RemoteTestNG.main(RemoteTestNG.java:176)
</pre></div><a href='#' onClick='toggleBox("stack-trace608519258", this, "Click to show all stack frames", "Click to hide stack frames")'>Click to show all stack frames</a>
<div class='stack-trace' id='stack-trace608519258'><pre>org.testng.SkipException: Node is not started or down.
	at com.Yatra.Utils.WebDriverFactory.get(WebDriverFactory.java:430)
	at com.Yatra.Utils.WebDriverFactory.get(WebDriverFactory.java:226)
	at com.Yatra.TestScript.Flights.FlightPricing.TC_Yatra_Flight_107(FlightPricing.java:391)
	at sun.reflect.NativeMethodAccessorImpl.invoke0(Native Method)
	at sun.reflect.NativeMethodAccessorImpl.invoke(NativeMethodAccessorImpl.java:62)
	at sun.reflect.DelegatingMethodAccessorImpl.invoke(DelegatingMethodAccessorImpl.java:43)
	at java.lang.reflect.Method.invoke(Method.java:497)
	at org.testng.internal.MethodInvocationHelper.invokeMethod(MethodInvocationHelper.java:85)
	at org.testng.internal.Invoker.invokeMethod(Invoker.java:639)
	at org.testng.internal.Invoker.invokeTestMethod(Invoker.java:816)
	at org.testng.internal.Invoker.invokeTestMethods(Invoker.java:1124)
	at org.testng.internal.TestMethodWorker.invokeTestMethods(TestMethodWorker.java:125)
	at org.testng.internal.TestMethodWorker.run(TestMethodWorker.java:108)
	at org.testng.TestRunner.privateRun(TestRunner.java:774)
	at org.testng.TestRunner.run(TestRunner.java:624)
	at org.testng.SuiteRunner.runTest(SuiteRunner.java:359)
	at org.testng.SuiteRunner.runSequentially(SuiteRunner.java:354)
	at org.testng.SuiteRunner.privateRun(SuiteRunner.java:312)
	at org.testng.SuiteRunner.run(SuiteRunner.java:261)
	at org.testng.SuiteRunnerWorker.runSuite(SuiteRunnerWorker.java:52)
	at org.testng.SuiteRunnerWorker.run(SuiteRunnerWorker.java:86)
	at org.testng.TestNG.runSuitesSequentially(TestNG.java:1191)
	at org.testng.TestNG.runSuitesLocally(TestNG.java:1116)
	at org.testng.TestNG.run(TestNG.java:1024)
	at org.testng.remote.RemoteTestNG.run(RemoteTestNG.java:112)
	at org.testng.remote.RemoteTestNG.initAndRun(RemoteTestNG.java:205)
	at org.testng.remote.RemoteTestNG.main(RemoteTestNG.java:176)
</pre></div></td>
<td>0</td>
<td>com.Yatra.TestScript.Flights.FlightPricing@23a5fd2</td></tr>
<tr>
<td title='com.Yatra.TestScript.Flights.FlightPricing.TC_Yatra_Flight_108()'><b>TC_Yatra_Flight_108</b><br>Test class: com.Yatra.TestScript.Flights.FlightPricing<br>Test method: Applying promo code on review page- Promo dropdown Validation<br>Parameters: {Origin=DEL, ReturnDate=, Destination=LON, Description=Applying promo code on review page- Promo dropdown Validation, PromoCode=NA, PassengerInfo=1_0_0, Infant=, Mobile=, EmailAddress=vandna.yatra@gmail.com, TestID=TC_Yatra_Flight_108, Insurance=No, RunMode=Yes, browser=chrome_windows, TripType=ONEWAY, Origin_Multicity=, Adult=, Class=Economy, DepartureDate=5, Domain=DOM, Child=, Destination_Multicity=, testCaseId=TC_Yatra_Flight_108, Password=password1}<br/>
<a href="#Output-2043106095" onClick='toggleBox("Output-2043106095", this, "Show output", "Hide output");'>Show output</a>

<a href="#Output-2043106095" onClick="toggleAllBoxes();">Show all outputs</a>
<div class='log' id="Output-2043106095">
<div class="test-event"> <font color="maroon"> <small> &emsp; &emsp;--- 30 Mar 18:13:51 036 - TestCaseID:: TC_Yatra_Flight_108</small> </font> </div><br/>
</div>
</td>
<td><div><pre>org.testng.SkipException: Node is not started or down.
	at com.Yatra.Utils.WebDriverFactory.get(WebDriverFactory.java:430)
	at com.Yatra.Utils.WebDriverFactory.get(WebDriverFactory.java:226)
	at com.Yatra.TestScript.Flights.FlightPricing.TC_Yatra_Flight_108(FlightPricing.java:443)
	at sun.reflect.NativeMethodAccessorImpl.invoke0(Native Method)
	at sun.reflect.NativeMethodAccessorImpl.invoke(NativeMethodAccessorImpl.java:62)
	at sun.reflect.DelegatingMethodAccessorImpl.invoke(DelegatingMethodAccessorImpl.java:43)
	at java.lang.reflect.Method.invoke(Method.java:497)
	at org.testng.internal.MethodInvocationHelper.invokeMethod(MethodInvocationHelper.java:85)
	at org.testng.internal.Invoker.invokeMethod(Invoker.java:639)
	at org.testng.internal.Invoker.invokeTestMethod(Invoker.java:816)
	at org.testng.internal.Invoker.invokeTestMethods(Invoker.java:1124)
	at org.testng.internal.TestMethodWorker.invokeTestMethods(TestMethodWorker.java:125)
	at org.testng.internal.TestMethodWorker.run(TestMethodWorker.java:108)
	at org.testng.TestRunner.privateRun(TestRunner.java:774)
	at org.testng.TestRunner.run(TestRunner.java:624)
	at org.testng.SuiteRunner.runTest(SuiteRunner.java:359)
	at org.testng.SuiteRunner.runSequentially(SuiteRunner.java:354)
	at org.testng.SuiteRunner.privateRun(SuiteRunner.java:312)
	at org.testng.SuiteRunner.run(SuiteRunner.java:261)
	at org.testng.SuiteRunnerWorker.runSuite(SuiteRunnerWorker.java:52)
	at org.testng.SuiteRunnerWorker.run(SuiteRunnerWorker.java:86)
	at org.testng.TestNG.runSuitesSequentially(TestNG.java:1191)
	at org.testng.TestNG.runSuitesLocally(TestNG.java:1116)
	at org.testng.TestNG.run(TestNG.java:1024)
	at org.testng.remote.RemoteTestNG.run(RemoteTestNG.java:112)
	at org.testng.remote.RemoteTestNG.initAndRun(RemoteTestNG.java:205)
	at org.testng.remote.RemoteTestNG.main(RemoteTestNG.java:176)
</pre></div><a href='#' onClick='toggleBox("stack-trace2043106095", this, "Click to show all stack frames", "Click to hide stack frames")'>Click to show all stack frames</a>
<div class='stack-trace' id='stack-trace2043106095'><pre>org.testng.SkipException: Node is not started or down.
	at com.Yatra.Utils.WebDriverFactory.get(WebDriverFactory.java:430)
	at com.Yatra.Utils.WebDriverFactory.get(WebDriverFactory.java:226)
	at com.Yatra.TestScript.Flights.FlightPricing.TC_Yatra_Flight_108(FlightPricing.java:443)
	at sun.reflect.NativeMethodAccessorImpl.invoke0(Native Method)
	at sun.reflect.NativeMethodAccessorImpl.invoke(NativeMethodAccessorImpl.java:62)
	at sun.reflect.DelegatingMethodAccessorImpl.invoke(DelegatingMethodAccessorImpl.java:43)
	at java.lang.reflect.Method.invoke(Method.java:497)
	at org.testng.internal.MethodInvocationHelper.invokeMethod(MethodInvocationHelper.java:85)
	at org.testng.internal.Invoker.invokeMethod(Invoker.java:639)
	at org.testng.internal.Invoker.invokeTestMethod(Invoker.java:816)
	at org.testng.internal.Invoker.invokeTestMethods(Invoker.java:1124)
	at org.testng.internal.TestMethodWorker.invokeTestMethods(TestMethodWorker.java:125)
	at org.testng.internal.TestMethodWorker.run(TestMethodWorker.java:108)
	at org.testng.TestRunner.privateRun(TestRunner.java:774)
	at org.testng.TestRunner.run(TestRunner.java:624)
	at org.testng.SuiteRunner.runTest(SuiteRunner.java:359)
	at org.testng.SuiteRunner.runSequentially(SuiteRunner.java:354)
	at org.testng.SuiteRunner.privateRun(SuiteRunner.java:312)
	at org.testng.SuiteRunner.run(SuiteRunner.java:261)
	at org.testng.SuiteRunnerWorker.runSuite(SuiteRunnerWorker.java:52)
	at org.testng.SuiteRunnerWorker.run(SuiteRunnerWorker.java:86)
	at org.testng.TestNG.runSuitesSequentially(TestNG.java:1191)
	at org.testng.TestNG.runSuitesLocally(TestNG.java:1116)
	at org.testng.TestNG.run(TestNG.java:1024)
	at org.testng.remote.RemoteTestNG.run(RemoteTestNG.java:112)
	at org.testng.remote.RemoteTestNG.initAndRun(RemoteTestNG.java:205)
	at org.testng.remote.RemoteTestNG.main(RemoteTestNG.java:176)
</pre></div></td>
<td>0</td>
<td>com.Yatra.TestScript.Flights.FlightPricing@23a5fd2</td></tr>
<tr>
<td title='com.Yatra.TestScript.Flights.FlightPricing.TC_Yatra_Flight_109()'><b>TC_Yatra_Flight_109</b><br>Test class: com.Yatra.TestScript.Flights.FlightPricing<br>Test method: Applying promo code on review page- Promo Coupon Selection<br>Parameters: {Origin=DEL, ReturnDate=, Destination=LON, Description=Applying promo code on review page- Promo Coupon Selection, PromoCode=NA, PassengerInfo=1_0_0, Infant=, Mobile=, EmailAddress=vandna.yatra@gmail.com, TestID=TC_Yatra_Flight_109, Insurance=No, RunMode=Yes, browser=chrome_windows, TripType=ONEWAY, Origin_Multicity=, Adult=, Class=Economy, DepartureDate=5, Domain=INT, Child=, Destination_Multicity=, testCaseId=TC_Yatra_Flight_109, Password=password1}<br/>
<a href="#Output-87060781" onClick='toggleBox("Output-87060781", this, "Show output", "Hide output");'>Show output</a>

<a href="#Output-87060781" onClick="toggleAllBoxes();">Show all outputs</a>
<div class='log' id="Output-87060781">
<div class="test-event"> <font color="maroon"> <small> &emsp; &emsp;--- 30 Mar 18:13:51 052 - TestCaseID:: TC_Yatra_Flight_109</small> </font> </div><br/>
</div>
</td>
<td><div><pre>org.testng.SkipException: Node is not started or down.
	at com.Yatra.Utils.WebDriverFactory.get(WebDriverFactory.java:430)
	at com.Yatra.Utils.WebDriverFactory.get(WebDriverFactory.java:226)
	at com.Yatra.TestScript.Flights.FlightPricing.TC_Yatra_Flight_109(FlightPricing.java:499)
	at sun.reflect.NativeMethodAccessorImpl.invoke0(Native Method)
	at sun.reflect.NativeMethodAccessorImpl.invoke(NativeMethodAccessorImpl.java:62)
	at sun.reflect.DelegatingMethodAccessorImpl.invoke(DelegatingMethodAccessorImpl.java:43)
	at java.lang.reflect.Method.invoke(Method.java:497)
	at org.testng.internal.MethodInvocationHelper.invokeMethod(MethodInvocationHelper.java:85)
	at org.testng.internal.Invoker.invokeMethod(Invoker.java:639)
	at org.testng.internal.Invoker.invokeTestMethod(Invoker.java:816)
	at org.testng.internal.Invoker.invokeTestMethods(Invoker.java:1124)
	at org.testng.internal.TestMethodWorker.invokeTestMethods(TestMethodWorker.java:125)
	at org.testng.internal.TestMethodWorker.run(TestMethodWorker.java:108)
	at org.testng.TestRunner.privateRun(TestRunner.java:774)
	at org.testng.TestRunner.run(TestRunner.java:624)
	at org.testng.SuiteRunner.runTest(SuiteRunner.java:359)
	at org.testng.SuiteRunner.runSequentially(SuiteRunner.java:354)
	at org.testng.SuiteRunner.privateRun(SuiteRunner.java:312)
	at org.testng.SuiteRunner.run(SuiteRunner.java:261)
	at org.testng.SuiteRunnerWorker.runSuite(SuiteRunnerWorker.java:52)
	at org.testng.SuiteRunnerWorker.run(SuiteRunnerWorker.java:86)
	at org.testng.TestNG.runSuitesSequentially(TestNG.java:1191)
	at org.testng.TestNG.runSuitesLocally(TestNG.java:1116)
	at org.testng.TestNG.run(TestNG.java:1024)
	at org.testng.remote.RemoteTestNG.run(RemoteTestNG.java:112)
	at org.testng.remote.RemoteTestNG.initAndRun(RemoteTestNG.java:205)
	at org.testng.remote.RemoteTestNG.main(RemoteTestNG.java:176)
</pre></div><a href='#' onClick='toggleBox("stack-trace87060781", this, "Click to show all stack frames", "Click to hide stack frames")'>Click to show all stack frames</a>
<div class='stack-trace' id='stack-trace87060781'><pre>org.testng.SkipException: Node is not started or down.
	at com.Yatra.Utils.WebDriverFactory.get(WebDriverFactory.java:430)
	at com.Yatra.Utils.WebDriverFactory.get(WebDriverFactory.java:226)
	at com.Yatra.TestScript.Flights.FlightPricing.TC_Yatra_Flight_109(FlightPricing.java:499)
	at sun.reflect.NativeMethodAccessorImpl.invoke0(Native Method)
	at sun.reflect.NativeMethodAccessorImpl.invoke(NativeMethodAccessorImpl.java:62)
	at sun.reflect.DelegatingMethodAccessorImpl.invoke(DelegatingMethodAccessorImpl.java:43)
	at java.lang.reflect.Method.invoke(Method.java:497)
	at org.testng.internal.MethodInvocationHelper.invokeMethod(MethodInvocationHelper.java:85)
	at org.testng.internal.Invoker.invokeMethod(Invoker.java:639)
	at org.testng.internal.Invoker.invokeTestMethod(Invoker.java:816)
	at org.testng.internal.Invoker.invokeTestMethods(Invoker.java:1124)
	at org.testng.internal.TestMethodWorker.invokeTestMethods(TestMethodWorker.java:125)
	at org.testng.internal.TestMethodWorker.run(TestMethodWorker.java:108)
	at org.testng.TestRunner.privateRun(TestRunner.java:774)
	at org.testng.TestRunner.run(TestRunner.java:624)
	at org.testng.SuiteRunner.runTest(SuiteRunner.java:359)
	at org.testng.SuiteRunner.runSequentially(SuiteRunner.java:354)
	at org.testng.SuiteRunner.privateRun(SuiteRunner.java:312)
	at org.testng.SuiteRunner.run(SuiteRunner.java:261)
	at org.testng.SuiteRunnerWorker.runSuite(SuiteRunnerWorker.java:52)
	at org.testng.SuiteRunnerWorker.run(SuiteRunnerWorker.java:86)
	at org.testng.TestNG.runSuitesSequentially(TestNG.java:1191)
	at org.testng.TestNG.runSuitesLocally(TestNG.java:1116)
	at org.testng.TestNG.run(TestNG.java:1024)
	at org.testng.remote.RemoteTestNG.run(RemoteTestNG.java:112)
	at org.testng.remote.RemoteTestNG.initAndRun(RemoteTestNG.java:205)
	at org.testng.remote.RemoteTestNG.main(RemoteTestNG.java:176)
</pre></div></td>
<td>0</td>
<td>com.Yatra.TestScript.Flights.FlightPricing@23a5fd2</td></tr>
<tr>
<td title='com.Yatra.TestScript.Flights.FlightPricing.TC_Yatra_Flight_110()'><b>TC_Yatra_Flight_110</b><br>Test class: com.Yatra.TestScript.Flights.FlightPricing<br>Test method: Applying promo code on review page- Have a Promo Code Validation<br>Parameters: {Origin=DEL, ReturnDate=, Destination=LON, Description=Applying promo code on review page- Have a Promo Code link Validation, PromoCode=NA, PassengerInfo=1_0_0, Infant=, Mobile=, EmailAddress=vandna.yatra@gmail.com, TestID=TC_Yatra_Flight_110, Insurance=No, RunMode=Yes, browser=chrome_windows, TripType=ONEWAY, Origin_Multicity=, Adult=, Class=Economy, DepartureDate=5, Domain=INT, Child=, Destination_Multicity=, testCaseId=TC_Yatra_Flight_110, Password=password1}<br/>
<a href="#Output-1594791957" onClick='toggleBox("Output-1594791957", this, "Show output", "Hide output");'>Show output</a>

<a href="#Output-1594791957" onClick="toggleAllBoxes();">Show all outputs</a>
<div class='log' id="Output-1594791957">
<div class="test-event"> <font color="maroon"> <small> &emsp; &emsp;--- 30 Mar 18:13:51 068 - TestCaseID:: TC_Yatra_Flight_110</small> </font> </div><br/>
</div>
</td>
<td><div><pre>org.testng.SkipException: Node is not started or down.
	at com.Yatra.Utils.WebDriverFactory.get(WebDriverFactory.java:430)
	at com.Yatra.Utils.WebDriverFactory.get(WebDriverFactory.java:226)
	at com.Yatra.TestScript.Flights.FlightPricing.TC_Yatra_Flight_110(FlightPricing.java:548)
	at sun.reflect.NativeMethodAccessorImpl.invoke0(Native Method)
	at sun.reflect.NativeMethodAccessorImpl.invoke(NativeMethodAccessorImpl.java:62)
	at sun.reflect.DelegatingMethodAccessorImpl.invoke(DelegatingMethodAccessorImpl.java:43)
	at java.lang.reflect.Method.invoke(Method.java:497)
	at org.testng.internal.MethodInvocationHelper.invokeMethod(MethodInvocationHelper.java:85)
	at org.testng.internal.Invoker.invokeMethod(Invoker.java:639)
	at org.testng.internal.Invoker.invokeTestMethod(Invoker.java:816)
	at org.testng.internal.Invoker.invokeTestMethods(Invoker.java:1124)
	at org.testng.internal.TestMethodWorker.invokeTestMethods(TestMethodWorker.java:125)
	at org.testng.internal.TestMethodWorker.run(TestMethodWorker.java:108)
	at org.testng.TestRunner.privateRun(TestRunner.java:774)
	at org.testng.TestRunner.run(TestRunner.java:624)
	at org.testng.SuiteRunner.runTest(SuiteRunner.java:359)
	at org.testng.SuiteRunner.runSequentially(SuiteRunner.java:354)
	at org.testng.SuiteRunner.privateRun(SuiteRunner.java:312)
	at org.testng.SuiteRunner.run(SuiteRunner.java:261)
	at org.testng.SuiteRunnerWorker.runSuite(SuiteRunnerWorker.java:52)
	at org.testng.SuiteRunnerWorker.run(SuiteRunnerWorker.java:86)
	at org.testng.TestNG.runSuitesSequentially(TestNG.java:1191)
	at org.testng.TestNG.runSuitesLocally(TestNG.java:1116)
	at org.testng.TestNG.run(TestNG.java:1024)
	at org.testng.remote.RemoteTestNG.run(RemoteTestNG.java:112)
	at org.testng.remote.RemoteTestNG.initAndRun(RemoteTestNG.java:205)
	at org.testng.remote.RemoteTestNG.main(RemoteTestNG.java:176)
</pre></div><a href='#' onClick='toggleBox("stack-trace1594791957", this, "Click to show all stack frames", "Click to hide stack frames")'>Click to show all stack frames</a>
<div class='stack-trace' id='stack-trace1594791957'><pre>org.testng.SkipException: Node is not started or down.
	at com.Yatra.Utils.WebDriverFactory.get(WebDriverFactory.java:430)
	at com.Yatra.Utils.WebDriverFactory.get(WebDriverFactory.java:226)
	at com.Yatra.TestScript.Flights.FlightPricing.TC_Yatra_Flight_110(FlightPricing.java:548)
	at sun.reflect.NativeMethodAccessorImpl.invoke0(Native Method)
	at sun.reflect.NativeMethodAccessorImpl.invoke(NativeMethodAccessorImpl.java:62)
	at sun.reflect.DelegatingMethodAccessorImpl.invoke(DelegatingMethodAccessorImpl.java:43)
	at java.lang.reflect.Method.invoke(Method.java:497)
	at org.testng.internal.MethodInvocationHelper.invokeMethod(MethodInvocationHelper.java:85)
	at org.testng.internal.Invoker.invokeMethod(Invoker.java:639)
	at org.testng.internal.Invoker.invokeTestMethod(Invoker.java:816)
	at org.testng.internal.Invoker.invokeTestMethods(Invoker.java:1124)
	at org.testng.internal.TestMethodWorker.invokeTestMethods(TestMethodWorker.java:125)
	at org.testng.internal.TestMethodWorker.run(TestMethodWorker.java:108)
	at org.testng.TestRunner.privateRun(TestRunner.java:774)
	at org.testng.TestRunner.run(TestRunner.java:624)
	at org.testng.SuiteRunner.runTest(SuiteRunner.java:359)
	at org.testng.SuiteRunner.runSequentially(SuiteRunner.java:354)
	at org.testng.SuiteRunner.privateRun(SuiteRunner.java:312)
	at org.testng.SuiteRunner.run(SuiteRunner.java:261)
	at org.testng.SuiteRunnerWorker.runSuite(SuiteRunnerWorker.java:52)
	at org.testng.SuiteRunnerWorker.run(SuiteRunnerWorker.java:86)
	at org.testng.TestNG.runSuitesSequentially(TestNG.java:1191)
	at org.testng.TestNG.runSuitesLocally(TestNG.java:1116)
	at org.testng.TestNG.run(TestNG.java:1024)
	at org.testng.remote.RemoteTestNG.run(RemoteTestNG.java:112)
	at org.testng.remote.RemoteTestNG.initAndRun(RemoteTestNG.java:205)
	at org.testng.remote.RemoteTestNG.main(RemoteTestNG.java:176)
</pre></div></td>
<td>0</td>
<td>com.Yatra.TestScript.Flights.FlightPricing@23a5fd2</td></tr>
<tr>
<td title='com.Yatra.TestScript.Flights.FlightPricing.TC_Yatra_Flight_111()'><b>TC_Yatra_Flight_111</b><br>Test class: com.Yatra.TestScript.Flights.FlightPricing<br>Test method: Applying promo code on review page-  Have a Promo Code submission<br>Parameters: {Origin=DEL, ReturnDate=, Destination=LON, Description=Applying promo code on review page-  Have a Promo Code submission, PromoCode=NA, PassengerInfo=1_0_0, Infant=, Mobile=, EmailAddress=vandna.yatra@gmail.com, TestID=TC_Yatra_Flight_111, Insurance=No, RunMode=Yes, browser=chrome_windows, TripType=ONEWAY, Origin_Multicity=, Adult=, Class=Economy, DepartureDate=5, Domain=INT, Child=, Destination_Multicity=, testCaseId=TC_Yatra_Flight_111, Password=password1}<br/>
<a href="#Output-1196982797" onClick='toggleBox("Output-1196982797", this, "Show output", "Hide output");'>Show output</a>

<a href="#Output-1196982797" onClick="toggleAllBoxes();">Show all outputs</a>
<div class='log' id="Output-1196982797">
<div class="test-event"> <font color="maroon"> <small> &emsp; &emsp;--- 30 Mar 18:13:51 085 - TestCaseID:: TC_Yatra_Flight_111</small> </font> </div><br/>
</div>
</td>
<td><div><pre>org.testng.SkipException: Node is not started or down.
	at com.Yatra.Utils.WebDriverFactory.get(WebDriverFactory.java:430)
	at com.Yatra.Utils.WebDriverFactory.get(WebDriverFactory.java:226)
	at com.Yatra.TestScript.Flights.FlightPricing.TC_Yatra_Flight_111(FlightPricing.java:601)
	at sun.reflect.NativeMethodAccessorImpl.invoke0(Native Method)
	at sun.reflect.NativeMethodAccessorImpl.invoke(NativeMethodAccessorImpl.java:62)
	at sun.reflect.DelegatingMethodAccessorImpl.invoke(DelegatingMethodAccessorImpl.java:43)
	at java.lang.reflect.Method.invoke(Method.java:497)
	at org.testng.internal.MethodInvocationHelper.invokeMethod(MethodInvocationHelper.java:85)
	at org.testng.internal.Invoker.invokeMethod(Invoker.java:639)
	at org.testng.internal.Invoker.invokeTestMethod(Invoker.java:816)
	at org.testng.internal.Invoker.invokeTestMethods(Invoker.java:1124)
	at org.testng.internal.TestMethodWorker.invokeTestMethods(TestMethodWorker.java:125)
	at org.testng.internal.TestMethodWorker.run(TestMethodWorker.java:108)
	at org.testng.TestRunner.privateRun(TestRunner.java:774)
	at org.testng.TestRunner.run(TestRunner.java:624)
	at org.testng.SuiteRunner.runTest(SuiteRunner.java:359)
	at org.testng.SuiteRunner.runSequentially(SuiteRunner.java:354)
	at org.testng.SuiteRunner.privateRun(SuiteRunner.java:312)
	at org.testng.SuiteRunner.run(SuiteRunner.java:261)
	at org.testng.SuiteRunnerWorker.runSuite(SuiteRunnerWorker.java:52)
	at org.testng.SuiteRunnerWorker.run(SuiteRunnerWorker.java:86)
	at org.testng.TestNG.runSuitesSequentially(TestNG.java:1191)
	at org.testng.TestNG.runSuitesLocally(TestNG.java:1116)
	at org.testng.TestNG.run(TestNG.java:1024)
	at org.testng.remote.RemoteTestNG.run(RemoteTestNG.java:112)
	at org.testng.remote.RemoteTestNG.initAndRun(RemoteTestNG.java:205)
	at org.testng.remote.RemoteTestNG.main(RemoteTestNG.java:176)
</pre></div><a href='#' onClick='toggleBox("stack-trace1196982797", this, "Click to show all stack frames", "Click to hide stack frames")'>Click to show all stack frames</a>
<div class='stack-trace' id='stack-trace1196982797'><pre>org.testng.SkipException: Node is not started or down.
	at com.Yatra.Utils.WebDriverFactory.get(WebDriverFactory.java:430)
	at com.Yatra.Utils.WebDriverFactory.get(WebDriverFactory.java:226)
	at com.Yatra.TestScript.Flights.FlightPricing.TC_Yatra_Flight_111(FlightPricing.java:601)
	at sun.reflect.NativeMethodAccessorImpl.invoke0(Native Method)
	at sun.reflect.NativeMethodAccessorImpl.invoke(NativeMethodAccessorImpl.java:62)
	at sun.reflect.DelegatingMethodAccessorImpl.invoke(DelegatingMethodAccessorImpl.java:43)
	at java.lang.reflect.Method.invoke(Method.java:497)
	at org.testng.internal.MethodInvocationHelper.invokeMethod(MethodInvocationHelper.java:85)
	at org.testng.internal.Invoker.invokeMethod(Invoker.java:639)
	at org.testng.internal.Invoker.invokeTestMethod(Invoker.java:816)
	at org.testng.internal.Invoker.invokeTestMethods(Invoker.java:1124)
	at org.testng.internal.TestMethodWorker.invokeTestMethods(TestMethodWorker.java:125)
	at org.testng.internal.TestMethodWorker.run(TestMethodWorker.java:108)
	at org.testng.TestRunner.privateRun(TestRunner.java:774)
	at org.testng.TestRunner.run(TestRunner.java:624)
	at org.testng.SuiteRunner.runTest(SuiteRunner.java:359)
	at org.testng.SuiteRunner.runSequentially(SuiteRunner.java:354)
	at org.testng.SuiteRunner.privateRun(SuiteRunner.java:312)
	at org.testng.SuiteRunner.run(SuiteRunner.java:261)
	at org.testng.SuiteRunnerWorker.runSuite(SuiteRunnerWorker.java:52)
	at org.testng.SuiteRunnerWorker.run(SuiteRunnerWorker.java:86)
	at org.testng.TestNG.runSuitesSequentially(TestNG.java:1191)
	at org.testng.TestNG.runSuitesLocally(TestNG.java:1116)
	at org.testng.TestNG.run(TestNG.java:1024)
	at org.testng.remote.RemoteTestNG.run(RemoteTestNG.java:112)
	at org.testng.remote.RemoteTestNG.initAndRun(RemoteTestNG.java:205)
	at org.testng.remote.RemoteTestNG.main(RemoteTestNG.java:176)
</pre></div></td>
<td>0</td>
<td>com.Yatra.TestScript.Flights.FlightPricing@23a5fd2</td></tr>
</table><p>
</body>
</html>