<?xml version="1.0" encoding="UTF-8"?>
<testsuite xmlns:xsi="http://www.w3.org/2001/XMLSchema-instance" xsi:schemaLocation="https://maven.apache.org/surefire/maven-surefire-plugin/xsd/surefire-test-report.xsd" name="TestSuite" time="40.128" tests="1" errors="0" skipped="0" failures="1">
  <properties>
    <property name="java.vendor" value="Oracle Corporation"/>
    <property name="JOB_NAME" value="YatraWebAutomation"/>
    <property name="sun.java.launcher" value="SUN_STANDARD"/>
    <property name="windows_tracing_logfile" value="C:\BVTBin\Tests\installpackage\csilogfile.log"/>
    <property name="NUMBER_OF_PROCESSORS" value="4"/>
    <property name="sun.management.compiler" value="HotSpot 64-Bit Tiered Compilers"/>
    <property name="JENKINS_HOME" value="C:\Users\harveer.singh.YATRAONLINE\.jenkins"/>
    <property name="HUDSON_SERVER_COOKIE" value="1fb18f848d22830d"/>
    <property name="POM_ARTIFACTID" value="Yatra_Automation"/>
    <property name="os.name" value="Windows 7"/>
    <property name="sun.boot.class.path" value="C:\Program Files\Java\jdk1.8.0_60\jre\lib\resources.jar;C:\Program Files\Java\jdk1.8.0_60\jre\lib\rt.jar;C:\Program Files\Java\jdk1.8.0_60\jre\lib\sunrsasign.jar;C:\Program Files\Java\jdk1.8.0_60\jre\lib\jsse.jar;C:\Program Files\Java\jdk1.8.0_60\jre\lib\jce.jar;C:\Program Files\Java\jdk1.8.0_60\jre\lib\charsets.jar;C:\Program Files\Java\jdk1.8.0_60\jre\lib\jfr.jar;C:\Program Files\Java\jdk1.8.0_60\jre\classes"/>
    <property name="EXECUTOR_NUMBER" value="0"/>
    <property name="sun.desktop" value="windows"/>
    <property name="PATHEXT" value=".COM;.EXE;.BAT;.CMD;.VBS;.VBE;.JS;.JSE;.WSF;.WSH;.MSC"/>
    <property name="java.vm.specification.vendor" value="Oracle Corporation"/>
    <property name="POM_DISPLAYNAME" value="Yatra_Automation"/>
    <property name="NODE_LABELS" value="master"/>
    <property name="TEMP" value="C:\Users\HARVEE~1.YAT\AppData\Local\Temp"/>
    <property name="java.runtime.version" value="1.8.0_60-b27"/>
    <property name="user.name" value="harveer.singh"/>
    <property name="guice.disable.misplaced.annotation.check" value="true"/>
    <property name="CommonProgramW6432" value="C:\Program Files\Common Files"/>
    <property name="ProgramFiles" value="C:\Program Files"/>
    <property name="PROMPT" value="$P$G"/>
    <property name="user.language" value="en"/>
    <property name="JOB_BASE_NAME" value="YatraWebAutomation"/>
    <property name="RUN_CHANGES_DISPLAY_URL" value="http://unconfigured-jenkins-location/job/YatraWebAutomation/29/display/redirect?page=changes"/>
    <property name="BUILD_DISPLAY_NAME" value="#29"/>
    <property name="sun.boot.library.path" value="C:\Program Files\Java\jdk1.8.0_60\jre\bin"/>
    <property name="LOCALAPPDATA" value="C:\Users\harveer.singh.YATRAONLINE\AppData\Local"/>
    <property name="java.version" value="1.8.0_60"/>
    <property name="PROCESSOR_LEVEL" value="6"/>
    <property name="user.timezone" value="Asia/Calcutta"/>
    <property name="USERNAME" value="harveer.singh"/>
    <property name="sun.arch.data.model" value="64"/>
    <property name="NODE_NAME" value="master"/>
    <property name="java.endorsed.dirs" value="C:\Program Files\Java\jdk1.8.0_60\jre\lib\endorsed"/>
    <property name="BUILD_ID" value="29"/>
    <property name="sun.cpu.isalist" value="amd64"/>
    <property name="sun.jnu.encoding" value="Cp1252"/>
    <property name="file.encoding.pkg" value="sun.io"/>
    <property name="file.separator" value="\"/>
    <property name="java.specification.name" value="Java Platform API Specification"/>
    <property name="HOMEDRIVE" value="C:"/>
    <property name="java.class.version" value="52.0"/>
    <property name="=::" value="::\"/>
    <property name="org.slf4j.simpleLogger.defaultLogLevel" value="info"/>
    <property name="user.country" value="US"/>
    <property name="ALLUSERSPROFILE" value="C:\ProgramData"/>
    <property name="java.home" value="C:\Program Files\Java\jdk1.8.0_60\jre"/>
    <property name="java.vm.info" value="mixed mode"/>
    <property name="os.version" value="6.1"/>
    <property name="RUN_DISPLAY_URL" value="http://unconfigured-jenkins-location/job/YatraWebAutomation/29/display/redirect"/>
    <property name="POM_VERSION" value="0.0.1-SNAPSHOT"/>
    <property name="TMP" value="C:\Users\HARVEE~1.YAT\AppData\Local\Temp"/>
    <property name="path.separator" value=";"/>
    <property name="java.vm.version" value="25.60-b23"/>
    <property name="user.variant" value=""/>
    <property name="JOB_DISPLAY_URL" value="http://unconfigured-jenkins-location/job/YatraWebAutomation/display/redirect"/>
    <property name="CommonProgramFiles(x86)" value="C:\Program Files (x86)\Common Files"/>
    <property name="java.awt.printerjob" value="sun.awt.windows.WPrinterJob"/>
    <property name="FP_NO_HOST_CHECK" value="NO"/>
    <property name="JAVA_HOME" value="C:\Program Files\Java\jdk1.8.0_60"/>
    <property name="sun.io.unicode.encoding" value="UnicodeLittle"/>
    <property name="CommonProgramFiles" value="C:\Program Files\Common Files"/>
    <property name="ComSpec" value="C:\Windows\system32\cmd.exe"/>
    <property name="HOMEPATH" value="\Users\harveer.singh.YATRAONLINE"/>
    <property name="awt.toolkit" value="sun.awt.windows.WToolkit"/>
    <property name="USERDNSDOMAIN" value="YATRAONLINE.LOCAL"/>
    <property name="POM_PACKAGING" value="jar"/>
    <property name="user.script" value=""/>
    <property name="COMPUTERNAME" value="ASPLAPGGNR1"/>
    <property name="POM_GROUPID" value="com.Yatra"/>
    <property name="user.home" value="C:\Users\harveer.singh.YATRAONLINE"/>
    <property name="PUBLIC" value="C:\Users\Public"/>
    <property name="BUILD_TAG" value="jenkins-YatraWebAutomation-29"/>
    <property name="JENKINS_SERVER_COOKIE" value="1fb18f848d22830d"/>
    <property name="ProgramData" value="C:\ProgramData"/>
    <property name="java.specification.vendor" value="Oracle Corporation"/>
    <property name="USERPROFILE" value="C:\Users\harveer.singh.YATRAONLINE"/>
    <property name="CLASSPATH" value=""/>
    <property name="java.vendor.url" value="http://java.oracle.com/"/>
    <property name="java.library.path" value="C:\Program Files\Java\jdk1.8.0_60\bin;C:\Windows\Sun\Java\bin;C:\Windows\system32;C:\Windows;D:\Software\apache-maven-3.3.9-bin\apache-maven-3.3.9/bin;C:\Program Files\Java\jdk1.8.0_60/bin;C:\Program Files\Java\jdk1.8.0_60/bin;C:\ProgramData\Oracle\Java\javapath;C:\Windows\system32;C:\Windows;C:\Windows\System32\Wbem;C:\Windows\System32\WindowsPowerShell\v1.0\;C:\Program Files\TortoiseSVN\bin;C:\Program Files\Git\cmd;D:\Appium\Android_SDK\tools;D:\Appium\Android_SDK\platform-tools;D:\Software\apache-maven-3.3.9-bin\apache-maven-3.3.9\bin;C:\Program Files (x86)\Appium\node_modules\.bin;C:\Program Files\nodejs\;%JAVA_HOME%\bin;;."/>
    <property name="java.vm.vendor" value="Oracle Corporation"/>
    <property name="APPDATA" value="C:\Users\harveer.singh.YATRAONLINE\AppData\Roaming"/>
    <property name="java.runtime.name" value="Java(TM) SE Runtime Environment"/>
    <property name="maven.home" value="D:\Software\apache-maven-3.3.9-bin\apache-maven-3.3.9"/>
    <property name="java.class.path" value="C:\Users\harveer.singh.YATRAONLINE\.jenkins\plugins\maven-plugin\WEB-INF\lib\maven33-agent-1.8.1.jar;D:\Software\apache-maven-3.3.9-bin\apache-maven-3.3.9\boot\plexus-classworlds-2.5.2.jar;D:\Software\apache-maven-3.3.9-bin\apache-maven-3.3.9/conf/logging"/>
    <property name="sun.java.command" value="jenkins.maven3.agent.Maven33Main D:\Software\apache-maven-3.3.9-bin\apache-maven-3.3.9 C:\Users\harveer.singh.YATRAONLINE\.jenkins\war\WEB-INF\lib\remoting-3.5.jar C:\Users\harveer.singh.YATRAONLINE\.jenkins\plugins\maven-plugin\WEB-INF\lib\maven33-interceptor-1.8.1.jar C:\Users\harveer.singh.YATRAONLINE\.jenkins\plugins\maven-plugin\WEB-INF\lib\maven3-interceptor-commons-1.8.1.jar 49975"/>
    <property name="Path" value="C:\Program Files\Java\jdk1.8.0_60/bin;C:\ProgramData\Oracle\Java\javapath;C:\Windows\system32;C:\Windows;C:\Windows\System32\Wbem;C:\Windows\System32\WindowsPowerShell\v1.0\;C:\Program Files\TortoiseSVN\bin;C:\Program Files\Git\cmd;D:\Appium\Android_SDK\tools;D:\Appium\Android_SDK\platform-tools;D:\Software\apache-maven-3.3.9-bin\apache-maven-3.3.9\bin;C:\Program Files (x86)\Appium\node_modules\.bin;C:\Program Files\nodejs\;%JAVA_HOME%\bin;"/>
    <property name="java.vm.specification.name" value="Java Virtual Machine Specification"/>
    <property name="PROCESSOR_ARCHITECTURE" value="AMD64"/>
    <property name="PATH+JDK" value="C:\Program Files\Java\jdk1.8.0_60/bin"/>
    <property name="PROCESSOR_IDENTIFIER" value="Intel64 Family 6 Model 58 Stepping 9, GenuineIntel"/>
    <property name="SESSIONNAME" value="Console"/>
    <property name="java.vm.specification.version" value="1.8"/>
    <property name="sun.os.patch.level" value="Service Pack 1"/>
    <property name="sun.cpu.endian" value="little"/>
    <property name="M2_HOME" value="D:\Software\apache-maven-3.3.9-bin\apache-maven-3.3.9"/>
    <property name="APPIUM" value="C:\Program Files (x86)\Appium\node_modules\.bin"/>
    <property name="java.io.tmpdir" value="C:\Users\HARVEE~1.YAT\AppData\Local\Temp\"/>
    <property name="OS" value="Windows_NT"/>
    <property name="HUDSON_HOME" value="C:\Users\harveer.singh.YATRAONLINE\.jenkins"/>
    <property name="PATH+MAVEN" value="D:\Software\apache-maven-3.3.9-bin\apache-maven-3.3.9/bin"/>
    <property name="ProgramFiles(x86)" value="C:\Program Files (x86)"/>
    <property name="java.vendor.url.bug" value="http://bugreport.sun.com/bugreport/"/>
    <property name="java.awt.graphicsenv" value="sun.awt.Win32GraphicsEnvironment"/>
    <property name="os.arch" value="amd64"/>
    <property name="SystemRoot" value="C:\Windows"/>
    <property name="windows_tracing_flags" value="3"/>
    <property name="java.ext.dirs" value="C:\Program Files\Java\jdk1.8.0_60\jre\lib\ext;C:\Windows\Sun\Java\lib\ext"/>
    <property name="user.dir" value="D:\YatraWebGitRepo\Yatra_Automation"/>
    <property name="LOGONSERVER" value="\\YTGGNDC01"/>
    <property name="USERDOMAIN" value="YATRAONLINE"/>
    <property name="line.separator" value="&#10;"/>
    <property name="MAVEN_HOME" value="D:\Software\apache-maven-3.3.9-bin\apache-maven-3.3.9"/>
    <property name="java.vm.name" value="Java HotSpot(TM) 64-Bit Server VM"/>
    <property name="BUILD_NUMBER" value="29"/>
    <property name="ANDROID_HOME" value="D:\Appium\Android_SDK"/>
    <property name="PROCESSOR_REVISION" value="3a09"/>
    <property name="ProgramW6432" value="C:\Program Files"/>
    <property name="windir" value="C:\Windows"/>
    <property name="=C:" value="C:\Users\harveer.singh.YATRAONLINE"/>
    <property name="file.encoding" value="Cp1252"/>
    <property name="SystemDrive" value="C:"/>
    <property name="maven3.interceptor" value="C:\Users\harveer.singh.YATRAONLINE\.jenkins\plugins\maven-plugin\WEB-INF\lib\maven33-interceptor-1.8.1.jar"/>
    <property name="WORKSPACE" value="C:\Users\harveer.singh.YATRAONLINE\.jenkins\workspace\YatraWebAutomation"/>
    <property name="maven3.interceptor.common" value="C:\Users\harveer.singh.YATRAONLINE\.jenkins\plugins\maven-plugin\WEB-INF\lib\maven3-interceptor-commons-1.8.1.jar"/>
    <property name="java.specification.version" value="1.8"/>
    <property name="PSModulePath" value="C:\Windows\system32\WindowsPowerShell\v1.0\Modules\"/>
  </properties>
  <testcase name="TC_Yatra_Flight_087" classname="com.Yatra.TestScript.Flights.FlightPricing" time="38.675">
    <failure message="unknown error: Element &lt;p class=&quot;new-blue-button fr book-button js-bookNow relative tc&quot; ng-show=&quot;flt.totalFare&gt;0 &amp;amp;&amp;amp; !queryProp.rescId&quot; analytics=&quot;Flight Option|Book Now&quot; yatratrackable=&quot;Flights|Search|Book Type|Book Now&quot; ng-click=&quot;makePricing({seg:flt.pricingId, from:&apos;&apos;, ttype:queryProp.type},$event,flt);&quot;&gt;...&lt;/p&gt; is not clickable at point (1193, 27). Other element would receive the click: &lt;iframe name=&quot;notification-frame-~197148a1b&quot; id=&quot;webklipper-publisher-widget-container-notification-frame&quot; frameborder=&quot;0&quot; marginheight=&quot;0&quot; marginwidth=&quot;0&quot; data-notification-layout-id=&quot;1af576bb&quot; data-notification-layout-name=&quot;header-desktop&quot; style=&quot;display: block; z-index: 16776272; visibility: visible; height: 35px; width: 100%; overflow: hidden; margin-top: 0px; left: auto; right: 0px; position: fixed; top: 0px;&quot;&gt;&lt;/iframe&gt;&#10;  (Session info: chrome=57.0.2987.133)&#10;  (Driver info: chromedriver=2.28.455520 (cc17746adff54984afff480136733114c6b3704b),platform=Windows NT 6.1.7601 SP1 x86_64) (WARNING: The server did not provide any stacktrace information)&#10;Command duration or timeout: 75 milliseconds&#10;Build info: version: &apos;2.53.1&apos;, revision: &apos;a36b8b1&apos;, time: &apos;2016-06-30 17:37:03&apos;&#10;System info: host: &apos;asplapggnr1&apos;, ip: &apos;192.168.30.18&apos;, os.name: &apos;Windows 7&apos;, os.arch: &apos;amd64&apos;, os.version: &apos;6.1&apos;, java.version: &apos;1.8.0_60&apos;&#10;Driver info: org.openqa.selenium.chrome.ChromeDriver&#10;Capabilities [{applicationCacheEnabled=false, rotatable=false, mobileEmulationEnabled=false, networkConnectionEnabled=false, chrome={chromedriverVersion=2.28.455520 (cc17746adff54984afff480136733114c6b3704b), userDataDir=C:\Users\HARVEE~1.YAT\AppData\Local\Temp\scoped_dir7124_24717}, takesHeapSnapshot=true, pageLoadStrategy=normal, databaseEnabled=false, handlesAlerts=true, hasTouchScreen=false, version=57.0.2987.133, platform=XP, browserConnectionEnabled=false, nativeEvents=true, acceptSslCerts=true, locationContextEnabled=true, webStorageEnabled=true, browserName=chrome, takesScreenshot=true, javascriptEnabled=true, cssSelectorsEnabled=true, unexpectedAlertBehaviour=}]&#10;Session ID: 57483e4c3cd79026597652312643399f&#10;Command duration or timeout: 485 milliseconds&#10;Build info: version: &apos;2.53.1&apos;, revision: &apos;a36b8b1cd5757287168e54b817830adce9b0158d&apos;, time: &apos;2016-06-30 19:26:09&apos;&#10;System info: host: &apos;asplapggnr1&apos;, ip: &apos;192.168.30.18&apos;, os.name: &apos;Windows 7&apos;, os.arch: &apos;amd64&apos;, os.version: &apos;6.1&apos;, java.version: &apos;1.8.0_60&apos;&#10;Driver info: org.openqa.selenium.remote.RemoteWebDriver&#10;Capabilities [{applicationCacheEnabled=false, rotatable=false, mobileEmulationEnabled=false, networkConnectionEnabled=false, chrome={chromedriverVersion=2.28.455520 (cc17746adff54984afff480136733114c6b3704b), userDataDir=C:\Users\HARVEE~1.YAT\AppData\Local\Temp\scoped_dir7124_24717}, takesHeapSnapshot=true, pageLoadStrategy=normal, databaseEnabled=false, handlesAlerts=true, hasTouchScreen=false, version=57.0.2987.133, platform=XP, browserConnectionEnabled=false, nativeEvents=true, acceptSslCerts=true, webdriver.remote.sessionid=32df696f-3038-4fc3-848b-05a796608e29, locationContextEnabled=true, webStorageEnabled=true, browserName=chrome, takesScreenshot=true, javascriptEnabled=true, cssSelectorsEnabled=true, unexpectedAlertBehaviour=}]&#10;Session ID: 32df696f-3038-4fc3-848b-05a796608e29" type="org.openqa.selenium.WebDriverException"><![CDATA[org.openqa.selenium.WebDriverException: 
unknown error: Element <p class="new-blue-button fr book-button js-bookNow relative tc" ng-show="flt.totalFare>0 &amp;&amp; !queryProp.rescId" analytics="Flight Option|Book Now" yatratrackable="Flights|Search|Book Type|Book Now" ng-click="makePricing({seg:flt.pricingId, from:'', ttype:queryProp.type},$event,flt);">...</p> is not clickable at point (1193, 27). Other element would receive the click: <iframe name="notification-frame-~197148a1b" id="webklipper-publisher-widget-container-notification-frame" frameborder="0" marginheight="0" marginwidth="0" data-notification-layout-id="1af576bb" data-notification-layout-name="header-desktop" style="display: block; z-index: 16776272; visibility: visible; height: 35px; width: 100%; overflow: hidden; margin-top: 0px; left: auto; right: 0px; position: fixed; top: 0px;"></iframe>
  (Session info: chrome=57.0.2987.133)
  (Driver info: chromedriver=2.28.455520 (cc17746adff54984afff480136733114c6b3704b),platform=Windows NT 6.1.7601 SP1 x86_64) (WARNING: The server did not provide any stacktrace information)
Command duration or timeout: 75 milliseconds
Build info: version: '2.53.1', revision: 'a36b8b1', time: '2016-06-30 17:37:03'
System info: host: 'asplapggnr1', ip: '192.168.30.18', os.name: 'Windows 7', os.arch: 'amd64', os.version: '6.1', java.version: '1.8.0_60'
Driver info: org.openqa.selenium.chrome.ChromeDriver
Capabilities [{applicationCacheEnabled=false, rotatable=false, mobileEmulationEnabled=false, networkConnectionEnabled=false, chrome={chromedriverVersion=2.28.455520 (cc17746adff54984afff480136733114c6b3704b), userDataDir=C:\Users\HARVEE~1.YAT\AppData\Local\Temp\scoped_dir7124_24717}, takesHeapSnapshot=true, pageLoadStrategy=normal, databaseEnabled=false, handlesAlerts=true, hasTouchScreen=false, version=57.0.2987.133, platform=XP, browserConnectionEnabled=false, nativeEvents=true, acceptSslCerts=true, locationContextEnabled=true, webStorageEnabled=true, browserName=chrome, takesScreenshot=true, javascriptEnabled=true, cssSelectorsEnabled=true, unexpectedAlertBehaviour=}]
Session ID: 57483e4c3cd79026597652312643399f
Command duration or timeout: 485 milliseconds
Build info: version: '2.53.1', revision: 'a36b8b1cd5757287168e54b817830adce9b0158d', time: '2016-06-30 19:26:09'
System info: host: 'asplapggnr1', ip: '192.168.30.18', os.name: 'Windows 7', os.arch: 'amd64', os.version: '6.1', java.version: '1.8.0_60'
Driver info: org.openqa.selenium.remote.RemoteWebDriver
Capabilities [{applicationCacheEnabled=false, rotatable=false, mobileEmulationEnabled=false, networkConnectionEnabled=false, chrome={chromedriverVersion=2.28.455520 (cc17746adff54984afff480136733114c6b3704b), userDataDir=C:\Users\HARVEE~1.YAT\AppData\Local\Temp\scoped_dir7124_24717}, takesHeapSnapshot=true, pageLoadStrategy=normal, databaseEnabled=false, handlesAlerts=true, hasTouchScreen=false, version=57.0.2987.133, platform=XP, browserConnectionEnabled=false, nativeEvents=true, acceptSslCerts=true, webdriver.remote.sessionid=32df696f-3038-4fc3-848b-05a796608e29, locationContextEnabled=true, webStorageEnabled=true, browserName=chrome, takesScreenshot=true, javascriptEnabled=true, cssSelectorsEnabled=true, unexpectedAlertBehaviour=}]
Session ID: 32df696f-3038-4fc3-848b-05a796608e29
	at com.Yatra.TestScript.Flights.FlightPricing.TC_Yatra_Flight_087(FlightPricing.java:90)
Caused by: org.openqa.selenium.remote.ScreenshotException: 
Screen shot has been taken
Build info: version: '2.53.1', revision: 'a36b8b1cd5757287168e54b817830adce9b0158d', time: '2016-06-30 19:26:09'
System info: host: 'asplapggnr1', ip: '192.168.30.18', os.name: 'Windows 7', os.arch: 'amd64', os.version: '6.1', java.version: '1.8.0_60'
Driver info: driver.version: RemoteWebDriver
	at com.Yatra.TestScript.Flights.FlightPricing.TC_Yatra_Flight_087(FlightPricing.java:90)
Caused by: org.openqa.selenium.WebDriverException: 
unknown error: Element <p class="new-blue-button fr book-button js-bookNow relative tc" ng-show="flt.totalFare>0 &amp;&amp; !queryProp.rescId" analytics="Flight Option|Book Now" yatratrackable="Flights|Search|Book Type|Book Now" ng-click="makePricing({seg:flt.pricingId, from:'', ttype:queryProp.type},$event,flt);">...</p> is not clickable at point (1193, 27). Other element would receive the click: <iframe name="notification-frame-~197148a1b" id="webklipper-publisher-widget-container-notification-frame" frameborder="0" marginheight="0" marginwidth="0" data-notification-layout-id="1af576bb" data-notification-layout-name="header-desktop" style="display: block; z-index: 16776272; visibility: visible; height: 35px; width: 100%; overflow: hidden; margin-top: 0px; left: auto; right: 0px; position: fixed; top: 0px;"></iframe>
  (Session info: chrome=57.0.2987.133)
  (Driver info: chromedriver=2.28.455520 (cc17746adff54984afff480136733114c6b3704b),platform=Windows NT 6.1.7601 SP1 x86_64) (WARNING: The server did not provide any stacktrace information)
Command duration or timeout: 75 milliseconds
Build info: version: '2.53.1', revision: 'a36b8b1', time: '2016-06-30 17:37:03'
System info: host: 'asplapggnr1', ip: '192.168.30.18', os.name: 'Windows 7', os.arch: 'amd64', os.version: '6.1', java.version: '1.8.0_60'
Driver info: org.openqa.selenium.chrome.ChromeDriver
Capabilities [{applicationCacheEnabled=false, rotatable=false, mobileEmulationEnabled=false, networkConnectionEnabled=false, chrome={chromedriverVersion=2.28.455520 (cc17746adff54984afff480136733114c6b3704b), userDataDir=C:\Users\HARVEE~1.YAT\AppData\Local\Temp\scoped_dir7124_24717}, takesHeapSnapshot=true, pageLoadStrategy=normal, databaseEnabled=false, handlesAlerts=true, hasTouchScreen=false, version=57.0.2987.133, platform=XP, browserConnectionEnabled=false, nativeEvents=true, acceptSslCerts=true, locationContextEnabled=true, webStorageEnabled=true, browserName=chrome, takesScreenshot=true, javascriptEnabled=true, cssSelectorsEnabled=true, unexpectedAlertBehaviour=}]
Session ID: 57483e4c3cd79026597652312643399f
Build info: version: '2.53.1', revision: 'a36b8b1cd5757287168e54b817830adce9b0158d', time: '2016-06-30 19:26:09'
System info: host: 'asplapggnr1', ip: '192.168.30.18', os.name: 'Windows 7', os.arch: 'amd64', os.version: '6.1', java.version: '1.8.0_60'
Driver info: driver.version: RemoteWebDriver
]]></failure>
    <system-out><![CDATA[...
... TestNG 6.9.8 by CÃ©dric Beust (cedric@beust.com)
...

disabled test case: "TC_Yatra_Flight_088", Now it will not be executed  !!
disabled test case: "TC_Yatra_Flight_089", Now it will not be executed  !!
disabled test case: "TC_Yatra_Flight_090", Now it will not be executed  !!
disabled test case: "TC_Yatra_Flight_106", Now it will not be executed  !!
disabled test case: "TC_Yatra_Flight_107", Now it will not be executed  !!
disabled test case: "TC_Yatra_Flight_108", Now it will not be executed  !!
disabled test case: "TC_Yatra_Flight_109", Now it will not be executed  !!
disabled test case: "TC_Yatra_Flight_110", Now it will not be executed  !!
disabled test case: "TC_Yatra_Flight_111", Now it will not be executed  !!
disabled test case: "TC_Yatra_Flight_096", Now it will not be executed  !!
disabled test case: "TC_Yatra_Flight_091", Now it will not be executed  !!
disabled test case: "TC_Yatra_Flight_092", Now it will not be executed  !!
30-Mar-2017 18:49:00:488 INFO  [main]  
30-Mar-2017 18:49:00:488 INFO  [main] ****             Check to price calculation for DOM flight-one way             ***** 
30-Mar-2017 18:49:00:488 INFO  [main]  
30-Mar-2017 18:49:05:875 DEBUG [main] Page URL:: https://www.yatra.com/ 
30-Mar-2017 18:49:06:125 DEBUG [main] Element is displayed:: [[RemoteWebDriver: chrome on XP (32df696f-3038-4fc3-848b-05a796608e29)] -> css selector: input#BE_flight_flsearch_btn] 
30-Mar-2017 18:49:06:128 INFO  [main] 1. Navigated to 'Yatra' Home Page! 
30-Mar-2017 18:49:06:148 INFO  [main] 2.Verified Yatra Title text 
30-Mar-2017 18:49:06:380 DEBUG [main] Element is displayed:: [[RemoteWebDriver: chrome on XP (32df696f-3038-4fc3-848b-05a796608e29)] -> css selector: a[title='One Way']] 
30-Mar-2017 18:49:06:635 DEBUG [main] Page URL:: https://www.yatra.com/ 
30-Mar-2017 18:49:09:020 DEBUG [main] Element is displayed:: [[RemoteWebDriver: chrome on XP (32df696f-3038-4fc3-848b-05a796608e29)] -> css selector: input#BE_flight_origin_city] 
30-Mar-2017 18:49:09:235 DEBUG [main] Element is displayed:: [[RemoteWebDriver: chrome on XP (32df696f-3038-4fc3-848b-05a796608e29)] -> css selector: input#BE_flight_origin_city] 
30-Mar-2017 18:49:09:800 DEBUG [main] Entered the Origin: DEL 
30-Mar-2017 18:49:10:092 DEBUG [main] Element is displayed:: [[RemoteWebDriver: chrome on XP (32df696f-3038-4fc3-848b-05a796608e29)] -> css selector: input#BE_flight_arrival_city] 
30-Mar-2017 18:49:10:239 DEBUG [main] Element is displayed:: [[RemoteWebDriver: chrome on XP (32df696f-3038-4fc3-848b-05a796608e29)] -> css selector: input#BE_flight_arrival_city] 
30-Mar-2017 18:49:10:693 DEBUG [main] Entered the Destination: MAA 
30-Mar-2017 18:49:18:004 DEBUG [main] Element is displayed:: [[RemoteWebDriver: chrome on XP (32df696f-3038-4fc3-848b-05a796608e29)] -> css selector: input#BE_flight_depart_date] 
30-Mar-2017 18:49:18:149 DEBUG [main] Element is displayed:: [[RemoteWebDriver: chrome on XP (32df696f-3038-4fc3-848b-05a796608e29)] -> css selector: input#BE_flight_depart_date] 
30-Mar-2017 18:49:19:532 DEBUG [main] Selected Departure Date: 2017_4_1(YY/MM/DD) 
30-Mar-2017 18:49:23:944 DEBUG [main] Element is displayed:: [[RemoteWebDriver: chrome on XP (32df696f-3038-4fc3-848b-05a796608e29)] -> css selector: div[id='BE_flight_paxInfoBox']] 
30-Mar-2017 18:49:24:257 DEBUG [main] Selected 'Economy' Class  
30-Mar-2017 18:49:24:507 DEBUG [main] Element is displayed:: [[RemoteWebDriver: chrome on XP (32df696f-3038-4fc3-848b-05a796608e29)] -> css selector: div[class='be-ddn-footer']>span[class='done']] 
30-Mar-2017 18:49:24:696 DEBUG [main] Element is displayed:: [[RemoteWebDriver: chrome on XP (32df696f-3038-4fc3-848b-05a796608e29)] -> css selector: div[class='be-ddn-footer']>span[class='done']] 
30-Mar-2017 18:49:24:862 DEBUG [main] Successfully clicked Done button in Passenger DropDown box 
30-Mar-2017 18:49:24:862 DEBUG [main] Successfully selected OneWay Flight Search fields 
30-Mar-2017 18:49:24:862 INFO  [main] 3.Successfully filled the search details for 'ONE WAY' trip. 
30-Mar-2017 18:49:25:012 DEBUG [main] Element is displayed:: [[RemoteWebDriver: chrome on XP (32df696f-3038-4fc3-848b-05a796608e29)] -> css selector: input#BE_flight_flsearch_btn] 
30-Mar-2017 18:49:25:236 DEBUG [main] Page URL:: https://www.yatra.com/ 
30-Mar-2017 18:49:28:768 DEBUG [main] Page URL:: https://flight.yatra.com/air-search-ui/dom2/trigger?type=o&viewname=normal&flexi=0&noofsegments=1&origin=del&origincountry=in&destination=maa&destinationcountry=in&flight_depart_date=01/04/2017&adt=1&chd=0&inf=0&class=economy&source=fresco-home 
30-Mar-2017 18:49:29:026 DEBUG [main] Page URL:: https://flight.yatra.com/air-search-ui/dom2/trigger?type=o&viewname=normal&flexi=0&noofsegments=1&origin=del&origincountry=in&destination=maa&destinationcountry=in&flight_depart_date=01/04/2017&adt=1&chd=0&inf=0&class=economy&source=fresco-home 
30-Mar-2017 18:49:29:201 DEBUG [main] Element is displayed:: [[RemoteWebDriver: chrome on XP (32df696f-3038-4fc3-848b-05a796608e29)] -> css selector: [class='ico fl ico-gray-modify-search']] 
30-Mar-2017 18:49:29:201 INFO  [main] 4.Successfully clicked 'Search' in Yatra Homepage  
30-Mar-2017 18:49:29:336 DEBUG [main] Element is displayed:: [[RemoteWebDriver: chrome on XP (32df696f-3038-4fc3-848b-05a796608e29)] -> css selector: [class='ico fl ico-gray-modify-search']] 
30-Mar-2017 18:49:29:338 DEBUG [main] All elements checked on this page:: [btnModifySearchIcon] 
30-Mar-2017 18:49:29:596 INFO  [main] <b>Actual Result:</b> Successfully navigated to SearchResult Page. 
30-Mar-2017 18:49:33:279 DEBUG [main] Element is displayed:: [[RemoteWebDriver: chrome on XP (32df696f-3038-4fc3-848b-05a796608e29)] -> css selector: div[id='resultBoxSlider']>div>div[class='results']>div[class='js-flightRow js-flightItem']:nth-child(10)>article[class*='my-res new-theme my-result-list animation']>div[class='my-res-info full']>ul>li[class='book-now']>div>p[class='new-blue-button fr book-button js-bookNow relative tc']] 
30-Mar-2017 18:49:33:776 FATAL [main] unknown error: Element <p class="new-blue-button fr book-button js-bookNow relative tc" ng-show="flt.totalFare>0 &amp;&amp; !queryProp.rescId" analytics="Flight Option|Book Now" yatratrackable="Flights|Search|Book Type|Book Now" ng-click="makePricing({seg:flt.pricingId, from:'', ttype:queryProp.type},$event,flt);">...</p> is not clickable at point (1193, 27). Other element would receive the click: <iframe name="notification-frame-~197148a1b" id="webklipper-publisher-widget-container-notification-frame" frameborder="0" marginheight="0" marginwidth="0" data-notification-layout-id="1af576bb" data-notification-layout-name="header-desktop" style="display: block; z-index: 16776272; visibility: visible; height: 35px; width: 100%; overflow: hidden; margin-top: 0px; left: auto; right: 0px; position: fixed; top: 0px;"></iframe> 
org.openqa.selenium.WebDriverException: unknown error: Element <p class="new-blue-button fr book-button js-bookNow relative tc" ng-show="flt.totalFare>0 &amp;&amp; !queryProp.rescId" analytics="Flight Option|Book Now" yatratrackable="Flights|Search|Book Type|Book Now" ng-click="makePricing({seg:flt.pricingId, from:'', ttype:queryProp.type},$event,flt);">...</p> is not clickable at point (1193, 27). Other element would receive the click: <iframe name="notification-frame-~197148a1b" id="webklipper-publisher-widget-container-notification-frame" frameborder="0" marginheight="0" marginwidth="0" data-notification-layout-id="1af576bb" data-notification-layout-name="header-desktop" style="display: block; z-index: 16776272; visibility: visible; height: 35px; width: 100%; overflow: hidden; margin-top: 0px; left: auto; right: 0px; position: fixed; top: 0px;"></iframe>
  (Session info: chrome=57.0.2987.133)
  (Driver info: chromedriver=2.28.455520 (cc17746adff54984afff480136733114c6b3704b),platform=Windows NT 6.1.7601 SP1 x86_64) (WARNING: The server did not provide any stacktrace information)
Command duration or timeout: 75 milliseconds
Build info: version: '2.53.1', revision: 'a36b8b1', time: '2016-06-30 17:37:03'
System info: host: 'asplapggnr1', ip: '192.168.30.18', os.name: 'Windows 7', os.arch: 'amd64', os.version: '6.1', java.version: '1.8.0_60'
Driver info: org.openqa.selenium.chrome.ChromeDriver
Capabilities [{applicationCacheEnabled=false, rotatable=false, mobileEmulationEnabled=false, networkConnectionEnabled=false, chrome={chromedriverVersion=2.28.455520 (cc17746adff54984afff480136733114c6b3704b), userDataDir=C:\Users\HARVEE~1.YAT\AppData\Local\Temp\scoped_dir7124_24717}, takesHeapSnapshot=true, pageLoadStrategy=normal, databaseEnabled=false, handlesAlerts=true, hasTouchScreen=false, version=57.0.2987.133, platform=XP, browserConnectionEnabled=false, nativeEvents=true, acceptSslCerts=true, locationContextEnabled=true, webStorageEnabled=true, browserName=chrome, takesScreenshot=true, javascriptEnabled=true, cssSelectorsEnabled=true, unexpectedAlertBehaviour=}]
Session ID: 57483e4c3cd79026597652312643399f
Command duration or timeout: 485 milliseconds
Build info: version: '2.53.1', revision: 'a36b8b1cd5757287168e54b817830adce9b0158d', time: '2016-06-30 19:26:09'
System info: host: 'asplapggnr1', ip: '192.168.30.18', os.name: 'Windows 7', os.arch: 'amd64', os.version: '6.1', java.version: '1.8.0_60'
Driver info: org.openqa.selenium.remote.RemoteWebDriver
Capabilities [{applicationCacheEnabled=false, rotatable=false, mobileEmulationEnabled=false, networkConnectionEnabled=false, chrome={chromedriverVersion=2.28.455520 (cc17746adff54984afff480136733114c6b3704b), userDataDir=C:\Users\HARVEE~1.YAT\AppData\Local\Temp\scoped_dir7124_24717}, takesHeapSnapshot=true, pageLoadStrategy=normal, databaseEnabled=false, handlesAlerts=true, hasTouchScreen=false, version=57.0.2987.133, platform=XP, browserConnectionEnabled=false, nativeEvents=true, acceptSslCerts=true, webdriver.remote.sessionid=32df696f-3038-4fc3-848b-05a796608e29, locationContextEnabled=true, webStorageEnabled=true, browserName=chrome, takesScreenshot=true, javascriptEnabled=true, cssSelectorsEnabled=true, unexpectedAlertBehaviour=}]
Session ID: 32df696f-3038-4fc3-848b-05a796608e29
	at sun.reflect.NativeConstructorAccessorImpl.newInstance0(Native Method)
	at sun.reflect.NativeConstructorAccessorImpl.newInstance(NativeConstructorAccessorImpl.java:62)
	at sun.reflect.DelegatingConstructorAccessorImpl.newInstance(DelegatingConstructorAccessorImpl.java:45)
	at java.lang.reflect.Constructor.newInstance(Constructor.java:422)
	at org.openqa.selenium.remote.ErrorHandler.createThrowable(ErrorHandler.java:206)
	at org.openqa.selenium.remote.ErrorHandler.throwIfResponseFailed(ErrorHandler.java:158)
	at org.openqa.selenium.remote.RemoteWebDriver.execute(RemoteWebDriver.java:678)
	at org.openqa.selenium.remote.RemoteWebElement.execute(RemoteWebElement.java:327)
	at org.openqa.selenium.remote.RemoteWebElement.click(RemoteWebElement.java:85)
	at com.Yatra.Utils.BrowserActions.clickOnElement(BrowserActions.java:154)
	at com.Yatra.Pages.SearchResult.clickOnBookNowInOneWay(SearchResult.java:292)
	at com.Yatra.TestScript.Flights.FlightPricing.TC_Yatra_Flight_087(FlightPricing.java:90)
	at sun.reflect.NativeMethodAccessorImpl.invoke0(Native Method)
	at sun.reflect.NativeMethodAccessorImpl.invoke(NativeMethodAccessorImpl.java:62)
	at sun.reflect.DelegatingMethodAccessorImpl.invoke(DelegatingMethodAccessorImpl.java:43)
	at java.lang.reflect.Method.invoke(Method.java:497)
	at org.testng.internal.MethodInvocationHelper.invokeMethod(MethodInvocationHelper.java:85)
	at org.testng.internal.Invoker.invokeMethod(Invoker.java:639)
	at org.testng.internal.Invoker.invokeTestMethod(Invoker.java:816)
	at org.testng.internal.Invoker.invokeTestMethods(Invoker.java:1124)
	at org.testng.internal.TestMethodWorker.invokeTestMethods(TestMethodWorker.java:125)
	at org.testng.internal.TestMethodWorker.run(TestMethodWorker.java:108)
	at org.testng.TestRunner.privateRun(TestRunner.java:774)
	at org.testng.TestRunner.run(TestRunner.java:624)
	at org.testng.SuiteRunner.runTest(SuiteRunner.java:359)
	at org.testng.SuiteRunner.runSequentially(SuiteRunner.java:354)
	at org.testng.SuiteRunner.privateRun(SuiteRunner.java:312)
	at org.testng.SuiteRunner.run(SuiteRunner.java:261)
	at org.testng.SuiteRunnerWorker.runSuite(SuiteRunnerWorker.java:52)
	at org.testng.SuiteRunnerWorker.run(SuiteRunnerWorker.java:86)
	at org.testng.TestNG.runSuitesSequentially(TestNG.java:1191)
	at org.testng.TestNG.runSuitesLocally(TestNG.java:1116)
	at org.testng.TestNG.run(TestNG.java:1024)
	at org.apache.maven.surefire.testng.TestNGExecutor.run(TestNGExecutor.java:281)
	at org.apache.maven.surefire.testng.TestNGXmlTestSuite.execute(TestNGXmlTestSuite.java:75)
	at org.apache.maven.surefire.testng.TestNGProvider.invoke(TestNGProvider.java:121)
	at org.apache.maven.surefire.booter.ForkedBooter.invokeProviderInSameClassLoader(ForkedBooter.java:290)
	at org.apache.maven.surefire.booter.ForkedBooter.runSuitesInProcess(ForkedBooter.java:242)
	at org.apache.maven.surefire.booter.ForkedBooter.main(ForkedBooter.java:121)
Caused by: org.openqa.selenium.remote.ScreenshotException: Screen shot has been taken
Build info: version: '2.53.1', revision: 'a36b8b1cd5757287168e54b817830adce9b0158d', time: '2016-06-30 19:26:09'
System info: host: 'asplapggnr1', ip: '192.168.30.18', os.name: 'Windows 7', os.arch: 'amd64', os.version: '6.1', java.version: '1.8.0_60'
Driver info: driver.version: RemoteWebDriver
	at org.openqa.selenium.remote.ErrorHandler.throwIfResponseFailed(ErrorHandler.java:138)
	... 33 more
Caused by: org.openqa.selenium.WebDriverException: unknown error: Element <p class="new-blue-button fr book-button js-bookNow relative tc" ng-show="flt.totalFare>0 &amp;&amp; !queryProp.rescId" analytics="Flight Option|Book Now" yatratrackable="Flights|Search|Book Type|Book Now" ng-click="makePricing({seg:flt.pricingId, from:'', ttype:queryProp.type},$event,flt);">...</p> is not clickable at point (1193, 27). Other element would receive the click: <iframe name="notification-frame-~197148a1b" id="webklipper-publisher-widget-container-notification-frame" frameborder="0" marginheight="0" marginwidth="0" data-notification-layout-id="1af576bb" data-notification-layout-name="header-desktop" style="display: block; z-index: 16776272; visibility: visible; height: 35px; width: 100%; overflow: hidden; margin-top: 0px; left: auto; right: 0px; position: fixed; top: 0px;"></iframe>
  (Session info: chrome=57.0.2987.133)
  (Driver info: chromedriver=2.28.455520 (cc17746adff54984afff480136733114c6b3704b),platform=Windows NT 6.1.7601 SP1 x86_64) (WARNING: The server did not provide any stacktrace information)
Command duration or timeout: 75 milliseconds
Build info: version: '2.53.1', revision: 'a36b8b1', time: '2016-06-30 17:37:03'
System info: host: 'asplapggnr1', ip: '192.168.30.18', os.name: 'Windows 7', os.arch: 'amd64', os.version: '6.1', java.version: '1.8.0_60'
Driver info: org.openqa.selenium.chrome.ChromeDriver
Capabilities [{applicationCacheEnabled=false, rotatable=false, mobileEmulationEnabled=false, networkConnectionEnabled=false, chrome={chromedriverVersion=2.28.455520 (cc17746adff54984afff480136733114c6b3704b), userDataDir=C:\Users\HARVEE~1.YAT\AppData\Local\Temp\scoped_dir7124_24717}, takesHeapSnapshot=true, pageLoadStrategy=normal, databaseEnabled=false, handlesAlerts=true, hasTouchScreen=false, version=57.0.2987.133, platform=XP, browserConnectionEnabled=false, nativeEvents=true, acceptSslCerts=true, locationContextEnabled=true, webStorageEnabled=true, browserName=chrome, takesScreenshot=true, javascriptEnabled=true, cssSelectorsEnabled=true, unexpectedAlertBehaviour=}]
Session ID: 57483e4c3cd79026597652312643399f
Build info: version: '2.53.1', revision: 'a36b8b1cd5757287168e54b817830adce9b0158d', time: '2016-06-30 19:26:09'
System info: host: 'asplapggnr1', ip: '192.168.30.18', os.name: 'Windows 7', os.arch: 'amd64', os.version: '6.1', java.version: '1.8.0_60'
Driver info: driver.version: RemoteWebDriver
	at sun.reflect.NativeConstructorAccessorImpl.newInstance0(Native Method)
	at sun.reflect.NativeConstructorAccessorImpl.newInstance(Unknown Source)
	at sun.reflect.DelegatingConstructorAccessorImpl.newInstance(Unknown Source)
	at java.lang.reflect.Constructor.newInstance(Unknown Source)
	at org.openqa.selenium.remote.ErrorHandler.createThrowable(ErrorHandler.java:206)
	at org.openqa.selenium.remote.ErrorHandler.throwIfResponseFailed(ErrorHandler.java:158)
	at org.openqa.selenium.remote.RemoteWebDriver.execute(RemoteWebDriver.java:678)
	at org.openqa.selenium.remote.RemoteWebElement.execute(RemoteWebElement.java:327)
	at org.openqa.selenium.remote.RemoteWebElement.click(RemoteWebElement.java:85)
	at sun.reflect.GeneratedMethodAccessor19.invoke(Unknown Source)
	at sun.reflect.DelegatingMethodAccessorImpl.invoke(Unknown Source)
	at java.lang.reflect.Method.invoke(Unknown Source)
	at org.openqa.selenium.support.events.EventFiringWebDriver$EventFiringWebElement$1.invoke(EventFiringWebDriver.java:335)
	at com.sun.proxy.$Proxy3.click(Unknown Source)
	at org.openqa.selenium.support.events.EventFiringWebDriver$EventFiringWebElement.click(EventFiringWebDriver.java:348)
	at sun.reflect.GeneratedMethodAccessor19.invoke(Unknown Source)
	at sun.reflect.DelegatingMethodAccessorImpl.invoke(Unknown Source)
	at java.lang.reflect.Method.invoke(Unknown Source)
	at org.openqa.selenium.remote.server.KnownElements$1.invoke(KnownElements.java:64)
	at com.sun.proxy.$Proxy4.click(Unknown Source)
	at org.openqa.selenium.remote.server.handler.ClickElement.call(ClickElement.java:30)
	at org.openqa.selenium.remote.server.handler.ClickElement.call(ClickElement.java:1)
	at java.util.concurrent.FutureTask.run(Unknown Source)
	at org.openqa.selenium.remote.server.DefaultSession$1.run(DefaultSession.java:176)
	at java.util.concurrent.ThreadPoolExecutor.runWorker(Unknown Source)
	at java.util.concurrent.ThreadPoolExecutor$Worker.run(Unknown Source)
	at java.lang.Thread.run(Unknown Source)
30-Mar-2017 18:49:34:645 INFO  [main] ****             -E---N---D-             ***** 
]]></system-out>
  </testcase>
</testsuite>