<?xml version="1.0" encoding="UTF-8"?>
<testsuite xmlns:xsi="http://www.w3.org/2001/XMLSchema-instance" xsi:schemaLocation="https://maven.apache.org/surefire/maven-surefire-plugin/xsd/surefire-test-report.xsd" name="TestSuite" time="40.128" tests="1" errors="0" skipped="0" failures="1">
  <properties>
[...]
</properties>
  <testcase name="TC_Yatra_Flight_087" classname="com.Yatra.TestScript.Flights.FlightPricing" time="38.675">
    <failure message="unknown error: Element &lt;p class=&quot;new-blue-button fr book-button js-bookNow relative tc&quot; ng-show=&quot;flt.totalFare&gt;0 &amp;amp;&amp;amp; !queryProp.rescId&quot; analytics=&quot;Flight Option|Book Now&quot; yatratrackable=&quot;Flights|Search|Book Type|Book Now&quot; ng-click=&quot;makePricing({seg:flt.pricingId, from:&apos;&apos;, ttype:queryProp.type},$event,flt);&quot;&gt;...&lt;/p&gt; is not clickable at point (1193, 27). Other element would receive the click: &lt;iframe name=&quot;notification-frame-~197148a1b&quot; id=&quot;webklipper-publisher-widget-container-notification-frame&quot; frameborder=&quot;0&quot; marginheight=&quot;0&quot; marginwidth=&quot;0&quot; data-notification-layout-id=&quot;1af576bb&quot; data-notification-layout-name=&quot;header-desktop&quot; style=&quot;display: block; z-index: 16776272; visibility: visible; height: 35px; width: 100%; overflow: hidden; margin-top: 0px; left: auto; right: 0px; position: fixed; top: 0px;&quot;&gt;&lt;/iframe&gt;&#10;  (Session info: chrome=57.0.2987.133)&#10;  (Driver info: chromedriver=2.28.455520 (cc17746adff54984afff480136733114c6b3704b),platform=Windows NT 6.1.7601 SP1 x86_64) (WARNING: The server did not provide any stacktrace information)&#10;Command duration or timeout: 75 milliseconds&#10;Build info: version: &apos;2.53.1&apos;, revision: &apos;a36b8b1&apos;, time: &apos;2016-06-30 17:37:03&apos;&#10;System info: host: &apos;asplapggnr1&apos;, ip: &apos;192.168.30.18&apos;, os.name: &apos;Windows 7&apos;, os.arch: &apos;amd64&apos;, os.version: &apos;6.1&apos;, java.version: &apos;1.8.0_60&apos;&#10;Driver info: org.openqa.selenium.chrome.ChromeDriver&#10;Capabilities [{applicationCacheEnabled=false, rotatable=false, mobileEmulationEnabled=false, networkConnectionEnabled=false, chrome={chromedriverVersion=2.28.455520 (cc17746adff54984afff480136733114c6b3704b), userDataDir=C:\Users\HARVEE~1.YAT\AppData\Local\Temp\scoped_dir7124_24717}, takesHeapSnapshot=true, pageLoadStrategy=normal, databaseEnabled=false, handlesAlerts=true, hasTouchScreen=false, version=57.0.2987.133, platform=XP, browserConnectionEnabled=false, nativeEvents=true, acceptSslCerts=true, locationContextEnabled=true, webStorageEnabled=true, browserName=chrome, takesScreenshot=true, javascriptEnabled=true, cssSelectorsEnabled=true, unexpectedAlertBehaviour=}]&#10;Session ID: 57483e4c3cd79026597652312643399f&#10;Command duration or timeout: 485 milliseconds&#10;Build info: version: &apos;2.53.1&apos;, revision: &apos;a36b8b1cd5757287168e54b817830adce9b0158d&apos;, time: &apos;2016-06-30 19:26:09&apos;&#10;System info: host: &apos;asplapggnr1&apos;, ip: &apos;192.168.30.18&apos;, os.name: &apos;Windows 7&apos;, os.arch: &apos;amd64&apos;, os.version: &apos;6.1&apos;, java.version: &apos;1.8.0_60&apos;&#10;Driver info: org.openqa.selenium.remote.RemoteWebDriver&#10;Capabilities [{applicationCacheEnabled=false, rotatable=false, mobileEmulationEnabled=false, networkConnectionEnabled=false, chrome={chromedriverVersion=2.28.455520 (cc17746adff54984afff480136733114c6b3704b), userDataDir=C:\Users\HARVEE~1.YAT\AppData\Local\Temp\scoped_dir7124_24717}, takesHeapSnapshot=true, pageLoadStrategy=normal, databaseEnabled=false, handlesAlerts=true, hasTouchScreen=false, version=57.0.2987.133, platform=XP, browserConnectionEnabled=false, nativeEvents=true, acceptSslCerts=true, webdriver.remote.sessionid=32df696f-3038-4fc3-848b-05a796608e29, locationContextEnabled=true, webStorageEnabled=true, browserName=chrome, takesScreenshot=true, javascriptEnabled=true, cssSelectorsEnabled=true, unexpectedAlertBehaviour=}]&#10;Session ID: 32df696f-3038-4fc3-848b-05a796608e29" type="org.openqa.selenium.WebDriverException"><![CDATA[org.openqa.selenium.WebDriverException: 
unknown error: Element <p class="new-blue-button fr book-button js-bookNow relative tc" ng-show="flt.totalFare>0 &amp;&amp; !queryProp.rescId" analytics="Flight Option|Book Now" yatratrackable="Flights|Search|Book Type|Book Now" ng-click="makePricing({seg:flt.pricingId, from:'', ttype:queryProp.type},$event,flt);">...</p> is not clickable at point (1193, 27). Other element would receive the click: <iframe name="notification-frame-~197148a1b" id="webklipper-publisher-widget-container-notification-frame" frameborder="0" marginheight="0" marginwidth="0" data-notification-layout-id="1af576bb" data-notification-layout-name="header-desktop" style="display: block; z-index: 16776272; visibility: visible; height: 35px; width: 100%; overflow: hidden; margin-top: 0px; left: auto; right: 0px; position: fixed; top: 0px;"></iframe>
  (Session info: chrome=57.0.2987.133)
  (Driver info: chromedriver=2.28.455520 (cc17746adff54984afff480136733114c6b3704b),platform=Windows NT 6.1.7601 SP1 x86_64) (WARNING: The server did not provide any stacktrace information)
Command duration or timeout: 75 milliseconds
Build info: version: '2.53.1', revision: 'a36b8b1', time: '2016-06-30 17:37:03'
System info: host: 'asplapggnr1', ip: '192.168.30.18', os.name: 'Windows 7', os.arch: 'amd64', os.version: '6.1', java.version: '1.8.0_60'
Driver info: org.openqa.selenium.chrome.ChromeDriver
Capabilities [{applicationCacheEnabled=false, rotatable=false, mobileEmulationEnabled=false, networkConnectionEnabled=false, chrome={chromedriverVersion=2.28.455520 (cc17746adff54984afff480136733114c6b3704b), userDataDir=C:\Users\HARVEE~1.YAT\AppData\Local\Temp\scoped_dir7124_24717}, takesHeapSnapshot=true, pageLoadStrategy=normal, databaseEnabled=false, handlesAlerts=true, hasTouchScreen=false, version=57.0.2987.133, platform=XP, browserConnectionEnabled=false, nativeEvents=true, acceptSslCerts=true, locationContextEnabled=true, webStorageEnabled=true, browserName=chrome, takesScreenshot=true, javascriptEnabled=true, cssSelectorsEnabled=true, unexpectedAlertBehaviour=}]
Session ID: 57483e4c3cd79026597652312643399f
Command duration or timeout: 485 milliseconds
Build info: version: '2.53.1', revision: 'a36b8b1cd5757287168e54b817830adce9b0158d', time: '2016-06-30 19:26:09'
System info: host: 'asplapggnr1', ip: '192.168.30.18', os.name: 'Windows 7', os.arch: 'amd64', os.version: '6.1', java.version: '1.8.0_60'
Driver info: org.openqa.selenium.remote.RemoteWebDriver
Capabilities [{applicationCacheEnabled=false, rotatable=false, mobileEmulationEnabled=false, networkConnectionEnabled=false, chrome={chromedriverVersion=2.28.455520 (cc17746adff54984afff480136733114c6b3704b), userDataDir=C:\Users\HARVEE~1.YAT\AppData\Local\Temp\scoped_dir7124_24717}, takesHeapSnapshot=true, pageLoadStrategy=normal, databaseEnabled=false, handlesAlerts=true, hasTouchScreen=false, version=57.0.2987.133, platform=XP, browserConnectionEnabled=false, nativeEvents=true, acceptSslCerts=true, webdriver.remote.sessionid=32df696f-3038-4fc3-848b-05a796608e29, locationContextEnabled=true, webStorageEnabled=true, browserName=chrome, takesScreenshot=true, javascriptEnabled=true, cssSelectorsEnabled=true, unexpectedAlertBehaviour=}]
Session ID: 32df696f-3038-4fc3-848b-05a796608e29
	at com.Yatra.TestScript.Flights.FlightPricing.TC_Yatra_Flight_087(FlightPricing.java:90)
Caused by: org.openqa.selenium.remote.ScreenshotException: 
Screen shot has been taken
Build info: version: '2.53.1', revision: 'a36b8b1cd5757287168e54b817830adce9b0158d', time: '2016-06-30 19:26:09'
System info: host: 'asplapggnr1', ip: '192.168.30.18', os.name: 'Windows 7', os.arch: 'amd64', os.version: '6.1', java.version: '1.8.0_60'
Driver info: driver.version: RemoteWebDriver
	at com.Yatra.TestScript.Flights.FlightPricing.TC_Yatra_Flight_087(FlightPricing.java:90)
Caused by: org.openqa.selenium.WebDriverException: 
unknown error: Element <p class="new-blue-button fr book-button js-bookNow relative tc" ng-show="flt.totalFare>0 &amp;&amp; !queryProp.rescId" analytics="Flight Option|Book Now" yatratrackable="Flights|Search|Book Type|Book Now" ng-click="makePricing({seg:flt.pricingId, from:'', ttype:queryProp.type},$event,flt);">...</p> is not clickable at point (1193, 27). Other element would receive the click: <iframe name="notification-frame-~197148a1b" id="webklipper-publisher-widget-container-notification-frame" frameborder="0" marginheight="0" marginwidth="0" data-notification-layout-id="1af576bb" data-notification-layout-name="header-desktop" style="display: block; z-index: 16776272; visibility: visible; height: 35px; width: 100%; overflow: hidden; margin-top: 0px; left: auto; right: 0px; position: fixed; top: 0px;"></iframe>
  (Session info: chrome=57.0.2987.133)
  (Driver info: chromedriver=2.28.455520 (cc17746adff54984afff480136733114c6b3704b),platform=Windows NT 6.1.7601 SP1 x86_64) (WARNING: The server did not provide any stacktrace information)
Command duration or timeout: 75 milliseconds
Build info: version: '2.53.1', revision: 'a36b8b1', time: '2016-06-30 17:37:03'
System info: host: 'asplapggnr1', ip: '192.168.30.18', os.name: 'Windows 7', os.arch: 'amd64', os.version: '6.1', java.version: '1.8.0_60'
Driver info: org.openqa.selenium.chrome.ChromeDriver
Capabilities [{applicationCacheEnabled=false, rotatable=false, mobileEmulationEnabled=false, networkConnectionEnabled=false, chrome={chromedriverVersion=2.28.455520 (cc17746adff54984afff480136733114c6b3704b), userDataDir=C:\Users\HARVEE~1.YAT\AppData\Local\Temp\scoped_dir7124_24717}, takesHeapSnapshot=true, pageLoadStrategy=normal, databaseEnabled=false, handlesAlerts=true, hasTouchScreen=false, version=57.0.2987.133, platform=XP, browserConnectionEnabled=false, nativeEvents=true, acceptSslCerts=true, locationContextEnabled=true, webStorageEnabled=true, browserName=chrome, takesScreenshot=true, javascriptEnabled=true, cssSelectorsEnabled=true, unexpectedAlertBehaviour=}]
Session ID: 57483e4c3cd79026597652312643399f
Build info: version: '2.53.1', revision: 'a36b8b1cd5757287168e54b817830adce9b0158d', time: '2016-06-30 19:26:09'
System info: host: 'asplapggnr1', ip: '192.168.30.18', os.name: 'Windows 7', os.arch: 'amd64', os.version: '6.1', java.version: '1.8.0_60'
Driver info: driver.version: RemoteWebDriver
]]></failure>
    <system-out><![CDATA[...
... TestNG 6.9.8 by Cédric Beust (cedric@beust.com)
...

disabled test case: "TC_Yatra_Flight_088", Now it will not be executed  !!
disabled test case: "TC_Yatra_Flight_089", Now it will not be executed  !!
disabled test case: "TC_Yatra_Flight_090", Now it will not be executed  !!
disabled test case: "TC_Yatra_Flight_106", Now it will not be executed  !!
disabled test case: "TC_Yatra_Flight_107", Now it will not be executed  !!
disabled test case: "TC_Yatra_Flight_108", Now it will not be executed  !!
disabled test case: "TC_Yatra_Flight_109", Now it will not be executed  !!
disabled test case: "TC_Yatra_Flight_110", Now it will not be executed  !!
disabled test case: "TC_Yatra_Flight_111", Now it will not be executed  !!
disabled test case: "TC_Yatra_Flight_096", Now it will not be executed  !!
disabled test case: "TC_Yatra_Flight_091", Now it will not be executed  !!
disabled test case: "TC_Yatra_Flight_092", Now it will not be executed  !!
30-Mar-2017 18:49:00:488 INFO  [main]  
30-Mar-2017 18:49:00:488 INFO  [main] ****             Check to price calculation for DOM flight-one way             ***** 
30-Mar-2017 18:49:00:488 INFO  [main]  
30-Mar-2017 18:49:05:875 DEBUG [main] Page URL:: https://www.yatra.com/ 
30-Mar-2017 18:49:06:125 DEBUG [main] Element is displayed:: [[RemoteWebDriver: chrome on XP (32df696f-3038-4fc3-848b-05a796608e29)] -> css selector: input#BE_flight_flsearch_btn] 
30-Mar-2017 18:49:06:128 INFO  [main] 1. Navigated to 'Yatra' Home Page! 
30-Mar-2017 18:49:06:148 INFO  [main] 2.Verified Yatra Title text 
30-Mar-2017 18:49:06:380 DEBUG [main] Element is displayed:: [[RemoteWebDriver: chrome on XP (32df696f-3038-4fc3-848b-05a796608e29)] -> css selector: a[title='One Way']] 
30-Mar-2017 18:49:06:635 DEBUG [main] Page URL:: https://www.yatra.com/ 
30-Mar-2017 18:49:09:020 DEBUG [main] Element is displayed:: [[RemoteWebDriver: chrome on XP (32df696f-3038-4fc3-848b-05a796608e29)] -> css selector: input#BE_flight_origin_city] 
30-Mar-2017 18:49:09:235 DEBUG [main] Element is displayed:: [[RemoteWebDriver: chrome on XP (32df696f-3038-4fc3-848b-05a796608e29)] -> css selector: input#BE_flight_origin_city] 
30-Mar-2017 18:49:09:800 DEBUG [main] Entered the Origin: DEL 
30-Mar-2017 18:49:10:092 DEBUG [main] Element is displayed:: [[RemoteWebDriver: chrome on XP (32df696f-3038-4fc3-848b-05a796608e29)] -> css selector: input#BE_flight_arrival_city] 
30-Mar-2017 18:49:10:239 DEBUG [main] Element is displayed:: [[RemoteWebDriver: chrome on XP (32df696f-3038-4fc3-848b-05a796608e29)] -> css selector: input#BE_flight_arrival_city] 
30-Mar-2017 18:49:10:693 DEBUG [main] Entered the Destination: MAA 
30-Mar-2017 18:49:18:004 DEBUG [main] Element is displayed:: [[RemoteWebDriver: chrome on XP (32df696f-3038-4fc3-848b-05a796608e29)] -> css selector: input#BE_flight_depart_date] 
30-Mar-2017 18:49:18:149 DEBUG [main] Element is displayed:: [[RemoteWebDriver: chrome on XP (32df696f-3038-4fc3-848b-05a796608e29)] -> css selector: input#BE_flight_depart_date] 
30-Mar-2017 18:49:19:532 DEBUG [main] Selected Departure Date: 2017_4_1(YY/MM/DD) 
30-Mar-2017 18:49:23:944 DEBUG [main] Element is displayed:: [[RemoteWebDriver: chrome on XP (32df696f-3038-4fc3-848b-05a796608e29)] -> css selector: div[id='BE_flight_paxInfoBox']] 
30-Mar-2017 18:49:24:257 DEBUG [main] Selected 'Economy' Class  
30-Mar-2017 18:49:24:507 DEBUG [main] Element is displayed:: [[RemoteWebDriver: chrome on XP (32df696f-3038-4fc3-848b-05a796608e29)] -> css selector: div[class='be-ddn-footer']>span[class='done']] 
30-Mar-2017 18:49:24:696 DEBUG [main] Element is displayed:: [[RemoteWebDriver: chrome on XP (32df696f-3038-4fc3-848b-05a796608e29)] -> css selector: div[class='be-ddn-footer']>span[class='done']] 
30-Mar-2017 18:49:24:862 DEBUG [main] Successfully clicked Done button in Passenger DropDown box 
30-Mar-2017 18:49:24:862 DEBUG [main] Successfully selected OneWay Flight Search fields 
30-Mar-2017 18:49:24:862 INFO  [main] 3.Successfully filled the search details for 'ONE WAY' trip. 
30-Mar-2017 18:49:25:012 DEBUG [main] Element is displayed:: [[RemoteWebDriver: chrome on XP (32df696f-3038-4fc3-848b-05a796608e29)] -> css selector: input#BE_flight_flsearch_btn] 
30-Mar-2017 18:49:25:236 DEBUG [main] Page URL:: https://www.yatra.com/ 
30-Mar-2017 18:49:28:768 DEBUG [main] Page URL:: https://flight.yatra.com/air-search-ui/dom2/trigger?type=o&viewname=normal&flexi=0&noofsegments=1&origin=del&origincountry=in&destination=maa&destinationcountry=in&flight_depart_date=01/04/2017&adt=1&chd=0&inf=0&class=economy&source=fresco-home 
30-Mar-2017 18:49:29:026 DEBUG [main] Page URL:: https://flight.yatra.com/air-search-ui/dom2/trigger?type=o&viewname=normal&flexi=0&noofsegments=1&origin=del&origincountry=in&destination=maa&destinationcountry=in&flight_depart_date=01/04/2017&adt=1&chd=0&inf=0&class=economy&source=fresco-home 
30-Mar-2017 18:49:29:201 DEBUG [main] Element is displayed:: [[RemoteWebDriver: chrome on XP (32df696f-3038-4fc3-848b-05a796608e29)] -> css selector: [class='ico fl ico-gray-modify-search']] 
30-Mar-2017 18:49:29:201 INFO  [main] 4.Successfully clicked 'Search' in Yatra Homepage  
30-Mar-2017 18:49:29:336 DEBUG [main] Element is displayed:: [[RemoteWebDriver: chrome on XP (32df696f-3038-4fc3-848b-05a796608e29)] -> css selector: [class='ico fl ico-gray-modify-search']] 
30-Mar-2017 18:49:29:338 DEBUG [main] All elements checked on this page:: [btnModifySearchIcon] 
30-Mar-2017 18:49:29:596 INFO  [main] <b>Actual Result:</b> Successfully navigated to SearchResult Page. 
30-Mar-2017 18:49:33:279 DEBUG [main] Element is displayed:: [[RemoteWebDriver: chrome on XP (32df696f-3038-4fc3-848b-05a796608e29)] -> css selector: div[id='resultBoxSlider']>div>div[class='results']>div[class='js-flightRow js-flightItem']:nth-child(10)>article[class*='my-res new-theme my-result-list animation']>div[class='my-res-info full']>ul>li[class='book-now']>div>p[class='new-blue-button fr book-button js-bookNow relative tc']] 
30-Mar-2017 18:49:33:776 FATAL [main] unknown error: Element <p class="new-blue-button fr book-button js-bookNow relative tc" ng-show="flt.totalFare>0 &amp;&amp; !queryProp.rescId" analytics="Flight Option|Book Now" yatratrackable="Flights|Search|Book Type|Book Now" ng-click="makePricing({seg:flt.pricingId, from:'', ttype:queryProp.type},$event,flt);">...</p> is not clickable at point (1193, 27). Other element would receive the click: <iframe name="notification-frame-~197148a1b" id="webklipper-publisher-widget-container-notification-frame" frameborder="0" marginheight="0" marginwidth="0" data-notification-layout-id="1af576bb" data-notification-layout-name="header-desktop" style="display: block; z-index: 16776272; visibility: visible; height: 35px; width: 100%; overflow: hidden; margin-top: 0px; left: auto; right: 0px; position: fixed; top: 0px;"></iframe> 
org.openqa.selenium.WebDriverException: unknown error: Element <p class="new-blue-button fr book-button js-bookNow relative tc" ng-show="flt.totalFare>0 &amp;&amp; !queryProp.rescId" analytics="Flight Option|Book Now" yatratrackable="Flights|Search|Book Type|Book Now" ng-click="makePricing({seg:flt.pricingId, from:'', ttype:queryProp.type},$event,flt);">...</p> is not clickable at point (1193, 27). Other element would receive the click: <iframe name="notification-frame-~197148a1b" id="webklipper-publisher-widget-container-notification-frame" frameborder="0" marginheight="0" marginwidth="0" data-notification-layout-id="1af576bb" data-notification-layout-name="header-desktop" style="display: block; z-index: 16776272; visibility: visible; height: 35px; width: 100%; overflow: hidden; margin-top: 0px; left: auto; right: 0px; position: fixed; top: 0px;"></iframe>
  (Session info: chrome=57.0.2987.133)
  (Driver info: chromedriver=2.28.455520 (cc17746adff54984afff480136733114c6b3704b),platform=Windows NT 6.1.7601 SP1 x86_64) (WARNING: The server did not provide any stacktrace information)
Command duration or timeout: 75 milliseconds
Build info: version: '2.53.1', revision: 'a36b8b1', time: '2016-06-30 17:37:03'
System info: host: 'asplapggnr1', ip: '192.168.30.18', os.name: 'Windows 7', os.arch: 'amd64', os.version: '6.1', java.version: '1.8.0_60'
Driver info: org.openqa.selenium.chrome.ChromeDriver
Capabilities [{applicationCacheEnabled=false, rotatable=false, mobileEmulationEnabled=false, networkConnectionEnabled=false, chrome={chromedriverVersion=2.28.455520 (cc17746adff54984afff480136733114c6b3704b), userDataDir=C:\Users\HARVEE~1.YAT\AppData\Local\Temp\scoped_dir7124_24717}, takesHeapSnapshot=true, pageLoadStrategy=normal, databaseEnabled=false, handlesAlerts=true, hasTouchScreen=false, version=57.0.2987.133, platform=XP, browserConnectionEnabled=false, nativeEvents=true, acceptSslCerts=true, locationContextEnabled=true, webStorageEnabled=true, browserName=chrome, takesScreenshot=true, javascriptEnabled=true, cssSelectorsEnabled=true, unexpectedAlertBehaviour=}]
Session ID: 57483e4c3cd79026597652312643399f
Command duration or timeout: 485 milliseconds
Build info: version: '2.53.1', revision: 'a36b8b1cd5757287168e54b817830adce9b0158d', time: '2016-06-30 19:26:09'
System info: host: 'asplapggnr1', ip: '192.168.30.18', os.name: 'Windows 7', os.arch: 'amd64', os.version: '6.1', java.version: '1.8.0_60'
Driver info: org.openqa.selenium.remote.RemoteWebDriver
Capabilities [{applicationCacheEnabled=false, rotatable=false, mobileEmulationEnabled=false, networkConnectionEnabled=false, chrome={chromedriverVersion=2.28.455520 (cc17746adff54984afff480136733114c6b3704b), userDataDir=C:\Users\HARVEE~1.YAT\AppData\Local\Temp\scoped_dir7124_24717}, takesHeapSnapshot=true, pageLoadStrategy=normal, databaseEnabled=false, handlesAlerts=true, hasTouchScreen=false, version=57.0.2987.133, platform=XP, browserConnectionEnabled=false, nativeEvents=true, acceptSslCerts=true, webdriver.remote.sessionid=32df696f-3038-4fc3-848b-05a796608e29, locationContextEnabled=true, webStorageEnabled=true, browserName=chrome, takesScreenshot=true, javascriptEnabled=true, cssSelectorsEnabled=true, unexpectedAlertBehaviour=}]
Session ID: 32df696f-3038-4fc3-848b-05a796608e29
	at sun.reflect.NativeConstructorAccessorImpl.newInstance0(Native Method)
	at sun.reflect.NativeConstructorAccessorImpl.newInstance(NativeConstructorAccessorImpl.java:62)
	at sun.reflect.DelegatingConstructorAccessorImpl.newInstance(DelegatingConstructorAccessorImpl.java:45)
	at java.lang.reflect.Constructor.newInstance(Constructor.java:422)
	at org.openqa.selenium.remote.ErrorHandler.createThrowable(ErrorHandler.java:206)
	at org.openqa.selenium.remote.ErrorHandler.throwIfResponseFailed(ErrorHandler.java:158)
	at org.openqa.selenium.remote.RemoteWebDriver.execute(RemoteWebDriver.java:678)
	at org.openqa.selenium.remote.RemoteWebElement.execute(RemoteWebElement.java:327)
	at org.openqa.selenium.remote.RemoteWebElement.click(RemoteWebElement.java:85)
	at com.Yatra.Utils.BrowserActions.clickOnElement(BrowserActions.java:154)
	at com.Yatra.Pages.SearchResult.clickOnBookNowInOneWay(SearchResult.java:292)
	at com.Yatra.TestScript.Flights.FlightPricing.TC_Yatra_Flight_087(FlightPricing.java:90)
	at sun.reflect.NativeMethodAccessorImpl.invoke0(Native Method)
	at sun.reflect.NativeMethodAccessorImpl.invoke(NativeMethodAccessorImpl.java:62)
	at sun.reflect.DelegatingMethodAccessorImpl.invoke(DelegatingMethodAccessorImpl.java:43)
	at java.lang.reflect.Method.invoke(Method.java:497)
	at org.testng.internal.MethodInvocationHelper.invokeMethod(MethodInvocationHelper.java:85)
	at org.testng.internal.Invoker.invokeMethod(Invoker.java:639)
	at org.testng.internal.Invoker.invokeTestMethod(Invoker.java:816)
	at org.testng.internal.Invoker.invokeTestMethods(Invoker.java:1124)
	at org.testng.internal.TestMethodWorker.invokeTestMethods(TestMethodWorker.java:125)
	at org.testng.internal.TestMethodWorker.run(TestMethodWorker.java:108)
	at org.testng.TestRunner.privateRun(TestRunner.java:774)
	at org.testng.TestRunner.run(TestRunner.java:624)
	at org.testng.SuiteRunner.runTest(SuiteRunner.java:359)
	at org.testng.SuiteRunner.runSequentially(SuiteRunner.java:354)
	at org.testng.SuiteRunner.privateRun(SuiteRunner.java:312)
	at org.testng.SuiteRunner.run(SuiteRunner.java:261)
	at org.testng.SuiteRunnerWorker.runSuite(SuiteRunnerWorker.java:52)
	at org.testng.SuiteRunnerWorker.run(SuiteRunnerWorker.java:86)
	at org.testng.TestNG.runSuitesSequentially(TestNG.java:1191)
	at org.testng.TestNG.runSuitesLocally(TestNG.java:1116)
	at org.testng.TestNG.run(TestNG.java:1024)
	at org.apache.maven.surefire.testng.TestNGExecutor.run(TestNGExecutor.java:281)
	at org.apache.maven.surefire.testng.TestNGXmlTestSuite.execute(TestNGXmlTestSuite.java:75)
	at org.apache.maven.surefire.testng.TestNGProvider.invoke(TestNGProvider.java:121)
	at org.apache.maven.surefire.booter.ForkedBooter.invokeProviderInSameClassLoader(ForkedBooter.java:290)
	at org.apache.maven.surefire.booter.ForkedBooter.runSuitesInProcess(ForkedBooter.java:242)
	at org.apache.maven.surefire.booter.ForkedBooter.main(ForkedBooter.java:121)
Caused by: org.openqa.selenium.remote.ScreenshotException: Screen shot has been taken
Build info: version: '2.53.1', revision: 'a36b8b1cd5757287168e54b817830adce9b0158d', time: '2016-06-30 19:26:09'
System info: host: 'asplapggnr1', ip: '192.168.30.18', os.name: 'Windows 7', os.arch: 'amd64', os.version: '6.1', java.version: '1.8.0_60'
Driver info: driver.version: RemoteWebDriver
	at org.openqa.selenium.remote.ErrorHandler.throwIfResponseFailed(ErrorHandler.java:138)
	... 33 more
Caused by: org.openqa.selenium.WebDriverException: unknown error: Element <p class="new-blue-button fr book-button js-bookNow relative tc" ng-show="flt.totalFare>0 &amp;&amp; !queryProp.rescId" analytics="Flight Option|Book Now" yatratrackable="Flights|Search|Book Type|Book Now" ng-click="makePricing({seg:flt.pricingId, from:'', ttype:queryProp.type},$event,flt);">...</p> is not clickable at point (1193, 27). Other element would receive the click: <iframe name="notification-frame-~197148a1b" id="webklipper-publisher-widget-container-notification-frame" frameborder="0" marginheight="0" marginwidth="0" data-notification-layout-id="1af576bb" data-notification-layout-name="header-desktop" style="display: block; z-index: 16776272; visibility: visible; height: 35px; width: 100%; overflow: hidden; margin-top: 0px; left: auto; right: 0px; position: fixed; top: 0px;"></iframe>
  (Session info: chrome=57.0.2987.133)
  (Driver info: chromedriver=2.28.455520 (cc17746adff54984afff480136733114c6b3704b),platform=Windows NT 6.1.7601 SP1 x86_64) (WARNING: The server did not provide any stacktrace information)
Command duration or timeout: 75 milliseconds
Build info: version: '2.53.1', revision: 'a36b8b1', time: '2016-06-30 17:37:03'
System info: host: 'asplapggnr1', ip: '192.168.30.18', os.name: 'Windows 7', os.arch: 'amd64', os.version: '6.1', java.version: '1.8.0_60'
Driver info: org.openqa.selenium.chrome.ChromeDriver
Capabilities [{applicationCacheEnabled=false, rotatable=false, mobileEmulationEnabled=false, networkConnectionEnabled=false, chrome={chromedriverVersion=2.28.455520 (cc17746adff54984afff480136733114c6b3704b), userDataDir=C:\Users\HARVEE~1.YAT\AppData\Local\Temp\scoped_dir7124_24717}, takesHeapSnapshot=true, pageLoadStrategy=normal, databaseEnabled=false, handlesAlerts=true, hasTouchScreen=false, version=57.0.2987.133, platform=XP, browserConnectionEnabled=false, nativeEvents=true, acceptSslCerts=true, locationContextEnabled=true, webStorageEnabled=true, browserName=chrome, takesScreenshot=true, javascriptEnabled=true, cssSelectorsEnabled=true, unexpectedAlertBehaviour=}]
Session ID: 57483e4c3cd79026597652312643399f
Build info: version: '2.53.1', revision: 'a36b8b1cd5757287168e54b817830adce9b0158d', time: '2016-06-30 19:26:09'
System info: host: 'asplapggnr1', ip: '192.168.30.18', os.name: 'Windows 7', os.arch: 'amd64', os.version: '6.1', java.version: '1.8.0_60'
Driver info: driver.version: RemoteWebDriver
	at sun.reflect.NativeConstructorAccessorImpl.newInstance0(Native Method)
	at sun.reflect.NativeConstructorAccessorImpl.newInstance(Unknown Source)
	at sun.reflect.DelegatingConstructorAccessorImpl.newInstance(Unknown Source)
	at java.lang.reflect.Constructor.newInstance(Unknown Source)
	at org.openqa.selenium.remote.ErrorHandler.createThrowable(ErrorHandler.java:206)
	at org.openqa.selenium.remote.ErrorHandler.throwIfResponseFailed(ErrorHandler.java:158)
	at org.openqa.selenium.remote.RemoteWebDriver.execute(RemoteWebDriver.java:678)
	at org.openqa.selenium.remote.RemoteWebElement.execute(RemoteWebElement.java:327)
	at org.openqa.selenium.remote.RemoteWebElement.click(RemoteWebElement.java:85)
	at sun.reflect.GeneratedMethodAccessor19.invoke(Unknown Source)
	at sun.reflect.DelegatingMethodAccessorImpl.invoke(Unknown Source)
	at java.lang.reflect.Method.invoke(Unknown Source)
	at org.openqa.selenium.support.events.EventFiringWebDriver$EventFiringWebElement$1.invoke(EventFiringWebDriver.java:335)
	at com.sun.proxy.$Proxy3.click(Unknown Source)
	at org.openqa.selenium.support.events.EventFiringWebDriver$EventFiringWebElement.click(EventFiringWebDriver.java:348)
	at sun.reflect.GeneratedMethodAccessor19.invoke(Unknown Source)
	at sun.reflect.DelegatingMethodAccessorImpl.invoke(Unknown Source)
	at java.lang.reflect.Method.invoke(Unknown Source)
	at org.openqa.selenium.remote.server.KnownElements$1.invoke(KnownElements.java:64)
	at com.sun.proxy.$Proxy4.click(Unknown Source)
	at org.openqa.selenium.remote.server.handler.ClickElement.call(ClickElement.java:30)
	at org.openqa.selenium.remote.server.handler.ClickElement.call(ClickElement.java:1)
	at java.util.concurrent.FutureTask.run(Unknown Source)
	at org.openqa.selenium.remote.server.DefaultSession$1.run(DefaultSession.java:176)
	at java.util.concurrent.ThreadPoolExecutor.runWorker(Unknown Source)
	at java.util.concurrent.ThreadPoolExecutor$Worker.run(Unknown Source)
	at java.lang.Thread.run(Unknown Source)
30-Mar-2017 18:49:34:645 INFO  [main] ****             -E---N---D-             ***** 
]]></system-out>
  </testcase>
</testsuite>